[0.044s] Invoking command in '/home/jetson/yahboomcar_ws/src/yahboomcar_astra/build/yahboomcar_astra': CMAKE_PREFIX_PATH=${CMAKE_PREFIX_PATH}:/opt/ros/humble /usr/bin/cmake --build /home/jetson/yahboomcar_ws/src/yahboomcar_astra/build/yahboomcar_astra -- -j6 -l6
[0.100s] -- Found ament_cmake: 1.3.11 (/opt/ros/humble/share/ament_cmake/cmake)
[0.377s] -- Found rosidl_default_generators: 1.2.0 (/opt/ros/humble/share/rosidl_default_generators/cmake)
[0.388s] -- Using all available rosidl_typesupport_c: rosidl_typesupport_fastrtps_c;rosidl_typesupport_introspection_c
[0.398s] -- Found rosidl_adapter: 3.1.6 (/opt/ros/humble/share/rosidl_adapter/cmake)
[0.467s] -- Using all available rosidl_typesupport_cpp: rosidl_typesupport_fastrtps_cpp;rosidl_typesupport_introspection_cpp
[0.510s] -- Found sensor_msgs: 4.8.0 (/opt/ros/humble/share/sensor_msgs/cmake)
[1.374s] -- Found ament_cmake_ros: 0.10.0 (/opt/ros/humble/share/ament_cmake_ros/cmake)
[2.037s] -- Using all available rosidl_typesupport_c: rosidl_typesupport_fastrtps_c;rosidl_typesupport_introspection_c
[2.928s] -- Using all available rosidl_typesupport_cpp: rosidl_typesupport_fastrtps_cpp;rosidl_typesupport_introspection_cpp
[2.984s] -- Found python_cmake_module: 0.10.0 (/opt/ros/humble/share/python_cmake_module/cmake)
[3.039s] -- Using PYTHON_EXECUTABLE: /usr/bin/python3
[3.040s] -- Using PYTHON_INCLUDE_DIRS: /usr/include/python3.10
[3.040s] -- Using PYTHON_LIBRARIES: /usr/lib/aarch64-linux-gnu/libpython3.10.so
[3.334s] -- Using numpy include directory: /home/jetson/.local/lib/python3.10/site-packages/numpy/core/include
[3.371s] -- Found ament_lint_auto: 0.12.12 (/opt/ros/humble/share/ament_lint_auto/cmake)
[3.392s] -- Added test 'copyright' to check source files copyright and LICENSE
[3.396s] -- Added test 'lint_cmake' to check CMake code style
[3.398s] -- Added test 'xmllint' to check XML markup files
[3.402s] -- Found ament_cmake: 1.3.11 (/opt/ros/humble/share/ament_cmake/cmake)
[3.699s] -- Found rclcpp: 16.0.12 (/opt/ros/humble/share/rclcpp/cmake)
[3.762s] -- Found rosidl_generator_c: 3.1.6 (/opt/ros/humble/share/rosidl_generator_c/cmake)
[3.767s] -- Found rosidl_adapter: 3.1.6 (/opt/ros/humble/share/rosidl_adapter/cmake)
[3.778s] -- Found rosidl_generator_cpp: 3.1.6 (/opt/ros/humble/share/rosidl_generator_cpp/cmake)
[3.795s] -- Using all available rosidl_typesupport_c: rosidl_typesupport_fastrtps_c;rosidl_typesupport_introspection_c
[3.815s] -- Using all available rosidl_typesupport_cpp: rosidl_typesupport_fastrtps_cpp;rosidl_typesupport_introspection_cpp
[3.870s] -- Found rmw_implementation_cmake: 6.1.2 (/opt/ros/humble/share/rmw_implementation_cmake/cmake)
[3.872s] -- Found rmw_fastrtps_cpp: 6.2.7 (/opt/ros/humble/share/rmw_fastrtps_cpp/cmake)
[4.063s] -- Using RMW implementation 'rmw_fastrtps_cpp' as default
[4.142s] -- Found rclcpp_components: 16.0.12 (/opt/ros/humble/share/rclcpp_components/cmake)
[4.171s] -- Found sensor_msgs: 4.8.0 (/opt/ros/humble/share/sensor_msgs/cmake)
[4.217s] -- Found std_srvs: 4.8.0 (/opt/ros/humble/share/std_srvs/cmake)
[4.231s] -- Found tf2: 0.25.12 (/opt/ros/humble/share/tf2/cmake)
[4.236s] -- Found tf2_ros: 0.25.12 (/opt/ros/humble/share/tf2_ros/cmake)
[4.331s] -- Found tf2_sensor_msgs: 0.25.12 (/opt/ros/humble/share/tf2_sensor_msgs/cmake)
[4.339s] -- Found camera_info_manager: 3.1.11 (/opt/ros/humble/share/camera_info_manager/cmake)
[4.350s] -- Found cv_bridge: 3.2.1 (/opt/ros/humble/share/cv_bridge/cmake)
[4.389s] -- Found image_transport: 3.1.11 (/opt/ros/humble/share/image_transport/cmake)
[4.417s] -- Found image_geometry: 3.2.1 (/opt/ros/humble/share/image_geometry/cmake)
[4.420s] -- Found image_publisher: 3.0.8 (/opt/ros/humble/share/image_publisher/cmake)
[4.444s] -- Found astra_camera_msgs: 1.0.1 (/home/jetson/yahboomcar_ros2_ws/software/library_ws/install/astra_camera_msgs/share/astra_camera_msgs/cmake)
[4.639s] -- Configuring done
[4.712s] [33mCMake Warning at CMakeLists.txt:70 (add_library):
[4.712s]   Cannot generate a safe runtime search path for target
[4.712s]   yahboomcar_astra_driver because there is a cycle in the constraint graph:
[4.713s] 
[4.713s]     dir 0 is [/usr/local/cuda-12.6/lib64]
[4.713s]     dir 1 is [/opt/ros/humble/lib]
[4.713s]       dir 2 must precede it due to runtime library [libimage_transport.so]
[4.713s]     dir 2 is [/opt/ros/humble/lib/aarch64-linux-gnu]
[4.713s]     dir 3 is [/home/jetson/yahboomcar_ros2_ws/software/library_ws/install/astra_camera_msgs/lib]
[4.713s]       dir 4 must precede it due to runtime library [libastra_camera_msgs__rosidl_typesupport_introspection_c.so]
[4.713s]     dir 4 is [/home/jetson/yahboomcar_ws/src/yahboomcar_astra/build/yahboomcar_astra/astra_camera_msgs]
[4.714s]       dir 3 must precede it due to runtime library [libastra_camera_msgs__rosidl_typesupport_fastrtps_c.so]
[4.714s]     dir 5 is [/usr/local/lib]
[4.714s] 
[4.714s]   Some of these libraries may not be found correctly.
[4.714s] 
[4.714s] [0m
[4.735s] [33mCMake Warning at CMakeLists.txt:104 (add_executable):
[4.735s]   Cannot generate a safe runtime search path for target astra_camera_node
[4.735s]   because there is a cycle in the constraint graph:
[4.735s] 
[4.735s]     dir 0 is [/usr/local/cuda-12.6/lib64]
[4.735s]     dir 1 is [/home/jetson/yahboomcar_ws/src/yahboomcar_astra/build/yahboomcar_astra]
[4.735s]     dir 2 is [/usr/local/lib]
[4.736s]     dir 3 is [/home/jetson/yahboomcar_ros2_ws/software/library_ws/install/astra_camera_msgs/lib]
[4.736s]       dir 4 must precede it due to runtime library [libastra_camera_msgs__rosidl_typesupport_introspection_c.so]
[4.736s]     dir 4 is [/home/jetson/yahboomcar_ws/src/yahboomcar_astra/build/yahboomcar_astra/astra_camera_msgs]
[4.736s]       dir 3 must precede it due to runtime library [libastra_camera_msgs__rosidl_typesupport_fastrtps_c.so]
[4.736s]     dir 5 is [/opt/ros/humble/lib]
[4.736s]       dir 6 must precede it due to runtime library [libimage_transport.so]
[4.736s]     dir 6 is [/opt/ros/humble/lib/aarch64-linux-gnu]
[4.736s] 
[4.736s]   Some of these libraries may not be found correctly.
[4.737s] 
[4.737s] [0m
[4.825s] -- Generating done
[4.871s] -- Build files have been written to: /home/jetson/yahboomcar_ws/src/yahboomcar_astra/build/yahboomcar_astra
[4.961s] [  1%] [34m[1mGenerating C code for ROS interfaces[0m
[4.983s] [  1%] [32mBuilding CXX object CMakeFiles/KCFTracker_node.dir/src/KCF_Tracker_main.cpp.o[0m
[4.984s] [  3%] [32mBuilding CXX object CMakeFiles/KCFTracker_node.dir/src/KCF_Tracker.cpp.o[0m
[4.984s] [  3%] [34m[1mGenerating C++ code for ROS interfaces[0m
[5.005s] [01m[K/home/jetson/yahboomcar_ws/src/yahboomcar_astra/src/KCF_Tracker.cpp:5:10:[m[K [01;31m[Kfatal error: [m[KKCF_Tracker.h: No such file or directory
[5.007s]     5 | #include [01;31m[K"KCF_Tracker.h"[m[K
[5.007s]       |          [01;31m[K^~~~~~~~~~~~~~~[m[K
[5.007s] compilation terminated.
[5.007s] [  3%] Built target ament_cmake_python_copy_astra_camera_msgs
[5.009s] gmake[2]: *** [CMakeFiles/KCFTracker_node.dir/build.make:90: CMakeFiles/KCFTracker_node.dir/src/KCF_Tracker.cpp.o] Error 1
[5.009s] gmake[2]: *** Waiting for unfinished jobs....
[5.064s] [01m[K/home/jetson/yahboomcar_ws/src/yahboomcar_astra/src/KCF_Tracker_main.cpp:2:10:[m[K [01;31m[Kfatal error: [m[Kros/ros.h: No such file or directory
[5.065s]     2 | #include [01;31m[K<ros/ros.h>[m[K
[5.065s]       |          [01;31m[K^~~~~~~~~~~[m[K
[5.065s] compilation terminated.
[5.065s] gmake[2]: *** [CMakeFiles/KCFTracker_node.dir/build.make:76: CMakeFiles/KCFTracker_node.dir/src/KCF_Tracker_main.cpp.o] Error 1
[5.065s] gmake[1]: *** [CMakeFiles/Makefile2:235: CMakeFiles/KCFTracker_node.dir/all] Error 2
[5.065s] gmake[1]: *** Waiting for unfinished jobs....
[5.540s] running egg_info
[5.591s] creating astra_camera_msgs.egg-info
[5.592s] writing astra_camera_msgs.egg-info/PKG-INFO
[5.592s] writing dependency_links to astra_camera_msgs.egg-info/dependency_links.txt
[5.593s] writing top-level names to astra_camera_msgs.egg-info/top_level.txt
[5.593s] writing manifest file 'astra_camera_msgs.egg-info/SOURCES.txt'
[5.742s] reading manifest file 'astra_camera_msgs.egg-info/SOURCES.txt'
[5.744s] writing manifest file 'astra_camera_msgs.egg-info/SOURCES.txt'
[5.823s] [  3%] Built target ament_cmake_python_build_astra_camera_msgs_egg
[6.703s] [  3%] Built target astra_camera_msgs__cpp
[6.773s] [  7%] [32mBuilding C object astra_camera_msgs/CMakeFiles/astra_camera_msgs__rosidl_generator_c.dir/rosidl_generator_c/astra_camera_msgs/msg/detail/extrinsics__functions.c.o[0m
[6.773s] [  7%] [32mBuilding C object astra_camera_msgs/CMakeFiles/astra_camera_msgs__rosidl_generator_c.dir/rosidl_generator_c/astra_camera_msgs/srv/detail/get_device_info__functions.c.o[0m
[6.773s] [  7%] [32mBuilding C object astra_camera_msgs/CMakeFiles/astra_camera_msgs__rosidl_generator_c.dir/rosidl_generator_c/astra_camera_msgs/msg/detail/metadata__functions.c.o[0m
[6.774s] [  7%] [32mBuilding C object astra_camera_msgs/CMakeFiles/astra_camera_msgs__rosidl_generator_c.dir/rosidl_generator_c/astra_camera_msgs/srv/detail/get_camera_info__functions.c.o[0m
[6.774s] [  8%] [32mBuilding C object astra_camera_msgs/CMakeFiles/astra_camera_msgs__rosidl_generator_c.dir/rosidl_generator_c/astra_camera_msgs/srv/detail/get_camera_params__functions.c.o[0m
[6.775s] [  8%] [32mBuilding C object astra_camera_msgs/CMakeFiles/astra_camera_msgs__rosidl_generator_c.dir/rosidl_generator_c/astra_camera_msgs/msg/detail/device_info__functions.c.o[0m
[6.894s] [  9%] [32mBuilding C object astra_camera_msgs/CMakeFiles/astra_camera_msgs__rosidl_generator_c.dir/rosidl_generator_c/astra_camera_msgs/srv/detail/get_int32__functions.c.o[0m
[6.937s] [ 10%] [32mBuilding C object astra_camera_msgs/CMakeFiles/astra_camera_msgs__rosidl_generator_c.dir/rosidl_generator_c/astra_camera_msgs/srv/detail/get_string__functions.c.o[0m
[6.957s] [ 11%] [32mBuilding C object astra_camera_msgs/CMakeFiles/astra_camera_msgs__rosidl_generator_c.dir/rosidl_generator_c/astra_camera_msgs/srv/detail/set_int32__functions.c.o[0m
[7.087s] [ 12%] [32m[1mLinking C shared library libastra_camera_msgs__rosidl_generator_c.so[0m
[7.176s] [ 12%] Built target astra_camera_msgs__rosidl_generator_c
[7.179s] gmake: *** [Makefile:146: all] Error 2
[7.184s] Invoked command in '/home/jetson/yahboomcar_ws/src/yahboomcar_astra/build/yahboomcar_astra' returned '2': CMAKE_PREFIX_PATH=${CMAKE_PREFIX_PATH}:/opt/ros/humble /usr/bin/cmake --build /home/jetson/yahboomcar_ws/src/yahboomcar_astra/build/yahboomcar_astra -- -j6 -l6
