[33mCMake Warning at CMakeLists.txt:71 (add_library):
  Cannot generate a safe runtime search path for target
  yahboomcar_astra_driver because there is a cycle in the constraint graph:

    dir 0 is [/usr/local/cuda-12.6/lib64]
    dir 1 is [/opt/ros/humble/lib]
      dir 2 must precede it due to runtime library [libimage_transport.so]
    dir 2 is [/opt/ros/humble/lib/aarch64-linux-gnu]
    dir 3 is [/home/jetson/yahboomcar_ros2_ws/software/library_ws/install/astra_camera_msgs/lib]
      dir 4 must precede it due to runtime library [libastra_camera_msgs__rosidl_typesupport_introspection_c.so]
    dir 4 is [/home/jetson/yahboomcar_ws/src/build/yahboomcar_astra/astra_camera_msgs]
      dir 3 must precede it due to runtime library [libastra_camera_msgs__rosidl_typesupport_fastrtps_c.so]
    dir 5 is [/usr/local/lib]

  Some of these libraries may not be found correctly.

[0m
[33mCMake Warning at CMakeLists.txt:105 (add_executable):
  Cannot generate a safe runtime search path for target astra_camera_node
  because there is a cycle in the constraint graph:

    dir 0 is [/usr/local/cuda-12.6/lib64]
    dir 1 is [/home/jetson/yahboomcar_ws/src/build/yahboomcar_astra]
    dir 2 is [/usr/local/lib]
    dir 3 is [/home/jetson/yahboomcar_ros2_ws/software/library_ws/install/astra_camera_msgs/lib]
      dir 4 must precede it due to runtime library [libastra_camera_msgs__rosidl_typesupport_introspection_c.so]
    dir 4 is [/home/jetson/yahboomcar_ws/src/build/yahboomcar_astra/astra_camera_msgs]
      dir 3 must precede it due to runtime library [libastra_camera_msgs__rosidl_typesupport_fastrtps_c.so]
    dir 5 is [/opt/ros/humble/lib]
      dir 6 must precede it due to runtime library [libimage_transport.so]
    dir 6 is [/opt/ros/humble/lib/aarch64-linux-gnu]

  Some of these libraries may not be found correctly.

[0m
[01m[K/home/jetson/yahboomcar_ws/src/yahboomcar_astra/src/KCF_Tracker.cpp:[m[K In lambda function:
[01m[K/home/jetson/yahboomcar_ws/src/yahboomcar_astra/src/KCF_Tracker.cpp:84:20:[m[K [01;31m[Kerror: [m[Kâ€˜[01m[Krclcpp_lifecycle[m[Kâ€™ has not been declared
   84 |             return [01;31m[Krclcpp_lifecycle[m[K::node_interfaces::SetParametersResult{true};
      |                    [01;31m[K^~~~~~~~~~~~~~~~[m[K
[01m[K/home/jetson/yahboomcar_ws/src/yahboomcar_astra/src/KCF_Tracker.cpp:84:74:[m[K [01;31m[Kerror: [m[Kexpected â€˜[01m[K;[m[Kâ€™ before â€˜[01m[K{[m[Kâ€™ token
   84 |             return rclcpp_lifecycle::node_interfaces::SetParametersResult[01;31m[K{[m[Ktrue};
      |                                                                          [01;31m[K^[m[K
      |                                                                          [32m[K;[m[K
[01m[K/home/jetson/yahboomcar_ws/src/yahboomcar_astra/src/KCF_Tracker.cpp:84:79:[m[K [01;31m[Kerror: [m[Kexpected â€˜[01m[K;[m[Kâ€™ before â€˜[01m[K}[m[Kâ€™ token
   84 |             return rclcpp_lifecycle::node_interfaces::SetParametersResult{true[01;31m[K}[m[K;
      |                                                                               [01;31m[K^[m[K
      |                                                                               [32m[K;[m[K
[01m[K/home/jetson/yahboomcar_ws/src/yahboomcar_astra/src/KCF_Tracker.cpp:[m[K In constructor â€˜[01m[KImageConverter::ImageConverter()[m[Kâ€™:
[01m[K/home/jetson/yahboomcar_ws/src/yahboomcar_astra/src/KCF_Tracker.cpp:71:41:[m[K [01;31m[Kerror: [m[Kcannot convert â€˜[01m[KImageConverter::ImageConverter()::<lambda(const std::vector<rclcpp::Parameter>&)>[m[Kâ€™ to â€˜[01m[Krclcpp::Node::OnParametersSetCallbackType[m[Kâ€™ {aka â€˜[01m[Kstd::function<rcl_interfaces::msg::SetParametersResult_<std::allocator<void> >(const std::vector<rclcpp::Parameter>&)>[m[Kâ€™}
   71 |     [01;31m[Kthis->add_on_set_parameters_callback([m[K
      |     [01;31m[K~~~~~~~~~~~~~~~~~~~~~~~~~~~~~~~~~~~~^[m[K
   72 | [01;31m[K        [this](const std::vector<rclcpp::Parameter> &params) {[m[K
      |         [01;31m[K~~~~~~~~~~~~~~~~~~~~~~~~~~~~~~~~~~~~~~~~~~~~~~~~~~~~~~[m[K
   73 | [01;31m[K            for (const auto &param : params) {[m[K
      |             [01;31m[K~~~~~~~~~~~~~~~~~~~~~~~~~~~~~~~~~~[m[K
   74 | [01;31m[K                if (param.get_name() == "linear_KP") this->linear_PID->kp = param.as_double();[m[K
      |                 [01;31m[K~~~~~~~~~~~~~~~~~~~~~~~~~~~~~~~~~~~~~~~~~~~~~~~~~~~~~~~~~~~~~~~~~~~~~~~~~~~~~~[m[K
   75 | [01;31m[K                if (param.get_name() == "linear_KI") this->linear_PID->ki = param.as_double();[m[K
      |                 [01;31m[K~~~~~~~~~~~~~~~~~~~~~~~~~~~~~~~~~~~~~~~~~~~~~~~~~~~~~~~~~~~~~~~~~~~~~~~~~~~~~~[m[K
   76 | [01;31m[K                if (param.get_name() == "linear_KD") this->linear_PID->kd = param.as_double();[m[K
      |                 [01;31m[K~~~~~~~~~~~~~~~~~~~~~~~~~~~~~~~~~~~~~~~~~~~~~~~~~~~~~~~~~~~~~~~~~~~~~~~~~~~~~~[m[K
   77 | [01;31m[K                if (param.get_name() == "angular_KP") this->angular_PID->kp = param.as_double();[m[K
      |                 [01;31m[K~~~~~~~~~~~~~~~~~~~~~~~~~~~~~~~~~~~~~~~~~~~~~~~~~~~~~~~~~~~~~~~~~~~~~~~~~~~~~~~~[m[K
   78 | [01;31m[K                if (param.get_name() == "angular_KI") this->angular_PID->ki = param.as_double();[m[K
      |                 [01;31m[K~~~~~~~~~~~~~~~~~~~~~~~~~~~~~~~~~~~~~~~~~~~~~~~~~~~~~~~~~~~~~~~~~~~~~~~~~~~~~~~~[m[K
   79 | [01;31m[K                if (param.get_name() == "angular_KD") this->angular_PID->kd = param.as_double();[m[K
      |                 [01;31m[K~~~~~~~~~~~~~~~~~~~~~~~~~~~~~~~~~~~~~~~~~~~~~~~~~~~~~~~~~~~~~~~~~~~~~~~~~~~~~~~~[m[K
   80 | [01;31m[K                if (param.get_name() == "minDist") this->minDist = param.as_double();[m[K
      |                 [01;31m[K~~~~~~~~~~~~~~~~~~~~~~~~~~~~~~~~~~~~~~~~~~~~~~~~~~~~~~~~~~~~~~~~~~~~~[m[K
   81 | [01;31m[K            }[m[K
      |             [01;31m[K~[m[K                            
   82 | [01;31m[K            this->linear_PID->reset();[m[K
      |             [01;31m[K~~~~~~~~~~~~~~~~~~~~~~~~~~[m[K   
   83 | [01;31m[K            this->angular_PID->reset();[m[K
      |             [01;31m[K~~~~~~~~~~~~~~~~~~~~~~~~~~~[m[K  
   84 | [01;31m[K            return rclcpp_lifecycle::node_interfaces::SetParametersResult{true};[m[K
      |             [01;31m[K~~~~~~~~~~~~~~~~~~~~~~~~~~~~~~~~~~~~~~~~~~~~~~~~~~~~~~~~~~~~~~~~~~~~[m[K
   85 | [01;31m[K        })[m[K;
      |         [01;31m[K~~[m[K                               
In file included from [01m[K/opt/ros/humble/include/rclcpp/rclcpp/executors/single_threaded_executor.hpp:28[m[K,
                 from [01m[K/opt/ros/humble/include/rclcpp/rclcpp/executors.hpp:22[m[K,
                 from [01m[K/opt/ros/humble/include/rclcpp/rclcpp/rclcpp.hpp:155[m[K,
                 from [01m[K/home/jetson/yahboomcar_ws/src/yahboomcar_astra/include/yahboomcar_astra/KCF_Tracker.h:19[m[K,
                 from [01m[K/home/jetson/yahboomcar_ws/src/yahboomcar_astra/src/KCF_Tracker.cpp:5[m[K:
[01m[K/opt/ros/humble/include/rclcpp/rclcpp/node.hpp:934:62:[m[K [01;36m[Knote: [m[K  initializing argument 1 of â€˜[01m[Krclcpp::node_interfaces::OnSetParametersCallbackHandle::SharedPtr rclcpp::Node::add_on_set_parameters_callback(rclcpp::Node::OnParametersSetCallbackType)[m[Kâ€™
  934 |   add_on_set_parameters_callback([01;36m[KOnParametersSetCallbackType callback[m[K);
      |                                  [01;36m[K~~~~~~~~~~~~~~~~~~~~~~~~~~~~^~~~~~~~[m[K
gmake[2]: *** [CMakeFiles/KCFTracker_node.dir/build.make:90: CMakeFiles/KCFTracker_node.dir/src/KCF_Tracker.cpp.o] Error 1
gmake[1]: *** [CMakeFiles/Makefile2:235: CMakeFiles/KCFTracker_node.dir/all] Error 2
gmake[1]: *** Waiting for unfinished jobs....
/usr/bin/ld: libyahboomcar_astra_driver.so: undefined reference to `oniDeviceIsPropertySupported'
/usr/bin/ld: libyahboomcar_astra_driver.so: undefined reference to `uvc_get_ctrl'
/usr/bin/ld: libyahboomcar_astra_driver.so: undefined reference to `uvc_perror'
/usr/bin/ld: libyahboomcar_astra_driver.so: undefined reference to `uvc_get_roll_abs'
/usr/bin/ld: libyahboomcar_astra_driver.so: undefined reference to `google::LogMessageFatal::LogMessageFatal(char const*, int)'
/usr/bin/ld: libyahboomcar_astra_driver.so: undefined reference to `uvc_free_frame'
/usr/bin/ld: libyahboomcar_astra_driver.so: undefined reference to `uvc_get_stream_ctrl_format_size'
/usr/bin/ld: libyahboomcar_astra_driver.so: undefined reference to `oniDeviceIsCommandSupported'
/usr/bin/ld: libyahboomcar_astra_driver.so: undefined reference to `google::base::CheckOpMessageBuilder::CheckOpMessageBuilder(char const*)'
/usr/bin/ld: libyahboomcar_astra_driver.so: undefined reference to `oniInitialize'
/usr/bin/ld: libyahboomcar_astra_driver.so: undefined reference to `oniShutdown'
/usr/bin/ld: libyahboomcar_astra_driver.so: undefined reference to `google::base::CheckOpMessageBuilder::~CheckOpMessageBuilder()'
/usr/bin/ld: libyahboomcar_astra_driver.so: undefined reference to `uvc_open'
/usr/bin/ld: libyahboomcar_astra_driver.so: undefined reference to `uvc_strerror'
/usr/bin/ld: libyahboomcar_astra_driver.so: undefined reference to `uvc_any2bgr'
/usr/bin/ld: libyahboomcar_astra_driver.so: undefined reference to `oniDeviceEnableDepthColorSync'
/usr/bin/ld: libyahboomcar_astra_driver.so: undefined reference to `uvc_get_exposure_abs'
/usr/bin/ld: libyahboomcar_astra_driver.so: undefined reference to `oniStreamStop'
/usr/bin/ld: libyahboomcar_astra_driver.so: undefined reference to `uvc_exit'
/usr/bin/ld: libyahboomcar_astra_driver.so: undefined reference to `uvc_mjpeg2rgb'
/usr/bin/ld: libyahboomcar_astra_driver.so: undefined reference to `oniDeviceGetSensorInfo'
/usr/bin/ld: libyahboomcar_astra_driver.so: undefined reference to `uvc_set_ctrl'
/usr/bin/ld: libyahboomcar_astra_driver.so: undefined reference to `google::LogMessageFatal::LogMessageFatal(char const*, int, google::CheckOpString const&)'
/usr/bin/ld: libyahboomcar_astra_driver.so: undefined reference to `uvc_get_device_address'
/usr/bin/ld: libyahboomcar_astra_driver.so: undefined reference to `uvc_allocate_frame'
/usr/bin/ld: libyahboomcar_astra_driver.so: undefined reference to `oniDeviceClose'
/usr/bin/ld: libyahboomcar_astra_driver.so: undefined reference to `uvc_get_gain'
/usr/bin/ld: libyahboomcar_astra_driver.so: undefined reference to `oniFrameRelease'
/usr/bin/ld: libyahboomcar_astra_driver.so: undefined reference to `uvc_stop_streaming'
/usr/bin/ld: libyahboomcar_astra_driver.so: undefined reference to `uvc_init'
/usr/bin/ld: libyahboomcar_astra_driver.so: undefined reference to `oniDeviceGetInfo'
/usr/bin/ld: libyahboomcar_astra_driver.so: undefined reference to `oniDeviceIsImageRegistrationModeSupported'
/usr/bin/ld: libyahboomcar_astra_driver.so: undefined reference to `oniRegisterDeviceCallbacks'
/usr/bin/ld: libyahboomcar_astra_driver.so: undefined reference to `oniStreamGetProperty'
/usr/bin/ld: libyahboomcar_astra_driver.so: undefined reference to `google::base::CheckOpMessageBuilder::ForVar2()'
/usr/bin/ld: libyahboomcar_astra_driver.so: undefined reference to `oniDeviceSetProperty'
/usr/bin/ld: libyahboomcar_astra_driver.so: undefined reference to `uvc_close'
/usr/bin/ld: libyahboomcar_astra_driver.so: undefined reference to `oniReleaseDeviceList'
/usr/bin/ld: libyahboomcar_astra_driver.so: undefined reference to `oniStreamDestroy'
/usr/bin/ld: libyahboomcar_astra_driver.so: undefined reference to `uvc_unref_device'
/usr/bin/ld: libyahboomcar_astra_driver.so: undefined reference to `oniStreamStart'
/usr/bin/ld: libyahboomcar_astra_driver.so: undefined reference to `oniDeviceCreateStream'
/usr/bin/ld: libyahboomcar_astra_driver.so: undefined reference to `uvc_set_ae_mode'
/usr/bin/ld: libyahboomcar_astra_driver.so: undefined reference to `oniUnregisterDeviceCallbacks'
/usr/bin/ld: libyahboomcar_astra_driver.so: undefined reference to `oniStreamReadFrame'
/usr/bin/ld: libyahboomcar_astra_driver.so: undefined reference to `oniDeviceDisableDepthColorSync'
/usr/bin/ld: libyahboomcar_astra_driver.so: undefined reference to `oniWaitForAnyStream'
/usr/bin/ld: libyahboomcar_astra_driver.so: undefined reference to `uvc_get_white_balance_temperature'
/usr/bin/ld: libyahboomcar_astra_driver.so: undefined reference to `oniStreamSetProperty'
/usr/bin/ld: libyahboomcar_astra_driver.so: undefined reference to `oniDeviceOpen'
/usr/bin/ld: libyahboomcar_astra_driver.so: undefined reference to `uvc_set_gain'
/usr/bin/ld: libyahboomcar_astra_driver.so: undefined reference to `oniStreamGetSensorInfo'
/usr/bin/ld: libyahboomcar_astra_driver.so: undefined reference to `uvc_set_status_callback'
/usr/bin/ld: libyahboomcar_astra_driver.so: undefined reference to `uvc_set_exposure_abs'
/usr/bin/ld: libyahboomcar_astra_driver.so: undefined reference to `oniGetDeviceList'
/usr/bin/ld: libyahboomcar_astra_driver.so: undefined reference to `uvc_get_processing_units'
/usr/bin/ld: libyahboomcar_astra_driver.so: undefined reference to `oniStreamIsPropertySupported'
/usr/bin/ld: libyahboomcar_astra_driver.so: undefined reference to `uvc_start_streaming'
/usr/bin/ld: libyahboomcar_astra_driver.so: undefined reference to `uvc_set_roll_abs'
/usr/bin/ld: libyahboomcar_astra_driver.so: undefined reference to `google::LogMessageFatal::~LogMessageFatal()'
/usr/bin/ld: libyahboomcar_astra_driver.so: undefined reference to `oniGetExtendedError'
/usr/bin/ld: libyahboomcar_astra_driver.so: undefined reference to `google::base::CheckOpMessageBuilder::NewString[abi:cxx11]()'
/usr/bin/ld: libyahboomcar_astra_driver.so: undefined reference to `google::LogMessage::stream()'
/usr/bin/ld: libyahboomcar_astra_driver.so: undefined reference to `uvc_set_white_balance_temperature_auto'
/usr/bin/ld: libyahboomcar_astra_driver.so: undefined reference to `oniDeviceGetProperty'
/usr/bin/ld: libyahboomcar_astra_driver.so: undefined reference to `uvc_find_device'
/usr/bin/ld: libyahboomcar_astra_driver.so: undefined reference to `uvc_yuyv2bgr'
/usr/bin/ld: libyahboomcar_astra_driver.so: undefined reference to `uvc_get_bus_number'
collect2: error: ld returned 1 exit status
gmake[2]: *** [CMakeFiles/astra_camera_node.dir/build.make:343: astra_camera_node] Error 1
gmake[1]: *** [CMakeFiles/Makefile2:209: CMakeFiles/astra_camera_node.dir/all] Error 2
gmake: *** [Makefile:146: all] Error 2
