-- Found ament_cmake: 1.3.11 (/opt/ros/humble/share/ament_cmake/cmake)
-- Found rosidl_default_generators: 1.2.0 (/opt/ros/humble/share/rosidl_default_generators/cmake)
-- Using all available rosidl_typesupport_c: rosidl_typesupport_fastrtps_c;rosidl_typesupport_introspection_c
-- Found rosidl_adapter: 3.1.6 (/opt/ros/humble/share/rosidl_adapter/cmake)
-- Using all available rosidl_typesupport_cpp: rosidl_typesupport_fastrtps_cpp;rosidl_typesupport_introspection_cpp
-- Found sensor_msgs: 4.8.0 (/opt/ros/humble/share/sensor_msgs/cmake)
-- Found ament_cmake_ros: 0.10.0 (/opt/ros/humble/share/ament_cmake_ros/cmake)
-- Using all available rosidl_typesupport_c: rosidl_typesupport_fastrtps_c;rosidl_typesupport_introspection_c
-- Using all available rosidl_typesupport_cpp: rosidl_typesupport_fastrtps_cpp;rosidl_typesupport_introspection_cpp
-- Found python_cmake_module: 0.10.0 (/opt/ros/humble/share/python_cmake_module/cmake)
-- Using PYTHON_EXECUTABLE: /usr/bin/python3
-- Using PYTHON_INCLUDE_DIRS: /usr/include/python3.10
-- Using PYTHON_LIBRARIES: /usr/lib/aarch64-linux-gnu/libpython3.10.so
-- Using numpy include directory: /home/jetson/.local/lib/python3.10/site-packages/numpy/core/include
-- Found ament_lint_auto: 0.12.12 (/opt/ros/humble/share/ament_lint_auto/cmake)
-- Added test 'copyright' to check source files copyright and LICENSE
-- Added test 'lint_cmake' to check CMake code style
-- Added test 'xmllint' to check XML markup files
-- Found ament_cmake: 1.3.11 (/opt/ros/humble/share/ament_cmake/cmake)
-- Found rclcpp: 16.0.12 (/opt/ros/humble/share/rclcpp/cmake)
-- Found rosidl_generator_c: 3.1.6 (/opt/ros/humble/share/rosidl_generator_c/cmake)
-- Found rosidl_adapter: 3.1.6 (/opt/ros/humble/share/rosidl_adapter/cmake)
-- Found rosidl_generator_cpp: 3.1.6 (/opt/ros/humble/share/rosidl_generator_cpp/cmake)
-- Using all available rosidl_typesupport_c: rosidl_typesupport_fastrtps_c;rosidl_typesupport_introspection_c
-- Using all available rosidl_typesupport_cpp: rosidl_typesupport_fastrtps_cpp;rosidl_typesupport_introspection_cpp
-- Found rmw_implementation_cmake: 6.1.2 (/opt/ros/humble/share/rmw_implementation_cmake/cmake)
-- Found rmw_fastrtps_cpp: 6.2.7 (/opt/ros/humble/share/rmw_fastrtps_cpp/cmake)
-- Using RMW implementation 'rmw_fastrtps_cpp' as default
-- Found rclcpp_components: 16.0.12 (/opt/ros/humble/share/rclcpp_components/cmake)
-- Found sensor_msgs: 4.8.0 (/opt/ros/humble/share/sensor_msgs/cmake)
-- Found std_srvs: 4.8.0 (/opt/ros/humble/share/std_srvs/cmake)
-- Found tf2: 0.25.12 (/opt/ros/humble/share/tf2/cmake)
-- Found tf2_ros: 0.25.12 (/opt/ros/humble/share/tf2_ros/cmake)
-- Found tf2_sensor_msgs: 0.25.12 (/opt/ros/humble/share/tf2_sensor_msgs/cmake)
-- Found camera_info_manager: 3.1.11 (/opt/ros/humble/share/camera_info_manager/cmake)
-- Found cv_bridge: 3.2.1 (/opt/ros/humble/share/cv_bridge/cmake)
-- Found image_transport: 3.1.11 (/opt/ros/humble/share/image_transport/cmake)
-- Found image_geometry: 3.2.1 (/opt/ros/humble/share/image_geometry/cmake)
-- Found image_publisher: 3.0.8 (/opt/ros/humble/share/image_publisher/cmake)
-- Found astra_camera_msgs: 1.0.1 (/home/jetson/yahboomcar_ros2_ws/software/library_ws/install/astra_camera_msgs/share/astra_camera_msgs/cmake)
-- Configuring done
[33mCMake Warning at CMakeLists.txt:71 (add_library):
  Cannot generate a safe runtime search path for target
  yahboomcar_astra_driver because there is a cycle in the constraint graph:

    dir 0 is [/usr/local/cuda-12.6/lib64]
    dir 1 is [/opt/ros/humble/lib]
      dir 2 must precede it due to runtime library [libimage_transport.so]
    dir 2 is [/opt/ros/humble/lib/aarch64-linux-gnu]
    dir 3 is [/home/jetson/yahboomcar_ros2_ws/software/library_ws/install/astra_camera_msgs/lib]
      dir 4 must precede it due to runtime library [libastra_camera_msgs__rosidl_typesupport_introspection_c.so]
    dir 4 is [/home/jetson/yahboomcar_ws/src/build/yahboomcar_astra/astra_camera_msgs]
      dir 3 must precede it due to runtime library [libastra_camera_msgs__rosidl_typesupport_fastrtps_c.so]
    dir 5 is [/usr/local/lib]

  Some of these libraries may not be found correctly.

[0m
[33mCMake Warning at CMakeLists.txt:105 (add_executable):
  Cannot generate a safe runtime search path for target astra_camera_node
  because there is a cycle in the constraint graph:

    dir 0 is [/usr/local/cuda-12.6/lib64]
    dir 1 is [/home/jetson/yahboomcar_ws/src/build/yahboomcar_astra]
    dir 2 is [/usr/local/lib]
    dir 3 is [/home/jetson/yahboomcar_ros2_ws/software/library_ws/install/astra_camera_msgs/lib]
      dir 4 must precede it due to runtime library [libastra_camera_msgs__rosidl_typesupport_introspection_c.so]
    dir 4 is [/home/jetson/yahboomcar_ws/src/build/yahboomcar_astra/astra_camera_msgs]
      dir 3 must precede it due to runtime library [libastra_camera_msgs__rosidl_typesupport_fastrtps_c.so]
    dir 5 is [/opt/ros/humble/lib]
      dir 6 must precede it due to runtime library [libimage_transport.so]
    dir 6 is [/opt/ros/humble/lib/aarch64-linux-gnu]

  Some of these libraries may not be found correctly.

[0m
-- Generating done
-- Build files have been written to: /home/jetson/yahboomcar_ws/src/build/yahboomcar_astra
[35m[1mConsolidate compiler generated dependencies of target astra_camera_msgs__rosidl_generator_c[0m
[  1%] [32mBuilding CXX object CMakeFiles/KCFTracker_node.dir/src/KCF_Tracker_main.cpp.o[0m
[  1%] Built target astra_camera_msgs__cpp
[  2%] [32mBuilding CXX object CMakeFiles/KCFTracker_node.dir/src/KCF_Tracker.cpp.o[0m
[  3%] Built target ament_cmake_python_copy_astra_camera_msgs
[ 12%] Built target astra_camera_msgs__rosidl_generator_c
[35m[1mConsolidate compiler generated dependencies of target astra_camera_msgs__rosidl_typesupport_cpp[0m
[35m[1mConsolidate compiler generated dependencies of target astra_camera_msgs__rosidl_typesupport_introspection_cpp[0m
[35m[1mConsolidate compiler generated dependencies of target astra_camera_msgs__rosidl_typesupport_fastrtps_cpp[0m
[ 21%] Built target astra_camera_msgs__rosidl_typesupport_introspection_cpp
[ 30%] Built target astra_camera_msgs__rosidl_typesupport_cpp
[ 39%] Built target astra_camera_msgs__rosidl_typesupport_fastrtps_cpp
[35m[1mConsolidate compiler generated dependencies of target astra_camera_msgs__rosidl_typesupport_introspection_c[0m
[35m[1mConsolidate compiler generated dependencies of target astra_camera_msgs__rosidl_typesupport_fastrtps_c[0m
[35m[1mConsolidate compiler generated dependencies of target astra_camera_msgs__rosidl_typesupport_c[0m
[ 49%] Built target astra_camera_msgs__rosidl_typesupport_introspection_c
[ 59%] Built target astra_camera_msgs__rosidl_typesupport_c
[35m[1mConsolidate compiler generated dependencies of target yahboomcar_astra_driver[0m
[ 69%] Built target astra_camera_msgs__rosidl_typesupport_fastrtps_c
[ 69%] Built target astra_camera_msgs
[ 70%] [34m[1mGenerating Python code for ROS interfaces[0m
[ 83%] Built target yahboomcar_astra_driver
[ 84%] [32mBuilding CXX object CMakeFiles/astra_camera_node.dir/src/main.cpp.o[0m
running egg_info
writing astra_camera_msgs.egg-info/PKG-INFO
writing dependency_links to astra_camera_msgs.egg-info/dependency_links.txt
writing top-level names to astra_camera_msgs.egg-info/top_level.txt
reading manifest file 'astra_camera_msgs.egg-info/SOURCES.txt'
writing manifest file 'astra_camera_msgs.egg-info/SOURCES.txt'
[ 84%] Built target ament_cmake_python_build_astra_camera_msgs_egg
[ 84%] Built target astra_camera_msgs__py
[ 84%] [32mBuilding C object astra_camera_msgs/CMakeFiles/astra_camera_msgs__rosidl_generator_py.dir/rosidl_generator_py/astra_camera_msgs/msg/_device_info_s.c.o[0m
[ 85%] [32mBuilding C object astra_camera_msgs/CMakeFiles/astra_camera_msgs__rosidl_generator_py.dir/rosidl_generator_py/astra_camera_msgs/msg/_extrinsics_s.c.o[0m
[ 86%] [32mBuilding C object astra_camera_msgs/CMakeFiles/astra_camera_msgs__rosidl_generator_py.dir/rosidl_generator_py/astra_camera_msgs/msg/_metadata_s.c.o[0m
[ 87%] [32mBuilding C object astra_camera_msgs/CMakeFiles/astra_camera_msgs__rosidl_generator_py.dir/rosidl_generator_py/astra_camera_msgs/srv/_get_device_info_s.c.o[0m
[ 88%] [32mBuilding C object astra_camera_msgs/CMakeFiles/astra_camera_msgs__rosidl_generator_py.dir/rosidl_generator_py/astra_camera_msgs/srv/_get_camera_info_s.c.o[0m
[ 89%] [32mBuilding C object astra_camera_msgs/CMakeFiles/astra_camera_msgs__rosidl_generator_py.dir/rosidl_generator_py/astra_camera_msgs/srv/_get_camera_params_s.c.o[0m
[ 90%] [32mBuilding C object astra_camera_msgs/CMakeFiles/astra_camera_msgs__rosidl_generator_py.dir/rosidl_generator_py/astra_camera_msgs/srv/_get_int32_s.c.o[0m
[ 91%] [32mBuilding C object astra_camera_msgs/CMakeFiles/astra_camera_msgs__rosidl_generator_py.dir/rosidl_generator_py/astra_camera_msgs/srv/_get_string_s.c.o[0m
[ 91%] [32mBuilding C object astra_camera_msgs/CMakeFiles/astra_camera_msgs__rosidl_generator_py.dir/rosidl_generator_py/astra_camera_msgs/srv/_set_int32_s.c.o[0m
[ 92%] [32m[1mLinking C shared library rosidl_generator_py/astra_camera_msgs/libastra_camera_msgs__rosidl_generator_py.so[0m
[ 92%] Built target astra_camera_msgs__rosidl_generator_py
[ 93%] [32mBuilding C object astra_camera_msgs/CMakeFiles/astra_camera_msgs__rosidl_typesupport_introspection_c__pyext.dir/rosidl_generator_py/astra_camera_msgs/_astra_camera_msgs_s.ep.rosidl_typesupport_introspection_c.c.o[0m
[ 94%] [32mBuilding C object astra_camera_msgs/CMakeFiles/astra_camera_msgs__rosidl_typesupport_fastrtps_c__pyext.dir/rosidl_generator_py/astra_camera_msgs/_astra_camera_msgs_s.ep.rosidl_typesupport_fastrtps_c.c.o[0m
[ 95%] [32mBuilding C object astra_camera_msgs/CMakeFiles/astra_camera_msgs__rosidl_typesupport_c__pyext.dir/rosidl_generator_py/astra_camera_msgs/_astra_camera_msgs_s.ep.rosidl_typesupport_c.c.o[0m
[ 96%] [32m[1mLinking C shared library rosidl_generator_py/astra_camera_msgs/astra_camera_msgs_s__rosidl_typesupport_introspection_c.cpython-310-aarch64-linux-gnu.so[0m
[ 97%] [32m[1mLinking C shared library rosidl_generator_py/astra_camera_msgs/astra_camera_msgs_s__rosidl_typesupport_fastrtps_c.cpython-310-aarch64-linux-gnu.so[0m
[ 98%] [32m[1mLinking C shared library rosidl_generator_py/astra_camera_msgs/astra_camera_msgs_s__rosidl_typesupport_c.cpython-310-aarch64-linux-gnu.so[0m
[ 98%] Built target astra_camera_msgs__rosidl_typesupport_introspection_c__pyext
[ 98%] Built target astra_camera_msgs__rosidl_typesupport_fastrtps_c__pyext
[ 98%] Built target astra_camera_msgs__rosidl_typesupport_c__pyext
[01m[K/home/jetson/yahboomcar_ws/src/yahboomcar_astra/src/KCF_Tracker.cpp:[m[K In lambda function:
[01m[K/home/jetson/yahboomcar_ws/src/yahboomcar_astra/src/KCF_Tracker.cpp:84:20:[m[K [01;31m[Kerror: [m[Kâ€˜[01m[Krclcpp_lifecycle[m[Kâ€™ has not been declared
   84 |             return [01;31m[Krclcpp_lifecycle[m[K::node_interfaces::SetParametersResult{true};
      |                    [01;31m[K^~~~~~~~~~~~~~~~[m[K
[01m[K/home/jetson/yahboomcar_ws/src/yahboomcar_astra/src/KCF_Tracker.cpp:84:74:[m[K [01;31m[Kerror: [m[Kexpected â€˜[01m[K;[m[Kâ€™ before â€˜[01m[K{[m[Kâ€™ token
   84 |             return rclcpp_lifecycle::node_interfaces::SetParametersResult[01;31m[K{[m[Ktrue};
      |                                                                          [01;31m[K^[m[K
      |                                                                          [32m[K;[m[K
[01m[K/home/jetson/yahboomcar_ws/src/yahboomcar_astra/src/KCF_Tracker.cpp:84:79:[m[K [01;31m[Kerror: [m[Kexpected â€˜[01m[K;[m[Kâ€™ before â€˜[01m[K}[m[Kâ€™ token
   84 |             return rclcpp_lifecycle::node_interfaces::SetParametersResult{true[01;31m[K}[m[K;
      |                                                                               [01;31m[K^[m[K
      |                                                                               [32m[K;[m[K
[01m[K/home/jetson/yahboomcar_ws/src/yahboomcar_astra/src/KCF_Tracker.cpp:[m[K In constructor â€˜[01m[KImageConverter::ImageConverter()[m[Kâ€™:
[01m[K/home/jetson/yahboomcar_ws/src/yahboomcar_astra/src/KCF_Tracker.cpp:71:41:[m[K [01;31m[Kerror: [m[Kcannot convert â€˜[01m[KImageConverter::ImageConverter()::<lambda(const std::vector<rclcpp::Parameter>&)>[m[Kâ€™ to â€˜[01m[Krclcpp::Node::OnParametersSetCallbackType[m[Kâ€™ {aka â€˜[01m[Kstd::function<rcl_interfaces::msg::SetParametersResult_<std::allocator<void> >(const std::vector<rclcpp::Parameter>&)>[m[Kâ€™}
   71 |     [01;31m[Kthis->add_on_set_parameters_callback([m[K
      |     [01;31m[K~~~~~~~~~~~~~~~~~~~~~~~~~~~~~~~~~~~~^[m[K
   72 | [01;31m[K        [this](const std::vector<rclcpp::Parameter> &params) {[m[K
      |         [01;31m[K~~~~~~~~~~~~~~~~~~~~~~~~~~~~~~~~~~~~~~~~~~~~~~~~~~~~~~[m[K
   73 | [01;31m[K            for (const auto &param : params) {[m[K
      |             [01;31m[K~~~~~~~~~~~~~~~~~~~~~~~~~~~~~~~~~~[m[K
   74 | [01;31m[K                if (param.get_name() == "linear_KP") this->linear_PID->kp = param.as_double();[m[K
      |                 [01;31m[K~~~~~~~~~~~~~~~~~~~~~~~~~~~~~~~~~~~~~~~~~~~~~~~~~~~~~~~~~~~~~~~~~~~~~~~~~~~~~~[m[K
   75 | [01;31m[K                if (param.get_name() == "linear_KI") this->linear_PID->ki = param.as_double();[m[K
      |                 [01;31m[K~~~~~~~~~~~~~~~~~~~~~~~~~~~~~~~~~~~~~~~~~~~~~~~~~~~~~~~~~~~~~~~~~~~~~~~~~~~~~~[m[K
   76 | [01;31m[K                if (param.get_name() == "linear_KD") this->linear_PID->kd = param.as_double();[m[K
      |                 [01;31m[K~~~~~~~~~~~~~~~~~~~~~~~~~~~~~~~~~~~~~~~~~~~~~~~~~~~~~~~~~~~~~~~~~~~~~~~~~~~~~~[m[K
   77 | [01;31m[K                if (param.get_name() == "angular_KP") this->angular_PID->kp = param.as_double();[m[K
      |                 [01;31m[K~~~~~~~~~~~~~~~~~~~~~~~~~~~~~~~~~~~~~~~~~~~~~~~~~~~~~~~~~~~~~~~~~~~~~~~~~~~~~~~~[m[K
   78 | [01;31m[K                if (param.get_name() == "angular_KI") this->angular_PID->ki = param.as_double();[m[K
      |                 [01;31m[K~~~~~~~~~~~~~~~~~~~~~~~~~~~~~~~~~~~~~~~~~~~~~~~~~~~~~~~~~~~~~~~~~~~~~~~~~~~~~~~~[m[K
   79 | [01;31m[K                if (param.get_name() == "angular_KD") this->angular_PID->kd = param.as_double();[m[K
      |                 [01;31m[K~~~~~~~~~~~~~~~~~~~~~~~~~~~~~~~~~~~~~~~~~~~~~~~~~~~~~~~~~~~~~~~~~~~~~~~~~~~~~~~~[m[K
   80 | [01;31m[K                if (param.get_name() == "minDist") this->minDist = param.as_double();[m[K
      |                 [01;31m[K~~~~~~~~~~~~~~~~~~~~~~~~~~~~~~~~~~~~~~~~~~~~~~~~~~~~~~~~~~~~~~~~~~~~~[m[K
   81 | [01;31m[K            }[m[K
      |             [01;31m[K~[m[K                            
   82 | [01;31m[K            this->linear_PID->reset();[m[K
      |             [01;31m[K~~~~~~~~~~~~~~~~~~~~~~~~~~[m[K   
   83 | [01;31m[K            this->angular_PID->reset();[m[K
      |             [01;31m[K~~~~~~~~~~~~~~~~~~~~~~~~~~~[m[K  
   84 | [01;31m[K            return rclcpp_lifecycle::node_interfaces::SetParametersResult{true};[m[K
      |             [01;31m[K~~~~~~~~~~~~~~~~~~~~~~~~~~~~~~~~~~~~~~~~~~~~~~~~~~~~~~~~~~~~~~~~~~~~[m[K
   85 | [01;31m[K        })[m[K;
      |         [01;31m[K~~[m[K                               
In file included from [01m[K/opt/ros/humble/include/rclcpp/rclcpp/executors/single_threaded_executor.hpp:28[m[K,
                 from [01m[K/opt/ros/humble/include/rclcpp/rclcpp/executors.hpp:22[m[K,
                 from [01m[K/opt/ros/humble/include/rclcpp/rclcpp/rclcpp.hpp:155[m[K,
                 from [01m[K/home/jetson/yahboomcar_ws/src/yahboomcar_astra/include/yahboomcar_astra/KCF_Tracker.h:19[m[K,
                 from [01m[K/home/jetson/yahboomcar_ws/src/yahboomcar_astra/src/KCF_Tracker.cpp:5[m[K:
[01m[K/opt/ros/humble/include/rclcpp/rclcpp/node.hpp:934:62:[m[K [01;36m[Knote: [m[K  initializing argument 1 of â€˜[01m[Krclcpp::node_interfaces::OnSetParametersCallbackHandle::SharedPtr rclcpp::Node::add_on_set_parameters_callback(rclcpp::Node::OnParametersSetCallbackType)[m[Kâ€™
  934 |   add_on_set_parameters_callback([01;36m[KOnParametersSetCallbackType callback[m[K);
      |                                  [01;36m[K~~~~~~~~~~~~~~~~~~~~~~~~~~~~^~~~~~~~[m[K
gmake[2]: *** [CMakeFiles/KCFTracker_node.dir/build.make:90: CMakeFiles/KCFTracker_node.dir/src/KCF_Tracker.cpp.o] Error 1
gmake[1]: *** [CMakeFiles/Makefile2:235: CMakeFiles/KCFTracker_node.dir/all] Error 2
gmake[1]: *** Waiting for unfinished jobs....
[ 99%] [32m[1mLinking CXX executable astra_camera_node[0m
/usr/bin/ld: libyahboomcar_astra_driver.so: undefined reference to `oniDeviceIsPropertySupported'
/usr/bin/ld: libyahboomcar_astra_driver.so: undefined reference to `uvc_get_ctrl'
/usr/bin/ld: libyahboomcar_astra_driver.so: undefined reference to `uvc_perror'
/usr/bin/ld: libyahboomcar_astra_driver.so: undefined reference to `uvc_get_roll_abs'
/usr/bin/ld: libyahboomcar_astra_driver.so: undefined reference to `google::LogMessageFatal::LogMessageFatal(char const*, int)'
/usr/bin/ld: libyahboomcar_astra_driver.so: undefined reference to `uvc_free_frame'
/usr/bin/ld: libyahboomcar_astra_driver.so: undefined reference to `uvc_get_stream_ctrl_format_size'
/usr/bin/ld: libyahboomcar_astra_driver.so: undefined reference to `oniDeviceIsCommandSupported'
/usr/bin/ld: libyahboomcar_astra_driver.so: undefined reference to `google::base::CheckOpMessageBuilder::CheckOpMessageBuilder(char const*)'
/usr/bin/ld: libyahboomcar_astra_driver.so: undefined reference to `oniInitialize'
/usr/bin/ld: libyahboomcar_astra_driver.so: undefined reference to `oniShutdown'
/usr/bin/ld: libyahboomcar_astra_driver.so: undefined reference to `google::base::CheckOpMessageBuilder::~CheckOpMessageBuilder()'
/usr/bin/ld: libyahboomcar_astra_driver.so: undefined reference to `uvc_open'
/usr/bin/ld: libyahboomcar_astra_driver.so: undefined reference to `uvc_strerror'
/usr/bin/ld: libyahboomcar_astra_driver.so: undefined reference to `uvc_any2bgr'
/usr/bin/ld: libyahboomcar_astra_driver.so: undefined reference to `oniDeviceEnableDepthColorSync'
/usr/bin/ld: libyahboomcar_astra_driver.so: undefined reference to `uvc_get_exposure_abs'
/usr/bin/ld: libyahboomcar_astra_driver.so: undefined reference to `oniStreamStop'
/usr/bin/ld: libyahboomcar_astra_driver.so: undefined reference to `uvc_exit'
/usr/bin/ld: libyahboomcar_astra_driver.so: undefined reference to `uvc_mjpeg2rgb'
/usr/bin/ld: libyahboomcar_astra_driver.so: undefined reference to `oniDeviceGetSensorInfo'
/usr/bin/ld: libyahboomcar_astra_driver.so: undefined reference to `uvc_set_ctrl'
/usr/bin/ld: libyahboomcar_astra_driver.so: undefined reference to `google::LogMessageFatal::LogMessageFatal(char const*, int, google::CheckOpString const&)'
/usr/bin/ld: libyahboomcar_astra_driver.so: undefined reference to `uvc_get_device_address'
/usr/bin/ld: libyahboomcar_astra_driver.so: undefined reference to `uvc_allocate_frame'
/usr/bin/ld: libyahboomcar_astra_driver.so: undefined reference to `oniDeviceClose'
/usr/bin/ld: libyahboomcar_astra_driver.so: undefined reference to `uvc_get_gain'
/usr/bin/ld: libyahboomcar_astra_driver.so: undefined reference to `oniFrameRelease'
/usr/bin/ld: libyahboomcar_astra_driver.so: undefined reference to `uvc_stop_streaming'
/usr/bin/ld: libyahboomcar_astra_driver.so: undefined reference to `uvc_init'
/usr/bin/ld: libyahboomcar_astra_driver.so: undefined reference to `oniDeviceGetInfo'
/usr/bin/ld: libyahboomcar_astra_driver.so: undefined reference to `oniDeviceIsImageRegistrationModeSupported'
/usr/bin/ld: libyahboomcar_astra_driver.so: undefined reference to `oniRegisterDeviceCallbacks'
/usr/bin/ld: libyahboomcar_astra_driver.so: undefined reference to `oniStreamGetProperty'
/usr/bin/ld: libyahboomcar_astra_driver.so: undefined reference to `google::base::CheckOpMessageBuilder::ForVar2()'
/usr/bin/ld: libyahboomcar_astra_driver.so: undefined reference to `oniDeviceSetProperty'
/usr/bin/ld: libyahboomcar_astra_driver.so: undefined reference to `uvc_close'
/usr/bin/ld: libyahboomcar_astra_driver.so: undefined reference to `oniReleaseDeviceList'
/usr/bin/ld: libyahboomcar_astra_driver.so: undefined reference to `oniStreamDestroy'
/usr/bin/ld: libyahboomcar_astra_driver.so: undefined reference to `uvc_unref_device'
/usr/bin/ld: libyahboomcar_astra_driver.so: undefined reference to `oniStreamStart'
/usr/bin/ld: libyahboomcar_astra_driver.so: undefined reference to `oniDeviceCreateStream'
/usr/bin/ld: libyahboomcar_astra_driver.so: undefined reference to `uvc_set_ae_mode'
/usr/bin/ld: libyahboomcar_astra_driver.so: undefined reference to `oniUnregisterDeviceCallbacks'
/usr/bin/ld: libyahboomcar_astra_driver.so: undefined reference to `oniStreamReadFrame'
/usr/bin/ld: libyahboomcar_astra_driver.so: undefined reference to `oniDeviceDisableDepthColorSync'
/usr/bin/ld: libyahboomcar_astra_driver.so: undefined reference to `oniWaitForAnyStream'
/usr/bin/ld: libyahboomcar_astra_driver.so: undefined reference to `uvc_get_white_balance_temperature'
/usr/bin/ld: libyahboomcar_astra_driver.so: undefined reference to `oniStreamSetProperty'
/usr/bin/ld: libyahboomcar_astra_driver.so: undefined reference to `oniDeviceOpen'
/usr/bin/ld: libyahboomcar_astra_driver.so: undefined reference to `uvc_set_gain'
/usr/bin/ld: libyahboomcar_astra_driver.so: undefined reference to `oniStreamGetSensorInfo'
/usr/bin/ld: libyahboomcar_astra_driver.so: undefined reference to `uvc_set_status_callback'
/usr/bin/ld: libyahboomcar_astra_driver.so: undefined reference to `uvc_set_exposure_abs'
/usr/bin/ld: libyahboomcar_astra_driver.so: undefined reference to `oniGetDeviceList'
/usr/bin/ld: libyahboomcar_astra_driver.so: undefined reference to `uvc_get_processing_units'
/usr/bin/ld: libyahboomcar_astra_driver.so: undefined reference to `oniStreamIsPropertySupported'
/usr/bin/ld: libyahboomcar_astra_driver.so: undefined reference to `uvc_start_streaming'
/usr/bin/ld: libyahboomcar_astra_driver.so: undefined reference to `uvc_set_roll_abs'
/usr/bin/ld: libyahboomcar_astra_driver.so: undefined reference to `google::LogMessageFatal::~LogMessageFatal()'
/usr/bin/ld: libyahboomcar_astra_driver.so: undefined reference to `oniGetExtendedError'
/usr/bin/ld: libyahboomcar_astra_driver.so: undefined reference to `google::base::CheckOpMessageBuilder::NewString[abi:cxx11]()'
/usr/bin/ld: libyahboomcar_astra_driver.so: undefined reference to `google::LogMessage::stream()'
/usr/bin/ld: libyahboomcar_astra_driver.so: undefined reference to `uvc_set_white_balance_temperature_auto'
/usr/bin/ld: libyahboomcar_astra_driver.so: undefined reference to `oniDeviceGetProperty'
/usr/bin/ld: libyahboomcar_astra_driver.so: undefined reference to `uvc_find_device'
/usr/bin/ld: libyahboomcar_astra_driver.so: undefined reference to `uvc_yuyv2bgr'
/usr/bin/ld: libyahboomcar_astra_driver.so: undefined reference to `uvc_get_bus_number'
collect2: error: ld returned 1 exit status
gmake[2]: *** [CMakeFiles/astra_camera_node.dir/build.make:343: astra_camera_node] Error 1
gmake[1]: *** [CMakeFiles/Makefile2:209: CMakeFiles/astra_camera_node.dir/all] Error 2
gmake: *** [Makefile:146: all] Error 2
