[0.021s] Invoking command in '/home/jetson/yahboomcar_ws/src/build/yahboomcar_astra': CMAKE_PREFIX_PATH=${CMAKE_PREFIX_PATH}:/opt/ros/humble /usr/bin/cmake --build /home/jetson/yahboomcar_ws/src/build/yahboomcar_astra -- -j6 -l6
[0.076s] -- Found ament_cmake: 1.3.11 (/opt/ros/humble/share/ament_cmake/cmake)
[0.362s] -- Found rosidl_default_generators: 1.2.0 (/opt/ros/humble/share/rosidl_default_generators/cmake)
[0.373s] -- Using all available rosidl_typesupport_c: rosidl_typesupport_fastrtps_c;rosidl_typesupport_introspection_c
[0.383s] -- Found rosidl_adapter: 3.1.6 (/opt/ros/humble/share/rosidl_adapter/cmake)
[0.453s] -- Using all available rosidl_typesupport_cpp: rosidl_typesupport_fastrtps_cpp;rosidl_typesupport_introspection_cpp
[0.493s] -- Found sensor_msgs: 4.8.0 (/opt/ros/humble/share/sensor_msgs/cmake)
[1.367s] -- Found ament_cmake_ros: 0.10.0 (/opt/ros/humble/share/ament_cmake_ros/cmake)
[1.983s] -- Using all available rosidl_typesupport_c: rosidl_typesupport_fastrtps_c;rosidl_typesupport_introspection_c
[2.845s] -- Using all available rosidl_typesupport_cpp: rosidl_typesupport_fastrtps_cpp;rosidl_typesupport_introspection_cpp
[2.907s] -- Found python_cmake_module: 0.10.0 (/opt/ros/humble/share/python_cmake_module/cmake)
[2.961s] -- Using PYTHON_EXECUTABLE: /usr/bin/python3
[2.962s] -- Using PYTHON_INCLUDE_DIRS: /usr/include/python3.10
[2.962s] -- Using PYTHON_LIBRARIES: /usr/lib/aarch64-linux-gnu/libpython3.10.so
[3.293s] -- Using numpy include directory: /home/jetson/.local/lib/python3.10/site-packages/numpy/core/include
[3.325s] -- Found ament_lint_auto: 0.12.12 (/opt/ros/humble/share/ament_lint_auto/cmake)
[3.343s] -- Added test 'copyright' to check source files copyright and LICENSE
[3.346s] -- Added test 'lint_cmake' to check CMake code style
[3.348s] -- Added test 'xmllint' to check XML markup files
[3.351s] -- Found ament_cmake: 1.3.11 (/opt/ros/humble/share/ament_cmake/cmake)
[3.647s] -- Found rclcpp: 16.0.12 (/opt/ros/humble/share/rclcpp/cmake)
[3.711s] -- Found rosidl_generator_c: 3.1.6 (/opt/ros/humble/share/rosidl_generator_c/cmake)
[3.716s] -- Found rosidl_adapter: 3.1.6 (/opt/ros/humble/share/rosidl_adapter/cmake)
[3.727s] -- Found rosidl_generator_cpp: 3.1.6 (/opt/ros/humble/share/rosidl_generator_cpp/cmake)
[3.745s] -- Using all available rosidl_typesupport_c: rosidl_typesupport_fastrtps_c;rosidl_typesupport_introspection_c
[3.766s] -- Using all available rosidl_typesupport_cpp: rosidl_typesupport_fastrtps_cpp;rosidl_typesupport_introspection_cpp
[3.818s] -- Found rmw_implementation_cmake: 6.1.2 (/opt/ros/humble/share/rmw_implementation_cmake/cmake)
[3.821s] -- Found rmw_fastrtps_cpp: 6.2.7 (/opt/ros/humble/share/rmw_fastrtps_cpp/cmake)
[4.005s] -- Using RMW implementation 'rmw_fastrtps_cpp' as default
[4.085s] -- Found rclcpp_components: 16.0.12 (/opt/ros/humble/share/rclcpp_components/cmake)
[4.115s] -- Found sensor_msgs: 4.8.0 (/opt/ros/humble/share/sensor_msgs/cmake)
[4.162s] -- Found std_srvs: 4.8.0 (/opt/ros/humble/share/std_srvs/cmake)
[4.176s] -- Found tf2: 0.25.12 (/opt/ros/humble/share/tf2/cmake)
[4.181s] -- Found tf2_ros: 0.25.12 (/opt/ros/humble/share/tf2_ros/cmake)
[4.276s] -- Found tf2_sensor_msgs: 0.25.12 (/opt/ros/humble/share/tf2_sensor_msgs/cmake)
[4.284s] -- Found camera_info_manager: 3.1.11 (/opt/ros/humble/share/camera_info_manager/cmake)
[4.295s] -- Found cv_bridge: 3.2.1 (/opt/ros/humble/share/cv_bridge/cmake)
[4.335s] -- Found image_transport: 3.1.11 (/opt/ros/humble/share/image_transport/cmake)
[4.363s] -- Found image_geometry: 3.2.1 (/opt/ros/humble/share/image_geometry/cmake)
[4.366s] -- Found image_publisher: 3.0.8 (/opt/ros/humble/share/image_publisher/cmake)
[4.387s] -- Found astra_camera_msgs: 1.0.1 (/home/jetson/yahboomcar_ros2_ws/software/library_ws/install/astra_camera_msgs/share/astra_camera_msgs/cmake)
[4.587s] -- Configuring done
[4.671s] [33mCMake Warning at CMakeLists.txt:71 (add_library):
[4.671s]   Cannot generate a safe runtime search path for target
[4.671s]   yahboomcar_astra_driver because there is a cycle in the constraint graph:
[4.672s] 
[4.672s]     dir 0 is [/usr/local/cuda-12.6/lib64]
[4.672s]     dir 1 is [/opt/ros/humble/lib]
[4.672s]       dir 2 must precede it due to runtime library [libimage_transport.so]
[4.672s]     dir 2 is [/opt/ros/humble/lib/aarch64-linux-gnu]
[4.672s]     dir 3 is [/home/jetson/yahboomcar_ros2_ws/software/library_ws/install/astra_camera_msgs/lib]
[4.672s]       dir 4 must precede it due to runtime library [libastra_camera_msgs__rosidl_typesupport_introspection_c.so]
[4.672s]     dir 4 is [/home/jetson/yahboomcar_ws/src/build/yahboomcar_astra/astra_camera_msgs]
[4.673s]       dir 3 must precede it due to runtime library [libastra_camera_msgs__rosidl_typesupport_fastrtps_c.so]
[4.673s]     dir 5 is [/usr/local/lib]
[4.673s] 
[4.673s]   Some of these libraries may not be found correctly.
[4.673s] 
[4.673s] [0m
[4.692s] [33mCMake Warning at CMakeLists.txt:105 (add_executable):
[4.692s]   Cannot generate a safe runtime search path for target astra_camera_node
[4.692s]   because there is a cycle in the constraint graph:
[4.692s] 
[4.692s]     dir 0 is [/usr/local/cuda-12.6/lib64]
[4.692s]     dir 1 is [/home/jetson/yahboomcar_ws/src/build/yahboomcar_astra]
[4.692s]     dir 2 is [/usr/local/lib]
[4.692s]     dir 3 is [/home/jetson/yahboomcar_ros2_ws/software/library_ws/install/astra_camera_msgs/lib]
[4.693s]       dir 4 must precede it due to runtime library [libastra_camera_msgs__rosidl_typesupport_introspection_c.so]
[4.693s]     dir 4 is [/home/jetson/yahboomcar_ws/src/build/yahboomcar_astra/astra_camera_msgs]
[4.693s]       dir 3 must precede it due to runtime library [libastra_camera_msgs__rosidl_typesupport_fastrtps_c.so]
[4.693s]     dir 5 is [/opt/ros/humble/lib]
[4.693s]       dir 6 must precede it due to runtime library [libimage_transport.so]
[4.693s]     dir 6 is [/opt/ros/humble/lib/aarch64-linux-gnu]
[4.693s] 
[4.693s]   Some of these libraries may not be found correctly.
[4.693s] 
[4.694s] [0m
[4.778s] -- Generating done
[4.825s] -- Build files have been written to: /home/jetson/yahboomcar_ws/src/build/yahboomcar_astra
[4.920s] [35m[1mConsolidate compiler generated dependencies of target astra_camera_msgs__rosidl_generator_c[0m
[4.941s] [  1%] [32mBuilding CXX object CMakeFiles/KCFTracker_node.dir/src/KCF_Tracker_main.cpp.o[0m
[4.941s] [  1%] Built target astra_camera_msgs__cpp
[4.942s] [  2%] [32mBuilding CXX object CMakeFiles/KCFTracker_node.dir/src/KCF_Tracker.cpp.o[0m
[4.963s] [  3%] Built target ament_cmake_python_copy_astra_camera_msgs
[4.963s] [ 12%] Built target astra_camera_msgs__rosidl_generator_c
[4.971s] [35m[1mConsolidate compiler generated dependencies of target astra_camera_msgs__rosidl_typesupport_cpp[0m
[4.973s] [35m[1mConsolidate compiler generated dependencies of target astra_camera_msgs__rosidl_typesupport_introspection_cpp[0m
[4.990s] [35m[1mConsolidate compiler generated dependencies of target astra_camera_msgs__rosidl_typesupport_fastrtps_cpp[0m
[5.040s] [ 21%] Built target astra_camera_msgs__rosidl_typesupport_introspection_cpp
[5.050s] [ 30%] Built target astra_camera_msgs__rosidl_typesupport_cpp
[5.061s] [ 39%] Built target astra_camera_msgs__rosidl_typesupport_fastrtps_cpp
[5.078s] [35m[1mConsolidate compiler generated dependencies of target astra_camera_msgs__rosidl_typesupport_introspection_c[0m
[5.097s] [35m[1mConsolidate compiler generated dependencies of target astra_camera_msgs__rosidl_typesupport_fastrtps_c[0m
[5.097s] [35m[1mConsolidate compiler generated dependencies of target astra_camera_msgs__rosidl_typesupport_c[0m
[5.131s] [ 49%] Built target astra_camera_msgs__rosidl_typesupport_introspection_c
[5.139s] [ 59%] Built target astra_camera_msgs__rosidl_typesupport_c
[5.181s] [35m[1mConsolidate compiler generated dependencies of target yahboomcar_astra_driver[0m
[5.210s] [ 69%] Built target astra_camera_msgs__rosidl_typesupport_fastrtps_c
[5.275s] [ 69%] Built target astra_camera_msgs
[5.334s] [ 70%] [34m[1mGenerating Python code for ROS interfaces[0m
[5.363s] [ 83%] Built target yahboomcar_astra_driver
[5.418s] [ 84%] [32mBuilding CXX object CMakeFiles/astra_camera_node.dir/src/main.cpp.o[0m
[5.550s] running egg_info
[5.604s] writing astra_camera_msgs.egg-info/PKG-INFO
[5.605s] writing dependency_links to astra_camera_msgs.egg-info/dependency_links.txt
[5.605s] writing top-level names to astra_camera_msgs.egg-info/top_level.txt
[5.775s] reading manifest file 'astra_camera_msgs.egg-info/SOURCES.txt'
[5.787s] writing manifest file 'astra_camera_msgs.egg-info/SOURCES.txt'
[5.941s] [ 84%] Built target ament_cmake_python_build_astra_camera_msgs_egg
[8.348s] [ 84%] Built target astra_camera_msgs__py
[8.400s] [ 84%] [32mBuilding C object astra_camera_msgs/CMakeFiles/astra_camera_msgs__rosidl_generator_py.dir/rosidl_generator_py/astra_camera_msgs/msg/_device_info_s.c.o[0m
[8.406s] [ 85%] [32mBuilding C object astra_camera_msgs/CMakeFiles/astra_camera_msgs__rosidl_generator_py.dir/rosidl_generator_py/astra_camera_msgs/msg/_extrinsics_s.c.o[0m
[8.413s] [ 86%] [32mBuilding C object astra_camera_msgs/CMakeFiles/astra_camera_msgs__rosidl_generator_py.dir/rosidl_generator_py/astra_camera_msgs/msg/_metadata_s.c.o[0m
[8.714s] [ 87%] [32mBuilding C object astra_camera_msgs/CMakeFiles/astra_camera_msgs__rosidl_generator_py.dir/rosidl_generator_py/astra_camera_msgs/srv/_get_device_info_s.c.o[0m
[8.718s] [ 88%] [32mBuilding C object astra_camera_msgs/CMakeFiles/astra_camera_msgs__rosidl_generator_py.dir/rosidl_generator_py/astra_camera_msgs/srv/_get_camera_info_s.c.o[0m
[8.727s] [ 89%] [32mBuilding C object astra_camera_msgs/CMakeFiles/astra_camera_msgs__rosidl_generator_py.dir/rosidl_generator_py/astra_camera_msgs/srv/_get_camera_params_s.c.o[0m
[8.938s] [ 90%] [32mBuilding C object astra_camera_msgs/CMakeFiles/astra_camera_msgs__rosidl_generator_py.dir/rosidl_generator_py/astra_camera_msgs/srv/_get_int32_s.c.o[0m
[8.955s] [ 91%] [32mBuilding C object astra_camera_msgs/CMakeFiles/astra_camera_msgs__rosidl_generator_py.dir/rosidl_generator_py/astra_camera_msgs/srv/_get_string_s.c.o[0m
[9.051s] [ 91%] [32mBuilding C object astra_camera_msgs/CMakeFiles/astra_camera_msgs__rosidl_generator_py.dir/rosidl_generator_py/astra_camera_msgs/srv/_set_int32_s.c.o[0m
[9.276s] [ 92%] [32m[1mLinking C shared library rosidl_generator_py/astra_camera_msgs/libastra_camera_msgs__rosidl_generator_py.so[0m
[9.378s] [ 92%] Built target astra_camera_msgs__rosidl_generator_py
[9.444s] [ 93%] [32mBuilding C object astra_camera_msgs/CMakeFiles/astra_camera_msgs__rosidl_typesupport_introspection_c__pyext.dir/rosidl_generator_py/astra_camera_msgs/_astra_camera_msgs_s.ep.rosidl_typesupport_introspection_c.c.o[0m
[9.446s] [ 94%] [32mBuilding C object astra_camera_msgs/CMakeFiles/astra_camera_msgs__rosidl_typesupport_fastrtps_c__pyext.dir/rosidl_generator_py/astra_camera_msgs/_astra_camera_msgs_s.ep.rosidl_typesupport_fastrtps_c.c.o[0m
[9.468s] [ 95%] [32mBuilding C object astra_camera_msgs/CMakeFiles/astra_camera_msgs__rosidl_typesupport_c__pyext.dir/rosidl_generator_py/astra_camera_msgs/_astra_camera_msgs_s.ep.rosidl_typesupport_c.c.o[0m
[9.793s] [ 96%] [32m[1mLinking C shared library rosidl_generator_py/astra_camera_msgs/astra_camera_msgs_s__rosidl_typesupport_introspection_c.cpython-310-aarch64-linux-gnu.so[0m
[9.815s] [ 97%] [32m[1mLinking C shared library rosidl_generator_py/astra_camera_msgs/astra_camera_msgs_s__rosidl_typesupport_fastrtps_c.cpython-310-aarch64-linux-gnu.so[0m
[9.845s] [ 98%] [32m[1mLinking C shared library rosidl_generator_py/astra_camera_msgs/astra_camera_msgs_s__rosidl_typesupport_c.cpython-310-aarch64-linux-gnu.so[0m
[9.907s] [ 98%] Built target astra_camera_msgs__rosidl_typesupport_introspection_c__pyext
[9.945s] [ 98%] Built target astra_camera_msgs__rosidl_typesupport_fastrtps_c__pyext
[9.958s] [ 98%] Built target astra_camera_msgs__rosidl_typesupport_c__pyext
[13.356s] [01m[K/home/jetson/yahboomcar_ws/src/yahboomcar_astra/src/KCF_Tracker.cpp:[m[K In lambda function:
[13.357s] [01m[K/home/jetson/yahboomcar_ws/src/yahboomcar_astra/src/KCF_Tracker.cpp:84:20:[m[K [01;31m[Kerror: [m[Kâ€˜[01m[Krclcpp_lifecycle[m[Kâ€™ has not been declared
[13.357s]    84 |             return [01;31m[Krclcpp_lifecycle[m[K::node_interfaces::SetParametersResult{true};
[13.357s]       |                    [01;31m[K^~~~~~~~~~~~~~~~[m[K
[13.357s] [01m[K/home/jetson/yahboomcar_ws/src/yahboomcar_astra/src/KCF_Tracker.cpp:84:74:[m[K [01;31m[Kerror: [m[Kexpected â€˜[01m[K;[m[Kâ€™ before â€˜[01m[K{[m[Kâ€™ token
[13.358s]    84 |             return rclcpp_lifecycle::node_interfaces::SetParametersResult[01;31m[K{[m[Ktrue};
[13.358s]       |                                                                          [01;31m[K^[m[K
[13.358s]       |                                                                          [32m[K;[m[K
[13.358s] [01m[K/home/jetson/yahboomcar_ws/src/yahboomcar_astra/src/KCF_Tracker.cpp:84:79:[m[K [01;31m[Kerror: [m[Kexpected â€˜[01m[K;[m[Kâ€™ before â€˜[01m[K}[m[Kâ€™ token
[13.358s]    84 |             return rclcpp_lifecycle::node_interfaces::SetParametersResult{true[01;31m[K}[m[K;
[13.358s]       |                                                                               [01;31m[K^[m[K
[13.358s]       |                                                                               [32m[K;[m[K
[13.358s] [01m[K/home/jetson/yahboomcar_ws/src/yahboomcar_astra/src/KCF_Tracker.cpp:[m[K In constructor â€˜[01m[KImageConverter::ImageConverter()[m[Kâ€™:
[13.359s] [01m[K/home/jetson/yahboomcar_ws/src/yahboomcar_astra/src/KCF_Tracker.cpp:71:41:[m[K [01;31m[Kerror: [m[Kcannot convert â€˜[01m[KImageConverter::ImageConverter()::<lambda(const std::vector<rclcpp::Parameter>&)>[m[Kâ€™ to â€˜[01m[Krclcpp::Node::OnParametersSetCallbackType[m[Kâ€™ {aka â€˜[01m[Kstd::function<rcl_interfaces::msg::SetParametersResult_<std::allocator<void> >(const std::vector<rclcpp::Parameter>&)>[m[Kâ€™}
[13.359s]    71 |     [01;31m[Kthis->add_on_set_parameters_callback([m[K
[13.359s]       |     [01;31m[K~~~~~~~~~~~~~~~~~~~~~~~~~~~~~~~~~~~~^[m[K
[13.359s]    72 | [01;31m[K        [this](const std::vector<rclcpp::Parameter> &params) {[m[K
[13.359s]       |         [01;31m[K~~~~~~~~~~~~~~~~~~~~~~~~~~~~~~~~~~~~~~~~~~~~~~~~~~~~~~[m[K
[13.359s]    73 | [01;31m[K            for (const auto &param : params) {[m[K
[13.359s]       |             [01;31m[K~~~~~~~~~~~~~~~~~~~~~~~~~~~~~~~~~~[m[K
[13.359s]    74 | [01;31m[K                if (param.get_name() == "linear_KP") this->linear_PID->kp = param.as_double();[m[K
[13.360s]       |                 [01;31m[K~~~~~~~~~~~~~~~~~~~~~~~~~~~~~~~~~~~~~~~~~~~~~~~~~~~~~~~~~~~~~~~~~~~~~~~~~~~~~~[m[K
[13.360s]    75 | [01;31m[K                if (param.get_name() == "linear_KI") this->linear_PID->ki = param.as_double();[m[K
[13.360s]       |                 [01;31m[K~~~~~~~~~~~~~~~~~~~~~~~~~~~~~~~~~~~~~~~~~~~~~~~~~~~~~~~~~~~~~~~~~~~~~~~~~~~~~~[m[K
[13.360s]    76 | [01;31m[K                if (param.get_name() == "linear_KD") this->linear_PID->kd = param.as_double();[m[K
[13.360s]       |                 [01;31m[K~~~~~~~~~~~~~~~~~~~~~~~~~~~~~~~~~~~~~~~~~~~~~~~~~~~~~~~~~~~~~~~~~~~~~~~~~~~~~~[m[K
[13.360s]    77 | [01;31m[K                if (param.get_name() == "angular_KP") this->angular_PID->kp = param.as_double();[m[K
[13.360s]       |                 [01;31m[K~~~~~~~~~~~~~~~~~~~~~~~~~~~~~~~~~~~~~~~~~~~~~~~~~~~~~~~~~~~~~~~~~~~~~~~~~~~~~~~~[m[K
[13.360s]    78 | [01;31m[K                if (param.get_name() == "angular_KI") this->angular_PID->ki = param.as_double();[m[K
[13.360s]       |                 [01;31m[K~~~~~~~~~~~~~~~~~~~~~~~~~~~~~~~~~~~~~~~~~~~~~~~~~~~~~~~~~~~~~~~~~~~~~~~~~~~~~~~~[m[K
[13.361s]    79 | [01;31m[K                if (param.get_name() == "angular_KD") this->angular_PID->kd = param.as_double();[m[K
[13.361s]       |                 [01;31m[K~~~~~~~~~~~~~~~~~~~~~~~~~~~~~~~~~~~~~~~~~~~~~~~~~~~~~~~~~~~~~~~~~~~~~~~~~~~~~~~~[m[K
[13.361s]    80 | [01;31m[K                if (param.get_name() == "minDist") this->minDist = param.as_double();[m[K
[13.361s]       |                 [01;31m[K~~~~~~~~~~~~~~~~~~~~~~~~~~~~~~~~~~~~~~~~~~~~~~~~~~~~~~~~~~~~~~~~~~~~~[m[K
[13.361s]    81 | [01;31m[K            }[m[K
[13.361s]       |             [01;31m[K~[m[K                            
[13.361s]    82 | [01;31m[K            this->linear_PID->reset();[m[K
[13.361s]       |             [01;31m[K~~~~~~~~~~~~~~~~~~~~~~~~~~[m[K   
[13.361s]    83 | [01;31m[K            this->angular_PID->reset();[m[K
[13.361s]       |             [01;31m[K~~~~~~~~~~~~~~~~~~~~~~~~~~~[m[K  
[13.362s]    84 | [01;31m[K            return rclcpp_lifecycle::node_interfaces::SetParametersResult{true};[m[K
[13.362s]       |             [01;31m[K~~~~~~~~~~~~~~~~~~~~~~~~~~~~~~~~~~~~~~~~~~~~~~~~~~~~~~~~~~~~~~~~~~~~[m[K
[13.362s]    85 | [01;31m[K        })[m[K;
[13.362s]       |         [01;31m[K~~[m[K                               
[13.362s] In file included from [01m[K/opt/ros/humble/include/rclcpp/rclcpp/executors/single_threaded_executor.hpp:28[m[K,
[13.362s]                  from [01m[K/opt/ros/humble/include/rclcpp/rclcpp/executors.hpp:22[m[K,
[13.362s]                  from [01m[K/opt/ros/humble/include/rclcpp/rclcpp/rclcpp.hpp:155[m[K,
[13.362s]                  from [01m[K/home/jetson/yahboomcar_ws/src/yahboomcar_astra/include/yahboomcar_astra/KCF_Tracker.h:19[m[K,
[13.362s]                  from [01m[K/home/jetson/yahboomcar_ws/src/yahboomcar_astra/src/KCF_Tracker.cpp:5[m[K:
[13.363s] [01m[K/opt/ros/humble/include/rclcpp/rclcpp/node.hpp:934:62:[m[K [01;36m[Knote: [m[K  initializing argument 1 of â€˜[01m[Krclcpp::node_interfaces::OnSetParametersCallbackHandle::SharedPtr rclcpp::Node::add_on_set_parameters_callback(rclcpp::Node::OnParametersSetCallbackType)[m[Kâ€™
[13.363s]   934 |   add_on_set_parameters_callback([01;36m[KOnParametersSetCallbackType callback[m[K);
[13.363s]       |                                  [01;36m[K~~~~~~~~~~~~~~~~~~~~~~~~~~~~^~~~~~~~[m[K
[22.141s] gmake[2]: *** [CMakeFiles/KCFTracker_node.dir/build.make:90: CMakeFiles/KCFTracker_node.dir/src/KCF_Tracker.cpp.o] Error 1
[22.142s] gmake[1]: *** [CMakeFiles/Makefile2:235: CMakeFiles/KCFTracker_node.dir/all] Error 2
[22.142s] gmake[1]: *** Waiting for unfinished jobs....
[23.633s] [ 99%] [32m[1mLinking CXX executable astra_camera_node[0m
[26.366s] /usr/bin/ld: libyahboomcar_astra_driver.so: undefined reference to `oniDeviceIsPropertySupported'
[26.367s] /usr/bin/ld: libyahboomcar_astra_driver.so: undefined reference to `uvc_get_ctrl'
[26.367s] /usr/bin/ld: libyahboomcar_astra_driver.so: undefined reference to `uvc_perror'
[26.367s] /usr/bin/ld: libyahboomcar_astra_driver.so: undefined reference to `uvc_get_roll_abs'
[26.367s] /usr/bin/ld: libyahboomcar_astra_driver.so: undefined reference to `google::LogMessageFatal::LogMessageFatal(char const*, int)'
[26.367s] /usr/bin/ld: libyahboomcar_astra_driver.so: undefined reference to `uvc_free_frame'
[26.368s] /usr/bin/ld: libyahboomcar_astra_driver.so: undefined reference to `uvc_get_stream_ctrl_format_size'
[26.368s] /usr/bin/ld: libyahboomcar_astra_driver.so: undefined reference to `oniDeviceIsCommandSupported'
[26.368s] /usr/bin/ld: libyahboomcar_astra_driver.so: undefined reference to `google::base::CheckOpMessageBuilder::CheckOpMessageBuilder(char const*)'
[26.369s] /usr/bin/ld: libyahboomcar_astra_driver.so: undefined reference to `oniInitialize'
[26.369s] /usr/bin/ld: libyahboomcar_astra_driver.so: undefined reference to `oniShutdown'
[26.371s] /usr/bin/ld: libyahboomcar_astra_driver.so: undefined reference to `google::base::CheckOpMessageBuilder::~CheckOpMessageBuilder()'
[26.371s] /usr/bin/ld: libyahboomcar_astra_driver.so: undefined reference to `uvc_open'
[26.371s] /usr/bin/ld: libyahboomcar_astra_driver.so: undefined reference to `uvc_strerror'
[26.371s] /usr/bin/ld: libyahboomcar_astra_driver.so: undefined reference to `uvc_any2bgr'
[26.371s] /usr/bin/ld: libyahboomcar_astra_driver.so: undefined reference to `oniDeviceEnableDepthColorSync'
[26.372s] /usr/bin/ld: libyahboomcar_astra_driver.so: undefined reference to `uvc_get_exposure_abs'
[26.372s] /usr/bin/ld: libyahboomcar_astra_driver.so: undefined reference to `oniStreamStop'
[26.373s] /usr/bin/ld: libyahboomcar_astra_driver.so: undefined reference to `uvc_exit'
[26.373s] /usr/bin/ld: libyahboomcar_astra_driver.so: undefined reference to `uvc_mjpeg2rgb'
[26.373s] /usr/bin/ld: libyahboomcar_astra_driver.so: undefined reference to `oniDeviceGetSensorInfo'
[26.374s] /usr/bin/ld: libyahboomcar_astra_driver.so: undefined reference to `uvc_set_ctrl'
[26.375s] /usr/bin/ld: libyahboomcar_astra_driver.so: undefined reference to `google::LogMessageFatal::LogMessageFatal(char const*, int, google::CheckOpString const&)'
[26.375s] /usr/bin/ld: libyahboomcar_astra_driver.so: undefined reference to `uvc_get_device_address'
[26.375s] /usr/bin/ld: libyahboomcar_astra_driver.so: undefined reference to `uvc_allocate_frame'
[26.376s] /usr/bin/ld: libyahboomcar_astra_driver.so: undefined reference to `oniDeviceClose'
[26.377s] /usr/bin/ld: libyahboomcar_astra_driver.so: undefined reference to `uvc_get_gain'
[26.378s] /usr/bin/ld: libyahboomcar_astra_driver.so: undefined reference to `oniFrameRelease'
[26.379s] /usr/bin/ld: libyahboomcar_astra_driver.so: undefined reference to `uvc_stop_streaming'
[26.380s] /usr/bin/ld: libyahboomcar_astra_driver.so: undefined reference to `uvc_init'
[26.381s] /usr/bin/ld: libyahboomcar_astra_driver.so: undefined reference to `oniDeviceGetInfo'
[26.381s] /usr/bin/ld: libyahboomcar_astra_driver.so: undefined reference to `oniDeviceIsImageRegistrationModeSupported'
[26.383s] /usr/bin/ld: libyahboomcar_astra_driver.so: undefined reference to `oniRegisterDeviceCallbacks'
[26.384s] /usr/bin/ld: libyahboomcar_astra_driver.so: undefined reference to `oniStreamGetProperty'
[26.384s] /usr/bin/ld: libyahboomcar_astra_driver.so: undefined reference to `google::base::CheckOpMessageBuilder::ForVar2()'
[26.385s] /usr/bin/ld: libyahboomcar_astra_driver.so: undefined reference to `oniDeviceSetProperty'
[26.385s] /usr/bin/ld: libyahboomcar_astra_driver.so: undefined reference to `uvc_close'
[26.385s] /usr/bin/ld: libyahboomcar_astra_driver.so: undefined reference to `oniReleaseDeviceList'
[26.385s] /usr/bin/ld: libyahboomcar_astra_driver.so: undefined reference to `oniStreamDestroy'
[26.385s] /usr/bin/ld: libyahboomcar_astra_driver.so: undefined reference to `uvc_unref_device'
[26.386s] /usr/bin/ld: libyahboomcar_astra_driver.so: undefined reference to `oniStreamStart'
[26.386s] /usr/bin/ld: libyahboomcar_astra_driver.so: undefined reference to `oniDeviceCreateStream'
[26.386s] /usr/bin/ld: libyahboomcar_astra_driver.so: undefined reference to `uvc_set_ae_mode'
[26.387s] /usr/bin/ld: libyahboomcar_astra_driver.so: undefined reference to `oniUnregisterDeviceCallbacks'
[26.387s] /usr/bin/ld: libyahboomcar_astra_driver.so: undefined reference to `oniStreamReadFrame'
[26.387s] /usr/bin/ld: libyahboomcar_astra_driver.so: undefined reference to `oniDeviceDisableDepthColorSync'
[26.388s] /usr/bin/ld: libyahboomcar_astra_driver.so: undefined reference to `oniWaitForAnyStream'
[26.389s] /usr/bin/ld: libyahboomcar_astra_driver.so: undefined reference to `uvc_get_white_balance_temperature'
[26.390s] /usr/bin/ld: libyahboomcar_astra_driver.so: undefined reference to `oniStreamSetProperty'
[26.390s] /usr/bin/ld: libyahboomcar_astra_driver.so: undefined reference to `oniDeviceOpen'
[26.390s] /usr/bin/ld: libyahboomcar_astra_driver.so: undefined reference to `uvc_set_gain'
[26.391s] /usr/bin/ld: libyahboomcar_astra_driver.so: undefined reference to `oniStreamGetSensorInfo'
[26.391s] /usr/bin/ld: libyahboomcar_astra_driver.so: undefined reference to `uvc_set_status_callback'
[26.392s] /usr/bin/ld: libyahboomcar_astra_driver.so: undefined reference to `uvc_set_exposure_abs'
[26.393s] /usr/bin/ld: libyahboomcar_astra_driver.so: undefined reference to `oniGetDeviceList'
[26.394s] /usr/bin/ld: libyahboomcar_astra_driver.so: undefined reference to `uvc_get_processing_units'
[26.395s] /usr/bin/ld: libyahboomcar_astra_driver.so: undefined reference to `oniStreamIsPropertySupported'
[26.395s] /usr/bin/ld: libyahboomcar_astra_driver.so: undefined reference to `uvc_start_streaming'
[26.396s] /usr/bin/ld: libyahboomcar_astra_driver.so: undefined reference to `uvc_set_roll_abs'
[26.396s] /usr/bin/ld: libyahboomcar_astra_driver.so: undefined reference to `google::LogMessageFatal::~LogMessageFatal()'
[26.397s] /usr/bin/ld: libyahboomcar_astra_driver.so: undefined reference to `oniGetExtendedError'
[26.397s] /usr/bin/ld: libyahboomcar_astra_driver.so: undefined reference to `google::base::CheckOpMessageBuilder::NewString[abi:cxx11]()'
[26.397s] /usr/bin/ld: libyahboomcar_astra_driver.so: undefined reference to `google::LogMessage::stream()'
[26.398s] /usr/bin/ld: libyahboomcar_astra_driver.so: undefined reference to `uvc_set_white_balance_temperature_auto'
[26.398s] /usr/bin/ld: libyahboomcar_astra_driver.so: undefined reference to `oniDeviceGetProperty'
[26.399s] /usr/bin/ld: libyahboomcar_astra_driver.so: undefined reference to `uvc_find_device'
[26.399s] /usr/bin/ld: libyahboomcar_astra_driver.so: undefined reference to `uvc_yuyv2bgr'
[26.399s] /usr/bin/ld: libyahboomcar_astra_driver.so: undefined reference to `uvc_get_bus_number'
[26.417s] collect2: error: ld returned 1 exit status
[26.422s] gmake[2]: *** [CMakeFiles/astra_camera_node.dir/build.make:343: astra_camera_node] Error 1
[26.423s] gmake[1]: *** [CMakeFiles/Makefile2:209: CMakeFiles/astra_camera_node.dir/all] Error 2
[26.424s] gmake: *** [Makefile:146: all] Error 2
[26.430s] Invoked command in '/home/jetson/yahboomcar_ws/src/build/yahboomcar_astra' returned '2': CMAKE_PREFIX_PATH=${CMAKE_PREFIX_PATH}:/opt/ros/humble /usr/bin/cmake --build /home/jetson/yahboomcar_ws/src/build/yahboomcar_astra -- -j6 -l6
