[35m[1mConsolidate compiler generated dependencies of target KCFTracker_node[0m
[  0%] Built target astra_camera_msgs__cpp
[ 10%] Built target astra_camera_msgs__rosidl_generator_c
[ 11%] [32mBuilding CXX object CMakeFiles/KCFTracker_node.dir/src/yahboomcar_astra/kcftracker.cpp.o[0m
[ 11%] Built target ament_cmake_python_copy_astra_camera_msgs
[ 12%] [32mBuilding CXX object CMakeFiles/KCFTracker_node.dir/src/yahboomcar_astra/fhog.cpp.o[0m
[ 22%] Built target astra_camera_msgs__rosidl_typesupport_cpp
[ 32%] Built target astra_camera_msgs__rosidl_typesupport_introspection_cpp
[ 51%] Built target astra_camera_msgs__rosidl_typesupport_introspection_c
[ 51%] Built target astra_camera_msgs__rosidl_typesupport_fastrtps_cpp
[ 52%] [32mBuilding CXX object CMakeFiles/KCFTracker_node.dir/src/yahboomcar_astra/PID.cpp.o[0m
[ 61%] Built target astra_camera_msgs__rosidl_typesupport_fastrtps_c
[ 71%] Built target astra_camera_msgs__rosidl_typesupport_c
[ 71%] Built target astra_camera_msgs
[35m[1mConsolidate compiler generated dependencies of target yahboomcar_astra_driver[0m
[ 72%] Built target astra_camera_msgs__py
[ 80%] Built target astra_camera_msgs__rosidl_generator_py
[ 92%] Built target yahboomcar_astra_driver
[ 94%] Built target astra_camera_msgs__rosidl_typesupport_fastrtps_c__pyext
[01m[K/home/jetson/yahboomcar_ws/src/yahboomcar_astra/src/yahboomcar_astra/kcftracker.cpp:87:10:[m[K [01;31m[Kfatal error: [m[Kffttools.h: No such file or directory
   87 | #include [01;31m[K"ffttools.h"[m[K
      |          [01;31m[K^~~~~~~~~~~~[m[K
compilation terminated.
gmake[2]: *** [CMakeFiles/KCFTracker_node.dir/build.make:104: CMakeFiles/KCFTracker_node.dir/src/yahboomcar_astra/kcftracker.cpp.o] Error 1
gmake[2]: *** Waiting for unfinished jobs....
[ 95%] Built target astra_camera_msgs__rosidl_typesupport_introspection_c__pyext
[ 96%] Built target astra_camera_msgs__rosidl_typesupport_c__pyext
[35m[1mConsolidate compiler generated dependencies of target astra_camera_node[0m
[ 97%] [32m[1mLinking CXX executable astra_camera_node[0m
running egg_info
writing astra_camera_msgs.egg-info/PKG-INFO
writing dependency_links to astra_camera_msgs.egg-info/dependency_links.txt
writing top-level names to astra_camera_msgs.egg-info/top_level.txt
reading manifest file 'astra_camera_msgs.egg-info/SOURCES.txt'
writing manifest file 'astra_camera_msgs.egg-info/SOURCES.txt'
[ 97%] Built target ament_cmake_python_build_astra_camera_msgs_egg
gmake[1]: *** [CMakeFiles/Makefile2:235: CMakeFiles/KCFTracker_node.dir/all] Error 2
gmake[1]: *** Waiting for unfinished jobs....
[ 98%] Built target astra_camera_node
gmake: *** [Makefile:146: all] Error 2
