[0.023s] Invoking command in '/home/jetson/yahboomcar_ws/src/build/yahboomcar_astra': CMAKE_PREFIX_PATH=${CMAKE_PREFIX_PATH}:/opt/ros/humble /usr/bin/cmake --build /home/jetson/yahboomcar_ws/src/build/yahboomcar_astra -- -j6 -l6
[0.169s] [35m[1mConsolidate compiler generated dependencies of target KCFTracker_node[0m
[0.188s] [  0%] Built target astra_camera_msgs__cpp
[0.208s] [ 10%] Built target astra_camera_msgs__rosidl_generator_c
[0.215s] [ 11%] [32mBuilding CXX object CMakeFiles/KCFTracker_node.dir/src/yahboomcar_astra/kcftracker.cpp.o[0m
[0.226s] [ 11%] Built target ament_cmake_python_copy_astra_camera_msgs
[0.247s] [ 12%] [32mBuilding CXX object CMakeFiles/KCFTracker_node.dir/src/yahboomcar_astra/fhog.cpp.o[0m
[0.253s] [ 22%] Built target astra_camera_msgs__rosidl_typesupport_cpp
[0.268s] [ 32%] Built target astra_camera_msgs__rosidl_typesupport_introspection_cpp
[0.277s] [ 51%] Built target astra_camera_msgs__rosidl_typesupport_introspection_c
[0.278s] [ 51%] Built target astra_camera_msgs__rosidl_typesupport_fastrtps_cpp
[0.301s] [ 52%] [32mBuilding CXX object CMakeFiles/KCFTracker_node.dir/src/yahboomcar_astra/PID.cpp.o[0m
[0.341s] [ 61%] Built target astra_camera_msgs__rosidl_typesupport_fastrtps_c
[0.351s] [ 71%] Built target astra_camera_msgs__rosidl_typesupport_c
[0.409s] [ 71%] Built target astra_camera_msgs
[0.416s] [35m[1mConsolidate compiler generated dependencies of target yahboomcar_astra_driver[0m
[0.460s] [ 72%] Built target astra_camera_msgs__py
[0.544s] [ 80%] Built target astra_camera_msgs__rosidl_generator_py
[0.552s] [ 92%] Built target yahboomcar_astra_driver
[0.603s] [ 94%] Built target astra_camera_msgs__rosidl_typesupport_fastrtps_c__pyext
[0.621s] [01m[K/home/jetson/yahboomcar_ws/src/yahboomcar_astra/src/yahboomcar_astra/kcftracker.cpp:87:10:[m[K [01;31m[Kfatal error: [m[Kffttools.h: No such file or directory
[0.621s]    87 | #include [01;31m[K"ffttools.h"[m[K
[0.621s]       |          [01;31m[K^~~~~~~~~~~~[m[K
[0.622s] compilation terminated.
[0.627s] gmake[2]: *** [CMakeFiles/KCFTracker_node.dir/build.make:104: CMakeFiles/KCFTracker_node.dir/src/yahboomcar_astra/kcftracker.cpp.o] Error 1
[0.627s] gmake[2]: *** Waiting for unfinished jobs....
[0.652s] [ 95%] Built target astra_camera_msgs__rosidl_typesupport_introspection_c__pyext
[0.660s] [ 96%] Built target astra_camera_msgs__rosidl_typesupport_c__pyext
[0.680s] [35m[1mConsolidate compiler generated dependencies of target astra_camera_node[0m
[0.729s] [ 97%] [32m[1mLinking CXX executable astra_camera_node[0m
[0.870s] running egg_info
[0.923s] writing astra_camera_msgs.egg-info/PKG-INFO
[0.924s] writing dependency_links to astra_camera_msgs.egg-info/dependency_links.txt
[0.925s] writing top-level names to astra_camera_msgs.egg-info/top_level.txt
[1.077s] reading manifest file 'astra_camera_msgs.egg-info/SOURCES.txt'
[1.081s] writing manifest file 'astra_camera_msgs.egg-info/SOURCES.txt'
[1.179s] [ 97%] Built target ament_cmake_python_build_astra_camera_msgs_egg
[2.807s] gmake[1]: *** [CMakeFiles/Makefile2:235: CMakeFiles/KCFTracker_node.dir/all] Error 2
[2.807s] gmake[1]: *** Waiting for unfinished jobs....
[3.698s] [ 98%] Built target astra_camera_node
[3.701s] gmake: *** [Makefile:146: all] Error 2
[3.707s] Invoked command in '/home/jetson/yahboomcar_ws/src/build/yahboomcar_astra' returned '2': CMAKE_PREFIX_PATH=${CMAKE_PREFIX_PATH}:/opt/ros/humble /usr/bin/cmake --build /home/jetson/yahboomcar_ws/src/build/yahboomcar_astra -- -j6 -l6
