-- The C compiler identification is GNU 11.4.0
-- The CXX compiler identification is GNU 11.4.0
-- Detecting C compiler ABI info
-- Detecting C compiler ABI info - done
-- Check for working C compiler: /usr/bin/cc - skipped
-- Detecting C compile features
-- Detecting C compile features - done
-- Detecting CXX compiler ABI info
-- Detecting CXX compiler ABI info - done
-- Check for working CXX compiler: /usr/bin/c++ - skipped
-- Detecting CXX compile features
-- Detecting CXX compile features - done
-- Found ament_cmake: 1.3.11 (/opt/ros/humble/share/ament_cmake/cmake)
-- Found Python3: /usr/bin/python3 (found version "3.10.12") found components: Interpreter 
-- Found rclcpp: 16.0.12 (/opt/ros/humble/share/rclcpp/cmake)
-- Found rosidl_generator_c: 3.1.6 (/opt/ros/humble/share/rosidl_generator_c/cmake)
-- Found rosidl_adapter: 3.1.6 (/opt/ros/humble/share/rosidl_adapter/cmake)
-- Found rosidl_generator_cpp: 3.1.6 (/opt/ros/humble/share/rosidl_generator_cpp/cmake)
-- Using all available rosidl_typesupport_c: rosidl_typesupport_fastrtps_c;rosidl_typesupport_introspection_c
-- Using all available rosidl_typesupport_cpp: rosidl_typesupport_fastrtps_cpp;rosidl_typesupport_introspection_cpp
-- Found rmw_implementation_cmake: 6.1.2 (/opt/ros/humble/share/rmw_implementation_cmake/cmake)
-- Found rmw_fastrtps_cpp: 6.2.7 (/opt/ros/humble/share/rmw_fastrtps_cpp/cmake)
-- Found OpenSSL: /usr/lib/aarch64-linux-gnu/libcrypto.so (found version "3.0.2")  
-- Found FastRTPS: /opt/ros/humble/include  
-- Using RMW implementation 'rmw_fastrtps_cpp' as default
-- Looking for pthread.h
-- Looking for pthread.h - found
-- Performing Test CMAKE_HAVE_LIBC_PTHREAD
-- Performing Test CMAKE_HAVE_LIBC_PTHREAD - Success
-- Found Threads: TRUE  
-- Found rclcpp_components: 16.0.12 (/opt/ros/humble/share/rclcpp_components/cmake)
-- Found sensor_msgs: 4.8.0 (/opt/ros/humble/share/sensor_msgs/cmake)
-- Found std_srvs: 4.8.0 (/opt/ros/humble/share/std_srvs/cmake)
-- Found tf2: 0.25.12 (/opt/ros/humble/share/tf2/cmake)
-- Found tf2_ros: 0.25.12 (/opt/ros/humble/share/tf2_ros/cmake)
-- Found tf2_sensor_msgs: 0.25.12 (/opt/ros/humble/share/tf2_sensor_msgs/cmake)
-- Found camera_info_manager: 3.1.11 (/opt/ros/humble/share/camera_info_manager/cmake)
-- Found cv_bridge: 3.2.1 (/opt/ros/humble/share/cv_bridge/cmake)
-- Found CUDA: /usr/local/cuda-12.6 (found suitable exact version "12.6") 
-- Found image_transport: 3.1.11 (/opt/ros/humble/share/image_transport/cmake)
-- Found image_geometry: 3.2.1 (/opt/ros/humble/share/image_geometry/cmake)
-- Found image_publisher: 3.0.8 (/opt/ros/humble/share/image_publisher/cmake)
-- Found Eigen3: TRUE (found version "3.4.0") 
-- Found OpenCV: /usr/local (found version "4.10.0") 
-- Configuring done
-- Generating done
-- Build files have been written to: /home/jetson/yahboomcar_ws/src/yahboomcar_astra/build/yahboomcar_astra
[ 15%] [32mBuilding CXX object CMakeFiles/yahboomcar_astra_driver.dir/src/ob_camera_info.cpp.o[0m
[ 15%] [32mBuilding CXX object CMakeFiles/KCFTracker_node.dir/src/KCF_Tracker_main.cpp.o[0m
[ 15%] [32mBuilding CXX object CMakeFiles/yahboomcar_astra_driver.dir/src/main.cpp.o[0m
[ 21%] [32mBuilding CXX object CMakeFiles/yahboomcar_astra_driver.dir/src/ob_camera_node_factory.cpp.o[0m
[ 26%] [32mBuilding CXX object CMakeFiles/yahboomcar_astra_driver.dir/src/ob_camera_node.cpp.o[0m
[ 31%] [32mBuilding CXX object CMakeFiles/KCFTracker_node.dir/src/KCF_Tracker.cpp.o[0m
[01m[K/home/jetson/yahboomcar_ws/src/yahboomcar_astra/src/KCF_Tracker.cpp:5:10:[m[K [01;31m[Kfatal error: [m[KKCF_Tracker.h: No such file or directory
    5 | #include [01;31m[K"KCF_Tracker.h"[m[K
      |          [01;31m[K^~~~~~~~~~~~~~~[m[K
compilation terminated.
gmake[2]: *** [CMakeFiles/KCFTracker_node.dir/build.make:90: CMakeFiles/KCFTracker_node.dir/src/KCF_Tracker.cpp.o] Error 1
gmake[2]: *** Waiting for unfinished jobs....
[ 36%] [32mBuilding CXX object CMakeFiles/yahboomcar_astra_driver.dir/src/ob_context.cpp.o[0m
[01m[K/home/jetson/yahboomcar_ws/src/yahboomcar_astra/src/KCF_Tracker_main.cpp:2:10:[m[K [01;31m[Kfatal error: [m[Kros/ros.h: No such file or directory
    2 | #include [01;31m[K<ros/ros.h>[m[K
      |          [01;31m[K^~~~~~~~~~~[m[K
compilation terminated.
gmake[2]: *** [CMakeFiles/KCFTracker_node.dir/build.make:76: CMakeFiles/KCFTracker_node.dir/src/KCF_Tracker_main.cpp.o] Error 1
gmake[1]: *** [CMakeFiles/Makefile2:193: CMakeFiles/KCFTracker_node.dir/all] Error 2
gmake[1]: *** Waiting for unfinished jobs....
[ 42%] [32mBuilding CXX object CMakeFiles/yahboomcar_astra_driver.dir/src/ob_timer_filter.cpp.o[0m
In file included from [01m[K/home/jetson/yahboomcar_ws/src/yahboomcar_astra/include/astra_camera/ob_camera_node_factory.h:22[m[K,
                 from [01m[K/home/jetson/yahboomcar_ws/src/yahboomcar_astra/src/ob_camera_node_factory.cpp:15[m[K:
[01m[K/home/jetson/yahboomcar_ws/src/yahboomcar_astra/include/astra_camera/ob_camera_node.h:35:10:[m[K [01;31m[Kfatal error: [m[Kastra_camera_msgs/msg/device_info.hpp: No such file or directory
   35 | #include [01;31m[K"astra_camera_msgs/msg/device_info.hpp"[m[K
      |          [01;31m[K^~~~~~~~~~~~~~~~~~~~~~~~~~~~~~~~~~~~~~~[m[K
compilation terminated.
In file included from [01m[K/home/jetson/yahboomcar_ws/src/yahboomcar_astra/include/astra_camera/ob_camera_node_factory.h:22[m[K,
                 from [01m[K/home/jetson/yahboomcar_ws/src/yahboomcar_astra/src/main.cpp:14[m[K:
[01m[K/home/jetson/yahboomcar_ws/src/yahboomcar_astra/include/astra_camera/ob_camera_node.h:35:10:[m[K [01;31m[Kfatal error: [m[Kastra_camera_msgs/msg/device_info.hpp: No such file or directory
   35 | #include [01;31m[K"astra_camera_msgs/msg/device_info.hpp"[m[K
      |          [01;31m[K^~~~~~~~~~~~~~~~~~~~~~~~~~~~~~~~~~~~~~~[m[K
compilation terminated.
In file included from [01m[K/home/jetson/yahboomcar_ws/src/yahboomcar_astra/src/ob_camera_node.cpp:13[m[K:
[01m[K/home/jetson/yahboomcar_ws/src/yahboomcar_astra/include/astra_camera/ob_camera_node.h:35:10:[m[K [01;31m[Kfatal error: [m[Kastra_camera_msgs/msg/device_info.hpp: No such file or directory
   35 | #include [01;31m[K"astra_camera_msgs/msg/device_info.hpp"[m[K
      |          [01;31m[K^~~~~~~~~~~~~~~~~~~~~~~~~~~~~~~~~~~~~~~[m[K
compilation terminated.
gmake[2]: *** [CMakeFiles/yahboomcar_astra_driver.dir/build.make:76: CMakeFiles/yahboomcar_astra_driver.dir/src/main.cpp.o] Error 1
gmake[2]: *** Waiting for unfinished jobs....
gmake[2]: *** [CMakeFiles/yahboomcar_astra_driver.dir/build.make:118: CMakeFiles/yahboomcar_astra_driver.dir/src/ob_camera_node_factory.cpp.o] Error 1
gmake[2]: *** [CMakeFiles/yahboomcar_astra_driver.dir/build.make:104: CMakeFiles/yahboomcar_astra_driver.dir/src/ob_camera_node.cpp.o] Error 1
In file included from [01m[K/home/jetson/yahboomcar_ws/src/yahboomcar_astra/include/astra_camera/utils.h:27[m[K,
                 from [01m[K/home/jetson/yahboomcar_ws/src/yahboomcar_astra/src/ob_camera_info.cpp:17[m[K:
[01m[K/home/jetson/yahboomcar_ws/src/yahboomcar_astra/include/astra_camera/types.h:22:10:[m[K [01;31m[Kfatal error: [m[Kastra_camera_msgs/srv/get_device_info.hpp: No such file or directory
   22 | #include [01;31m[K"astra_camera_msgs/srv/get_device_info.hpp"[m[K
      |          [01;31m[K^~~~~~~~~~~~~~~~~~~~~~~~~~~~~~~~~~~~~~~~~~~[m[K
compilation terminated.
gmake[2]: *** [CMakeFiles/yahboomcar_astra_driver.dir/build.make:90: CMakeFiles/yahboomcar_astra_driver.dir/src/ob_camera_info.cpp.o] Error 1
gmake[1]: *** [CMakeFiles/Makefile2:141: CMakeFiles/yahboomcar_astra_driver.dir/all] Error 2
gmake: *** [Makefile:146: all] Error 2
