[0.053s] Invoking command in '/home/jetson/yahboomcar_ws/src/yahboomcar_astra/build/yahboomcar_astra': CMAKE_PREFIX_PATH=${CMAKE_PREFIX_PATH}:/opt/ros/humble /usr/bin/cmake /home/jetson/yahboomcar_ws/src/yahboomcar_astra -DCMAKE_INSTALL_PREFIX=/home/jetson/yahboomcar_ws/src/yahboomcar_astra/install/yahboomcar_astra
[0.223s] -- The C compiler identification is GNU 11.4.0
[0.356s] -- The CXX compiler identification is GNU 11.4.0
[0.378s] -- Detecting C compiler ABI info
[0.530s] -- Detecting C compiler ABI info - done
[0.553s] -- Check for working C compiler: /usr/bin/cc - skipped
[0.554s] -- Detecting C compile features
[0.556s] -- Detecting C compile features - done
[0.563s] -- Detecting CXX compiler ABI info
[0.722s] -- Detecting CXX compiler ABI info - done
[0.737s] -- Check for working CXX compiler: /usr/bin/c++ - skipped
[0.737s] -- Detecting CXX compile features
[0.738s] -- Detecting CXX compile features - done
[0.752s] -- Found ament_cmake: 1.3.11 (/opt/ros/humble/share/ament_cmake/cmake)
[1.530s] -- Found Python3: /usr/bin/python3 (found version "3.10.12") found components: Interpreter 
[1.799s] -- Found rclcpp: 16.0.12 (/opt/ros/humble/share/rclcpp/cmake)
[1.915s] -- Found rosidl_generator_c: 3.1.6 (/opt/ros/humble/share/rosidl_generator_c/cmake)
[1.929s] -- Found rosidl_adapter: 3.1.6 (/opt/ros/humble/share/rosidl_adapter/cmake)
[1.950s] -- Found rosidl_generator_cpp: 3.1.6 (/opt/ros/humble/share/rosidl_generator_cpp/cmake)
[1.979s] -- Using all available rosidl_typesupport_c: rosidl_typesupport_fastrtps_c;rosidl_typesupport_introspection_c
[2.017s] -- Using all available rosidl_typesupport_cpp: rosidl_typesupport_fastrtps_cpp;rosidl_typesupport_introspection_cpp
[2.127s] -- Found rmw_implementation_cmake: 6.1.2 (/opt/ros/humble/share/rmw_implementation_cmake/cmake)
[2.135s] -- Found rmw_fastrtps_cpp: 6.2.7 (/opt/ros/humble/share/rmw_fastrtps_cpp/cmake)
[2.324s] -- Found OpenSSL: /usr/lib/aarch64-linux-gnu/libcrypto.so (found version "3.0.2")  
[2.399s] -- Found FastRTPS: /opt/ros/humble/include  
[2.487s] -- Using RMW implementation 'rmw_fastrtps_cpp' as default
[2.512s] -- Looking for pthread.h
[2.664s] -- Looking for pthread.h - found
[2.665s] -- Performing Test CMAKE_HAVE_LIBC_PTHREAD
[2.834s] -- Performing Test CMAKE_HAVE_LIBC_PTHREAD - Success
[2.838s] -- Found Threads: TRUE  
[2.985s] -- Found rclcpp_components: 16.0.12 (/opt/ros/humble/share/rclcpp_components/cmake)
[3.048s] -- Found sensor_msgs: 4.8.0 (/opt/ros/humble/share/sensor_msgs/cmake)
[3.111s] -- Found std_srvs: 4.8.0 (/opt/ros/humble/share/std_srvs/cmake)
[3.136s] -- Found tf2: 0.25.12 (/opt/ros/humble/share/tf2/cmake)
[3.147s] -- Found tf2_ros: 0.25.12 (/opt/ros/humble/share/tf2_ros/cmake)
[3.289s] -- Found tf2_sensor_msgs: 0.25.12 (/opt/ros/humble/share/tf2_sensor_msgs/cmake)
[3.315s] -- Found camera_info_manager: 3.1.11 (/opt/ros/humble/share/camera_info_manager/cmake)
[3.348s] -- Found cv_bridge: 3.2.1 (/opt/ros/humble/share/cv_bridge/cmake)
[3.420s] -- Found CUDA: /usr/local/cuda-12.6 (found suitable exact version "12.6") 
[3.447s] -- Found image_transport: 3.1.11 (/opt/ros/humble/share/image_transport/cmake)
[3.493s] -- Found image_geometry: 3.2.1 (/opt/ros/humble/share/image_geometry/cmake)
[3.502s] -- Found image_publisher: 3.0.8 (/opt/ros/humble/share/image_publisher/cmake)
[3.510s] -- Found Eigen3: TRUE (found version "3.4.0") 
[3.522s] -- Found OpenCV: /usr/local (found version "4.10.0") 
[3.689s] -- Configuring done
[3.795s] -- Generating done
[3.814s] -- Build files have been written to: /home/jetson/yahboomcar_ws/src/yahboomcar_astra/build/yahboomcar_astra
[3.846s] Invoked command in '/home/jetson/yahboomcar_ws/src/yahboomcar_astra/build/yahboomcar_astra' returned '0': CMAKE_PREFIX_PATH=${CMAKE_PREFIX_PATH}:/opt/ros/humble /usr/bin/cmake /home/jetson/yahboomcar_ws/src/yahboomcar_astra -DCMAKE_INSTALL_PREFIX=/home/jetson/yahboomcar_ws/src/yahboomcar_astra/install/yahboomcar_astra
[3.852s] Invoking command in '/home/jetson/yahboomcar_ws/src/yahboomcar_astra/build/yahboomcar_astra': CMAKE_PREFIX_PATH=${CMAKE_PREFIX_PATH}:/opt/ros/humble /usr/bin/cmake --build /home/jetson/yahboomcar_ws/src/yahboomcar_astra/build/yahboomcar_astra -- -j6 -l6
[3.970s] [ 15%] [32mBuilding CXX object CMakeFiles/yahboomcar_astra_driver.dir/src/ob_camera_info.cpp.o[0m
[3.970s] [ 15%] [32mBuilding CXX object CMakeFiles/KCFTracker_node.dir/src/KCF_Tracker_main.cpp.o[0m
[3.970s] [ 15%] [32mBuilding CXX object CMakeFiles/yahboomcar_astra_driver.dir/src/main.cpp.o[0m
[3.971s] [ 21%] [32mBuilding CXX object CMakeFiles/yahboomcar_astra_driver.dir/src/ob_camera_node_factory.cpp.o[0m
[3.984s] [ 26%] [32mBuilding CXX object CMakeFiles/yahboomcar_astra_driver.dir/src/ob_camera_node.cpp.o[0m
[3.985s] [ 31%] [32mBuilding CXX object CMakeFiles/KCFTracker_node.dir/src/KCF_Tracker.cpp.o[0m
[4.006s] [01m[K/home/jetson/yahboomcar_ws/src/yahboomcar_astra/src/KCF_Tracker.cpp:5:10:[m[K [01;31m[Kfatal error: [m[KKCF_Tracker.h: No such file or directory
[4.006s]     5 | #include [01;31m[K"KCF_Tracker.h"[m[K
[4.006s]       |          [01;31m[K^~~~~~~~~~~~~~~[m[K
[4.006s] compilation terminated.
[4.008s] gmake[2]: *** [CMakeFiles/KCFTracker_node.dir/build.make:90: CMakeFiles/KCFTracker_node.dir/src/KCF_Tracker.cpp.o] Error 1
[4.008s] gmake[2]: *** Waiting for unfinished jobs....
[4.027s] [ 36%] [32mBuilding CXX object CMakeFiles/yahboomcar_astra_driver.dir/src/ob_context.cpp.o[0m
[4.065s] [01m[K/home/jetson/yahboomcar_ws/src/yahboomcar_astra/src/KCF_Tracker_main.cpp:2:10:[m[K [01;31m[Kfatal error: [m[Kros/ros.h: No such file or directory
[4.065s]     2 | #include [01;31m[K<ros/ros.h>[m[K
[4.065s]       |          [01;31m[K^~~~~~~~~~~[m[K
[4.065s] compilation terminated.
[4.069s] gmake[2]: *** [CMakeFiles/KCFTracker_node.dir/build.make:76: CMakeFiles/KCFTracker_node.dir/src/KCF_Tracker_main.cpp.o] Error 1
[4.069s] gmake[1]: *** [CMakeFiles/Makefile2:193: CMakeFiles/KCFTracker_node.dir/all] Error 2
[4.070s] gmake[1]: *** Waiting for unfinished jobs....
[4.091s] [ 42%] [32mBuilding CXX object CMakeFiles/yahboomcar_astra_driver.dir/src/ob_timer_filter.cpp.o[0m
[5.181s] In file included from [01m[K/home/jetson/yahboomcar_ws/src/yahboomcar_astra/include/astra_camera/ob_camera_node_factory.h:22[m[K,
[5.182s]                  from [01m[K/home/jetson/yahboomcar_ws/src/yahboomcar_astra/src/ob_camera_node_factory.cpp:15[m[K:
[5.182s] [01m[K/home/jetson/yahboomcar_ws/src/yahboomcar_astra/include/astra_camera/ob_camera_node.h:35:10:[m[K [01;31m[Kfatal error: [m[Kastra_camera_msgs/msg/device_info.hpp: No such file or directory
[5.182s]    35 | #include [01;31m[K"astra_camera_msgs/msg/device_info.hpp"[m[K
[5.182s]       |          [01;31m[K^~~~~~~~~~~~~~~~~~~~~~~~~~~~~~~~~~~~~~~[m[K
[5.182s] compilation terminated.
[5.182s] In file included from [01m[K/home/jetson/yahboomcar_ws/src/yahboomcar_astra/include/astra_camera/ob_camera_node_factory.h:22[m[K,
[5.182s]                  from [01m[K/home/jetson/yahboomcar_ws/src/yahboomcar_astra/src/main.cpp:14[m[K:
[5.183s] [01m[K/home/jetson/yahboomcar_ws/src/yahboomcar_astra/include/astra_camera/ob_camera_node.h:35:10:[m[K [01;31m[Kfatal error: [m[Kastra_camera_msgs/msg/device_info.hpp: No such file or directory
[5.183s]    35 | #include [01;31m[K"astra_camera_msgs/msg/device_info.hpp"[m[K
[5.183s]       |          [01;31m[K^~~~~~~~~~~~~~~~~~~~~~~~~~~~~~~~~~~~~~~[m[K
[5.183s] compilation terminated.
[5.190s] In file included from [01m[K/home/jetson/yahboomcar_ws/src/yahboomcar_astra/src/ob_camera_node.cpp:13[m[K:
[5.191s] [01m[K/home/jetson/yahboomcar_ws/src/yahboomcar_astra/include/astra_camera/ob_camera_node.h:35:10:[m[K [01;31m[Kfatal error: [m[Kastra_camera_msgs/msg/device_info.hpp: No such file or directory
[5.191s]    35 | #include [01;31m[K"astra_camera_msgs/msg/device_info.hpp"[m[K
[5.191s]       |          [01;31m[K^~~~~~~~~~~~~~~~~~~~~~~~~~~~~~~~~~~~~~~[m[K
[5.191s] compilation terminated.
[5.198s] gmake[2]: *** [CMakeFiles/yahboomcar_astra_driver.dir/build.make:76: CMakeFiles/yahboomcar_astra_driver.dir/src/main.cpp.o] Error 1
[5.198s] gmake[2]: *** Waiting for unfinished jobs....
[5.200s] gmake[2]: *** [CMakeFiles/yahboomcar_astra_driver.dir/build.make:118: CMakeFiles/yahboomcar_astra_driver.dir/src/ob_camera_node_factory.cpp.o] Error 1
[5.210s] gmake[2]: *** [CMakeFiles/yahboomcar_astra_driver.dir/build.make:104: CMakeFiles/yahboomcar_astra_driver.dir/src/ob_camera_node.cpp.o] Error 1
[5.457s] In file included from [01m[K/home/jetson/yahboomcar_ws/src/yahboomcar_astra/include/astra_camera/utils.h:27[m[K,
[5.457s]                  from [01m[K/home/jetson/yahboomcar_ws/src/yahboomcar_astra/src/ob_camera_info.cpp:17[m[K:
[5.458s] [01m[K/home/jetson/yahboomcar_ws/src/yahboomcar_astra/include/astra_camera/types.h:22:10:[m[K [01;31m[Kfatal error: [m[Kastra_camera_msgs/srv/get_device_info.hpp: No such file or directory
[5.458s]    22 | #include [01;31m[K"astra_camera_msgs/srv/get_device_info.hpp"[m[K
[5.458s]       |          [01;31m[K^~~~~~~~~~~~~~~~~~~~~~~~~~~~~~~~~~~~~~~~~~~[m[K
[5.458s] compilation terminated.
[5.474s] gmake[2]: *** [CMakeFiles/yahboomcar_astra_driver.dir/build.make:90: CMakeFiles/yahboomcar_astra_driver.dir/src/ob_camera_info.cpp.o] Error 1
[10.893s] gmake[1]: *** [CMakeFiles/Makefile2:141: CMakeFiles/yahboomcar_astra_driver.dir/all] Error 2
[10.893s] gmake: *** [Makefile:146: all] Error 2
[10.899s] Invoked command in '/home/jetson/yahboomcar_ws/src/yahboomcar_astra/build/yahboomcar_astra' returned '2': CMAKE_PREFIX_PATH=${CMAKE_PREFIX_PATH}:/opt/ros/humble /usr/bin/cmake --build /home/jetson/yahboomcar_ws/src/yahboomcar_astra/build/yahboomcar_astra -- -j6 -l6
