[0.000000] (-) TimerEvent: {}
[0.000612] (yahboomcar_astra) JobQueued: {'identifier': 'yahboomcar_astra', 'dependencies': OrderedDict()}
[0.001117] (yahboomcar_astra) JobStarted: {'identifier': 'yahboomcar_astra'}
[0.041244] (yahboomcar_astra) JobProgress: {'identifier': 'yahboomcar_astra', 'progress': 'cmake'}
[0.042714] (yahboomcar_astra) JobProgress: {'identifier': 'yahboomcar_astra', 'progress': 'build'}
[0.044016] (yahboomcar_astra) Command: {'cmd': ['/usr/bin/cmake', '--build', '/home/jetson/yahboomcar_ws/src/yahboomcar_astra/build/yahboomcar_astra', '--', '-j6', '-l6'], 'cwd': '/home/jetson/yahboomcar_ws/src/yahboomcar_astra/build/yahboomcar_astra', 'env': OrderedDict([('LESSOPEN', '| /usr/bin/lesspipe %s'), ('LANGUAGE', 'en_US:en'), ('USER', 'jetson'), ('SSH_CLIENT', '192.168.1.204 59357 22'), ('LC_TIME', 'en_US.UTF-8'), ('JETSON_MODEL_NAME', 'JETSON_ORIN_NANO'), ('CAMERA_TYPE', 'astraplus'), ('XDG_SESSION_TYPE', 'tty'), ('GIT_ASKPASS', '/home/jetson/.cursor-server/cli/servers/Stable-96e5b01ca25f8fbd4c4c10bc69b15f6228c80770/server/extensions/git/dist/askpass.sh'), ('SHLVL', '1'), ('LD_LIBRARY_PATH', '/usr/local/lib:/usr/local/cuda-12.6/lib64:/home/jetson/yahboomcar_ros2_ws/software/library_ws/install/teb_local_planner/lib:/home/jetson/yahboomcar_ros2_ws/software/library_ws/install/teb_msgs/lib:/home/jetson/yahboomcar_ros2_ws/software/library_ws/install/robot_localization/lib:/home/jetson/yahboomcar_ros2_ws/software/library_ws/install/openslam_gmapping/lib:/home/jetson/yahboomcar_ros2_ws/software/library_ws/install/costmap_converter/lib:/home/jetson/yahboomcar_ros2_ws/software/library_ws/install/costmap_converter_msgs/lib:/home/jetson/yahboomcar_ros2_ws/software/library_ws/install/astra_camera/lib:/home/jetson/yahboomcar_ros2_ws/software/library_ws/install/astra_camera_msgs/lib:/opt/ros/humble/opt/rviz_ogre_vendor/lib:/opt/ros/humble/lib/aarch64-linux-gnu:/opt/ros/humble/lib:/usr/local/lib:/usr/local/cuda-12.6/lib64:'), ('BROWSER', '/home/jetson/.cursor-server/cli/servers/Stable-96e5b01ca25f8fbd4c4c10bc69b15f6228c80770/server/bin/helpers/browser.sh'), ('MOTD_SHOWN', 'pam'), ('HOME', '/home/jetson'), ('OLDPWD', '/home/jetson/yahboomcar_ws/src'), ('TERM_PROGRAM_VERSION', '0.50.5'), ('VSCODE_IPC_HOOK_CLI', '/run/user/1000/vscode-ipc-4dd99b5c-508e-4ee1-93e9-cc1dde71cf6a.sock'), ('JETSON_L4T', '36.4.3'), ('ROS_PYTHON_VERSION', '3'), ('JETSON_MODEL', 'NVIDIA Jetson Orin Nano Engineering Reference Developer Kit Super'), ('VSCODE_GIT_ASKPASS_MAIN', '/home/jetson/.cursor-server/cli/servers/Stable-96e5b01ca25f8fbd4c4c10bc69b15f6228c80770/server/extensions/git/dist/askpass-main.js'), ('LC_MONETARY', 'en_US.UTF-8'), ('VSCODE_GIT_ASKPASS_NODE', '/home/jetson/.cursor-server/cli/servers/Stable-96e5b01ca25f8fbd4c4c10bc69b15f6228c80770/server/node'), ('SSL_CERT_FILE', '/usr/lib/ssl/certs/ca-certificates.crt'), ('DBUS_SESSION_BUS_ADDRESS', 'unix:path=/run/user/1000/bus'), ('COLORTERM', 'truecolor'), ('ROBOT_TYPE', 'x3'), ('COLCON_PREFIX_PATH', '/home/jetson/yahboomcar_ros2_ws/software/library_ws/install'), ('ROS_DISTRO', 'humble'), ('LOGNAME', 'jetson'), ('JETSON_MODULE', 'NVIDIA Jetson Orin Nano (Developer kit)'), ('JETSON_SERIAL_NUMBER', '1424124390160'), ('_', '/usr/bin/colcon'), ('ROS_VERSION', '2'), ('XDG_SESSION_CLASS', 'user'), ('TERM', 'xterm-256color'), ('XDG_SESSION_ID', '783'), ('ROS_LOCALHOST_ONLY', '0'), ('PATH', '/usr/local/cuda-12.6/bin:/home/jetson/.cursor-server/cli/servers/Stable-96e5b01ca25f8fbd4c4c10bc69b15f6228c80770/server/bin/remote-cli:/home/jetson/.local/bin:/home/jetson/yahboomcar_ros2_ws/software/library_ws/install/costmap_converter/bin:/opt/ros/humble/bin:/usr/local/cuda-12.6/bin:/usr/local/sbin:/usr/local/bin:/usr/sbin:/usr/bin:/sbin:/bin:/usr/games:/usr/local/games:/snap/bin'), ('PAPERSIZE', 'letter'), ('LC_ADDRESS', 'en_US.UTF-8'), ('XDG_RUNTIME_DIR', '/run/user/1000'), ('SSL_CERT_DIR', '/usr/lib/ssl/certs'), ('LANG', 'en_US.UTF-8'), ('LC_TELEPHONE', 'en_US.UTF-8'), ('LS_COLORS', 'rs=0:di=01;34:ln=01;36:mh=00:pi=40;33:so=01;35:do=01;35:bd=40;33;01:cd=40;33;01:or=40;31;01:mi=00:su=37;41:sg=30;43:ca=30;41:tw=30;42:ow=34;42:st=37;44:ex=01;32:*.tar=01;31:*.tgz=01;31:*.arc=01;31:*.arj=01;31:*.taz=01;31:*.lha=01;31:*.lz4=01;31:*.lzh=01;31:*.lzma=01;31:*.tlz=01;31:*.txz=01;31:*.tzo=01;31:*.t7z=01;31:*.zip=01;31:*.z=01;31:*.dz=01;31:*.gz=01;31:*.lrz=01;31:*.lz=01;31:*.lzo=01;31:*.xz=01;31:*.zst=01;31:*.tzst=01;31:*.bz2=01;31:*.bz=01;31:*.tbz=01;31:*.tbz2=01;31:*.tz=01;31:*.deb=01;31:*.rpm=01;31:*.jar=01;31:*.war=01;31:*.ear=01;31:*.sar=01;31:*.rar=01;31:*.alz=01;31:*.ace=01;31:*.zoo=01;31:*.cpio=01;31:*.7z=01;31:*.rz=01;31:*.cab=01;31:*.wim=01;31:*.swm=01;31:*.dwm=01;31:*.esd=01;31:*.jpg=01;35:*.jpeg=01;35:*.mjpg=01;35:*.mjpeg=01;35:*.gif=01;35:*.bmp=01;35:*.pbm=01;35:*.pgm=01;35:*.ppm=01;35:*.tga=01;35:*.xbm=01;35:*.xpm=01;35:*.tif=01;35:*.tiff=01;35:*.png=01;35:*.svg=01;35:*.svgz=01;35:*.mng=01;35:*.pcx=01;35:*.mov=01;35:*.mpg=01;35:*.mpeg=01;35:*.m2v=01;35:*.mkv=01;35:*.webm=01;35:*.webp=01;35:*.ogm=01;35:*.mp4=01;35:*.m4v=01;35:*.mp4v=01;35:*.vob=01;35:*.qt=01;35:*.nuv=01;35:*.wmv=01;35:*.asf=01;35:*.rm=01;35:*.rmvb=01;35:*.flc=01;35:*.avi=01;35:*.fli=01;35:*.flv=01;35:*.gl=01;35:*.dl=01;35:*.xcf=01;35:*.xwd=01;35:*.yuv=01;35:*.cgm=01;35:*.emf=01;35:*.ogv=01;35:*.ogx=01;35:*.aac=00;36:*.au=00;36:*.flac=00;36:*.m4a=00;36:*.mid=00;36:*.midi=00;36:*.mka=00;36:*.mp3=00;36:*.mpc=00;36:*.ogg=00;36:*.ra=00;36:*.wav=00;36:*.oga=00;36:*.opus=00;36:*.spx=00;36:*.xspf=00;36:'), ('JETSON_SOC', 'tegra234'), ('VSCODE_GIT_IPC_HANDLE', '/run/user/1000/vscode-git-c7dd36bdf0.sock'), ('TERM_PROGRAM', 'vscode'), ('ROS_DOMAIN_ID', '28'), ('AMENT_PREFIX_PATH', '/home/jetson/yahboomcar_ros2_ws/software/library_ws/install/ydlidar_ros2_driver:/home/jetson/yahboomcar_ros2_ws/software/library_ws/install/web_video_server:/home/jetson/yahboomcar_ros2_ws/software/library_ws/install/teb_local_planner:/home/jetson/yahboomcar_ros2_ws/software/library_ws/install/teb_msgs:/home/jetson/yahboomcar_ros2_ws/software/library_ws/install/sllidar_ros2:/home/jetson/yahboomcar_ros2_ws/software/library_ws/install/slam_gmapping:/home/jetson/yahboomcar_ros2_ws/software/library_ws/install/robot_localization:/home/jetson/yahboomcar_ros2_ws/software/library_ws/install/openslam_gmapping:/home/jetson/yahboomcar_ros2_ws/software/library_ws/install/costmap_converter:/home/jetson/yahboomcar_ros2_ws/software/library_ws/install/costmap_converter_msgs:/home/jetson/yahboomcar_ros2_ws/software/library_ws/install/astra_camera:/home/jetson/yahboomcar_ros2_ws/software/library_ws/install/astra_camera_msgs:/opt/ros/humble'), ('SHELL', '/bin/bash'), ('LC_NAME', 'en_US.UTF-8'), ('LESSCLOSE', '/usr/bin/lesspipe %s %s'), ('LC_MEASUREMENT', 'en_US.UTF-8'), ('LC_IDENTIFICATION', 'en_US.UTF-8'), ('VSCODE_GIT_ASKPASS_EXTRA_ARGS', ''), ('RPLIDAR_TYPE', 'a1'), ('JETSON_CUDA_ARCH_BIN', '8.7'), ('PWD', '/home/jetson/yahboomcar_ws/src/yahboomcar_astra/build/yahboomcar_astra'), ('SSH_CONNECTION', '192.168.1.204 59357 192.168.1.167 22'), ('XDG_DATA_DIRS', '/usr/share/gnome:/usr/local/share:/usr/share:/var/lib/snapd/desktop'), ('PYTHONPATH', '/usr/local/lib/python3.10/site-packages/:/home/jetson/yahboomcar_ros2_ws/software/library_ws/install/teb_msgs/local/lib/python3.10/dist-packages:/home/jetson/yahboomcar_ros2_ws/software/library_ws/install/robot_localization/local/lib/python3.10/dist-packages:/home/jetson/yahboomcar_ros2_ws/software/library_ws/install/costmap_converter_msgs/local/lib/python3.10/dist-packages:/home/jetson/yahboomcar_ros2_ws/software/library_ws/install/astra_camera_msgs/local/lib/python3.10/dist-packages:/opt/ros/humble/lib/python3.10/site-packages:/opt/ros/humble/local/lib/python3.10/dist-packages:/usr/local/lib/python3.10/site-packages/:'), ('LC_NUMERIC', 'en_US.UTF-8'), ('LC_PAPER', 'en_US.UTF-8'), ('COLCON', '1'), ('JETSON_JETPACK', '6.2'), ('CMAKE_PREFIX_PATH', '/home/jetson/yahboomcar_ros2_ws/software/library_ws/install/ydlidar_ros2_driver:/home/jetson/yahboomcar_ros2_ws/software/library_ws/install/web_video_server:/home/jetson/yahboomcar_ros2_ws/software/library_ws/install/teb_local_planner:/home/jetson/yahboomcar_ros2_ws/software/library_ws/install/teb_msgs:/home/jetson/yahboomcar_ros2_ws/software/library_ws/install/sllidar_ros2:/home/jetson/yahboomcar_ros2_ws/software/library_ws/install/slam_gmapping:/home/jetson/yahboomcar_ros2_ws/software/library_ws/install/robot_localization:/home/jetson/yahboomcar_ros2_ws/software/library_ws/install/openslam_gmapping:/home/jetson/yahboomcar_ros2_ws/software/library_ws/install/costmap_converter:/home/jetson/yahboomcar_ros2_ws/software/library_ws/install/costmap_converter_msgs:/home/jetson/yahboomcar_ros2_ws/software/library_ws/install/astra_camera:/home/jetson/yahboomcar_ros2_ws/software/library_ws/install/astra_camera_msgs:/opt/ros/humble'), ('JETSON_P_NUMBER', 'p3767-0005')]), 'shell': False}
[0.099489] (-) TimerEvent: {}
[0.100569] (yahboomcar_astra) StdoutLine: {'line': b'-- Found ament_cmake: 1.3.11 (/opt/ros/humble/share/ament_cmake/cmake)\n'}
[0.199630] (-) TimerEvent: {}
[0.300213] (-) TimerEvent: {}
[0.378259] (yahboomcar_astra) StdoutLine: {'line': b'-- Found rosidl_default_generators: 1.2.0 (/opt/ros/humble/share/rosidl_default_generators/cmake)\n'}
[0.389463] (yahboomcar_astra) StdoutLine: {'line': b'-- Using all available rosidl_typesupport_c: rosidl_typesupport_fastrtps_c;rosidl_typesupport_introspection_c\n'}
[0.399495] (yahboomcar_astra) StdoutLine: {'line': b'-- Found rosidl_adapter: 3.1.6 (/opt/ros/humble/share/rosidl_adapter/cmake)\n'}
[0.400284] (-) TimerEvent: {}
[0.468131] (yahboomcar_astra) StdoutLine: {'line': b'-- Using all available rosidl_typesupport_cpp: rosidl_typesupport_fastrtps_cpp;rosidl_typesupport_introspection_cpp\n'}
[0.500445] (-) TimerEvent: {}
[0.510707] (yahboomcar_astra) StdoutLine: {'line': b'-- Found sensor_msgs: 4.8.0 (/opt/ros/humble/share/sensor_msgs/cmake)\n'}
[0.600620] (-) TimerEvent: {}
[0.701194] (-) TimerEvent: {}
[0.801797] (-) TimerEvent: {}
[0.902372] (-) TimerEvent: {}
[1.002975] (-) TimerEvent: {}
[1.103678] (-) TimerEvent: {}
[1.204309] (-) TimerEvent: {}
[1.304994] (-) TimerEvent: {}
[1.374615] (yahboomcar_astra) StdoutLine: {'line': b'-- Found ament_cmake_ros: 0.10.0 (/opt/ros/humble/share/ament_cmake_ros/cmake)\n'}
[1.405145] (-) TimerEvent: {}
[1.505741] (-) TimerEvent: {}
[1.606413] (-) TimerEvent: {}
[1.707186] (-) TimerEvent: {}
[1.807810] (-) TimerEvent: {}
[1.908443] (-) TimerEvent: {}
[2.009049] (-) TimerEvent: {}
[2.037683] (yahboomcar_astra) StdoutLine: {'line': b'-- Using all available rosidl_typesupport_c: rosidl_typesupport_fastrtps_c;rosidl_typesupport_introspection_c\n'}
[2.109218] (-) TimerEvent: {}
[2.209875] (-) TimerEvent: {}
[2.310614] (-) TimerEvent: {}
[2.411299] (-) TimerEvent: {}
[2.511930] (-) TimerEvent: {}
[2.612669] (-) TimerEvent: {}
[2.713288] (-) TimerEvent: {}
[2.813967] (-) TimerEvent: {}
[2.914613] (-) TimerEvent: {}
[2.928977] (yahboomcar_astra) StdoutLine: {'line': b'-- Using all available rosidl_typesupport_cpp: rosidl_typesupport_fastrtps_cpp;rosidl_typesupport_introspection_cpp\n'}
[2.984675] (yahboomcar_astra) StdoutLine: {'line': b'-- Found python_cmake_module: 0.10.0 (/opt/ros/humble/share/python_cmake_module/cmake)\n'}
[3.014773] (-) TimerEvent: {}
[3.040418] (yahboomcar_astra) StdoutLine: {'line': b'-- Using PYTHON_EXECUTABLE: /usr/bin/python3\n'}
[3.040958] (yahboomcar_astra) StdoutLine: {'line': b'-- Using PYTHON_INCLUDE_DIRS: /usr/include/python3.10\n'}
[3.041138] (yahboomcar_astra) StdoutLine: {'line': b'-- Using PYTHON_LIBRARIES: /usr/lib/aarch64-linux-gnu/libpython3.10.so\n'}
[3.114940] (-) TimerEvent: {}
[3.215690] (-) TimerEvent: {}
[3.316355] (-) TimerEvent: {}
[3.334510] (yahboomcar_astra) StdoutLine: {'line': b'-- Using numpy include directory: /home/jetson/.local/lib/python3.10/site-packages/numpy/core/include\n'}
[3.371996] (yahboomcar_astra) StdoutLine: {'line': b'-- Found ament_lint_auto: 0.12.12 (/opt/ros/humble/share/ament_lint_auto/cmake)\n'}
[3.392886] (yahboomcar_astra) StdoutLine: {'line': b"-- Added test 'copyright' to check source files copyright and LICENSE\n"}
[3.396828] (yahboomcar_astra) StdoutLine: {'line': b"-- Added test 'lint_cmake' to check CMake code style\n"}
[3.398902] (yahboomcar_astra) StdoutLine: {'line': b"-- Added test 'xmllint' to check XML markup files\n"}
[3.402962] (yahboomcar_astra) StdoutLine: {'line': b'-- Found ament_cmake: 1.3.11 (/opt/ros/humble/share/ament_cmake/cmake)\n'}
[3.416469] (-) TimerEvent: {}
[3.517075] (-) TimerEvent: {}
[3.617701] (-) TimerEvent: {}
[3.699413] (yahboomcar_astra) StdoutLine: {'line': b'-- Found rclcpp: 16.0.12 (/opt/ros/humble/share/rclcpp/cmake)\n'}
[3.717846] (-) TimerEvent: {}
[3.762652] (yahboomcar_astra) StdoutLine: {'line': b'-- Found rosidl_generator_c: 3.1.6 (/opt/ros/humble/share/rosidl_generator_c/cmake)\n'}
[3.767788] (yahboomcar_astra) StdoutLine: {'line': b'-- Found rosidl_adapter: 3.1.6 (/opt/ros/humble/share/rosidl_adapter/cmake)\n'}
[3.778608] (yahboomcar_astra) StdoutLine: {'line': b'-- Found rosidl_generator_cpp: 3.1.6 (/opt/ros/humble/share/rosidl_generator_cpp/cmake)\n'}
[3.795602] (yahboomcar_astra) StdoutLine: {'line': b'-- Using all available rosidl_typesupport_c: rosidl_typesupport_fastrtps_c;rosidl_typesupport_introspection_c\n'}
[3.816537] (yahboomcar_astra) StdoutLine: {'line': b'-- Using all available rosidl_typesupport_cpp: rosidl_typesupport_fastrtps_cpp;rosidl_typesupport_introspection_cpp\n'}
[3.817914] (-) TimerEvent: {}
[3.870678] (yahboomcar_astra) StdoutLine: {'line': b'-- Found rmw_implementation_cmake: 6.1.2 (/opt/ros/humble/share/rmw_implementation_cmake/cmake)\n'}
[3.873423] (yahboomcar_astra) StdoutLine: {'line': b'-- Found rmw_fastrtps_cpp: 6.2.7 (/opt/ros/humble/share/rmw_fastrtps_cpp/cmake)\n'}
[3.918072] (-) TimerEvent: {}
[4.018646] (-) TimerEvent: {}
[4.063726] (yahboomcar_astra) StdoutLine: {'line': b"-- Using RMW implementation 'rmw_fastrtps_cpp' as default\n"}
[4.118792] (-) TimerEvent: {}
[4.143305] (yahboomcar_astra) StdoutLine: {'line': b'-- Found rclcpp_components: 16.0.12 (/opt/ros/humble/share/rclcpp_components/cmake)\n'}
[4.172439] (yahboomcar_astra) StdoutLine: {'line': b'-- Found sensor_msgs: 4.8.0 (/opt/ros/humble/share/sensor_msgs/cmake)\n'}
[4.217784] (yahboomcar_astra) StdoutLine: {'line': b'-- Found std_srvs: 4.8.0 (/opt/ros/humble/share/std_srvs/cmake)\n'}
[4.218844] (-) TimerEvent: {}
[4.231922] (yahboomcar_astra) StdoutLine: {'line': b'-- Found tf2: 0.25.12 (/opt/ros/humble/share/tf2/cmake)\n'}
[4.236985] (yahboomcar_astra) StdoutLine: {'line': b'-- Found tf2_ros: 0.25.12 (/opt/ros/humble/share/tf2_ros/cmake)\n'}
[4.319021] (-) TimerEvent: {}
[4.331964] (yahboomcar_astra) StdoutLine: {'line': b'-- Found tf2_sensor_msgs: 0.25.12 (/opt/ros/humble/share/tf2_sensor_msgs/cmake)\n'}
[4.340250] (yahboomcar_astra) StdoutLine: {'line': b'-- Found camera_info_manager: 3.1.11 (/opt/ros/humble/share/camera_info_manager/cmake)\n'}
[4.351367] (yahboomcar_astra) StdoutLine: {'line': b'-- Found cv_bridge: 3.2.1 (/opt/ros/humble/share/cv_bridge/cmake)\n'}
[4.389553] (yahboomcar_astra) StdoutLine: {'line': b'-- Found image_transport: 3.1.11 (/opt/ros/humble/share/image_transport/cmake)\n'}
[4.417649] (yahboomcar_astra) StdoutLine: {'line': b'-- Found image_geometry: 3.2.1 (/opt/ros/humble/share/image_geometry/cmake)\n'}
[4.419176] (-) TimerEvent: {}
[4.421045] (yahboomcar_astra) StdoutLine: {'line': b'-- Found image_publisher: 3.0.8 (/opt/ros/humble/share/image_publisher/cmake)\n'}
[4.444917] (yahboomcar_astra) StdoutLine: {'line': b'-- Found astra_camera_msgs: 1.0.1 (/home/jetson/yahboomcar_ros2_ws/software/library_ws/install/astra_camera_msgs/share/astra_camera_msgs/cmake)\n'}
[4.519345] (-) TimerEvent: {}
[4.619943] (-) TimerEvent: {}
[4.640270] (yahboomcar_astra) StdoutLine: {'line': b'-- Configuring done\n'}
[4.713047] (yahboomcar_astra) StderrLine: {'line': b'\x1b[33mCMake Warning at CMakeLists.txt:70 (add_library):\n'}
[4.713561] (yahboomcar_astra) StderrLine: {'line': b'  Cannot generate a safe runtime search path for target\n'}
[4.713713] (yahboomcar_astra) StderrLine: {'line': b'  yahboomcar_astra_driver because there is a cycle in the constraint graph:\n'}
[4.713865] (yahboomcar_astra) StderrLine: {'line': b'\n'}
[4.713989] (yahboomcar_astra) StderrLine: {'line': b'    dir 0 is [/usr/local/cuda-12.6/lib64]\n'}
[4.714102] (yahboomcar_astra) StderrLine: {'line': b'    dir 1 is [/opt/ros/humble/lib]\n'}
[4.714230] (yahboomcar_astra) StderrLine: {'line': b'      dir 2 must precede it due to runtime library [libimage_transport.so]\n'}
[4.714340] (yahboomcar_astra) StderrLine: {'line': b'    dir 2 is [/opt/ros/humble/lib/aarch64-linux-gnu]\n'}
[4.714448] (yahboomcar_astra) StderrLine: {'line': b'    dir 3 is [/home/jetson/yahboomcar_ros2_ws/software/library_ws/install/astra_camera_msgs/lib]\n'}
[4.714557] (yahboomcar_astra) StderrLine: {'line': b'      dir 4 must precede it due to runtime library [libastra_camera_msgs__rosidl_typesupport_introspection_c.so]\n'}
[4.714665] (yahboomcar_astra) StderrLine: {'line': b'    dir 4 is [/home/jetson/yahboomcar_ws/src/yahboomcar_astra/build/yahboomcar_astra/astra_camera_msgs]\n'}
[4.714769] (yahboomcar_astra) StderrLine: {'line': b'      dir 3 must precede it due to runtime library [libastra_camera_msgs__rosidl_typesupport_fastrtps_c.so]\n'}
[4.714875] (yahboomcar_astra) StderrLine: {'line': b'    dir 5 is [/usr/local/lib]\n'}
[4.714993] (yahboomcar_astra) StderrLine: {'line': b'\n'}
[4.715137] (yahboomcar_astra) StderrLine: {'line': b'  Some of these libraries may not be found correctly.\n'}
[4.715247] (yahboomcar_astra) StderrLine: {'line': b'\n'}
[4.715363] (yahboomcar_astra) StderrLine: {'line': b'\x1b[0m\n'}
[4.720059] (-) TimerEvent: {}
[4.735733] (yahboomcar_astra) StderrLine: {'line': b'\x1b[33mCMake Warning at CMakeLists.txt:104 (add_executable):\n'}
[4.736158] (yahboomcar_astra) StderrLine: {'line': b'  Cannot generate a safe runtime search path for target astra_camera_node\n'}
[4.736288] (yahboomcar_astra) StderrLine: {'line': b'  because there is a cycle in the constraint graph:\n'}
[4.736401] (yahboomcar_astra) StderrLine: {'line': b'\n'}
[4.736506] (yahboomcar_astra) StderrLine: {'line': b'    dir 0 is [/usr/local/cuda-12.6/lib64]\n'}
[4.736613] (yahboomcar_astra) StderrLine: {'line': b'    dir 1 is [/home/jetson/yahboomcar_ws/src/yahboomcar_astra/build/yahboomcar_astra]\n'}
[4.736720] (yahboomcar_astra) StderrLine: {'line': b'    dir 2 is [/usr/local/lib]\n'}
[4.736825] (yahboomcar_astra) StderrLine: {'line': b'    dir 3 is [/home/jetson/yahboomcar_ros2_ws/software/library_ws/install/astra_camera_msgs/lib]\n'}
[4.736933] (yahboomcar_astra) StderrLine: {'line': b'      dir 4 must precede it due to runtime library [libastra_camera_msgs__rosidl_typesupport_introspection_c.so]\n'}
[4.737038] (yahboomcar_astra) StderrLine: {'line': b'    dir 4 is [/home/jetson/yahboomcar_ws/src/yahboomcar_astra/build/yahboomcar_astra/astra_camera_msgs]\n'}
[4.737156] (yahboomcar_astra) StderrLine: {'line': b'      dir 3 must precede it due to runtime library [libastra_camera_msgs__rosidl_typesupport_fastrtps_c.so]\n'}
[4.737265] (yahboomcar_astra) StderrLine: {'line': b'    dir 5 is [/opt/ros/humble/lib]\n'}
[4.737369] (yahboomcar_astra) StderrLine: {'line': b'      dir 6 must precede it due to runtime library [libimage_transport.so]\n'}
[4.737475] (yahboomcar_astra) StderrLine: {'line': b'    dir 6 is [/opt/ros/humble/lib/aarch64-linux-gnu]\n'}
[4.737578] (yahboomcar_astra) StderrLine: {'line': b'\n'}
[4.737679] (yahboomcar_astra) StderrLine: {'line': b'  Some of these libraries may not be found correctly.\n'}
[4.737783] (yahboomcar_astra) StderrLine: {'line': b'\n'}
[4.737883] (yahboomcar_astra) StderrLine: {'line': b'\x1b[0m\n'}
[4.820224] (-) TimerEvent: {}
[4.825772] (yahboomcar_astra) StdoutLine: {'line': b'-- Generating done\n'}
[4.871818] (yahboomcar_astra) StdoutLine: {'line': b'-- Build files have been written to: /home/jetson/yahboomcar_ws/src/yahboomcar_astra/build/yahboomcar_astra\n'}
[4.920375] (-) TimerEvent: {}
[4.962082] (yahboomcar_astra) StdoutLine: {'line': b'[  1%] \x1b[34m\x1b[1mGenerating C code for ROS interfaces\x1b[0m\n'}
[4.983951] (yahboomcar_astra) StdoutLine: {'line': b'[  1%] \x1b[32mBuilding CXX object CMakeFiles/KCFTracker_node.dir/src/KCF_Tracker_main.cpp.o\x1b[0m\n'}
[4.984855] (yahboomcar_astra) StdoutLine: {'line': b'[  3%] \x1b[32mBuilding CXX object CMakeFiles/KCFTracker_node.dir/src/KCF_Tracker.cpp.o\x1b[0m\n'}
[4.985106] (yahboomcar_astra) StdoutLine: {'line': b'[  3%] \x1b[34m\x1b[1mGenerating C++ code for ROS interfaces\x1b[0m\n'}
[5.006417] (yahboomcar_astra) StderrLine: {'line': b'\x1b[01m\x1b[K/home/jetson/yahboomcar_ws/src/yahboomcar_astra/src/KCF_Tracker.cpp:5:10:\x1b[m\x1b[K \x1b[01;31m\x1b[Kfatal error: \x1b[m\x1b[KKCF_Tracker.h: No such file or directory\n'}
[5.006846] (yahboomcar_astra) StderrLine: {'line': b'    5 | #include \x1b[01;31m\x1b[K"KCF_Tracker.h"\x1b[m\x1b[K\n'}
[5.008273] (yahboomcar_astra) StderrLine: {'line': b'      |          \x1b[01;31m\x1b[K^~~~~~~~~~~~~~~\x1b[m\x1b[K\n'}
[5.008460] (yahboomcar_astra) StderrLine: {'line': b'compilation terminated.\n'}
[5.008589] (yahboomcar_astra) StdoutLine: {'line': b'[  3%] Built target ament_cmake_python_copy_astra_camera_msgs\n'}
[5.009978] (yahboomcar_astra) StderrLine: {'line': b'gmake[2]: *** [CMakeFiles/KCFTracker_node.dir/build.make:90: CMakeFiles/KCFTracker_node.dir/src/KCF_Tracker.cpp.o] Error 1\n'}
[5.010220] (yahboomcar_astra) StderrLine: {'line': b'gmake[2]: *** Waiting for unfinished jobs....\n'}
[5.020523] (-) TimerEvent: {}
[5.065285] (yahboomcar_astra) StderrLine: {'line': b'\x1b[01m\x1b[K/home/jetson/yahboomcar_ws/src/yahboomcar_astra/src/KCF_Tracker_main.cpp:2:10:\x1b[m\x1b[K \x1b[01;31m\x1b[Kfatal error: \x1b[m\x1b[Kros/ros.h: No such file or directory\n'}
[5.065825] (yahboomcar_astra) StderrLine: {'line': b'    2 | #include \x1b[01;31m\x1b[K<ros/ros.h>\x1b[m\x1b[K\n'}
[5.065985] (yahboomcar_astra) StderrLine: {'line': b'      |          \x1b[01;31m\x1b[K^~~~~~~~~~~\x1b[m\x1b[K\n'}
[5.066116] (yahboomcar_astra) StderrLine: {'line': b'compilation terminated.\n'}
[5.066239] (yahboomcar_astra) StderrLine: {'line': b'gmake[2]: *** [CMakeFiles/KCFTracker_node.dir/build.make:76: CMakeFiles/KCFTracker_node.dir/src/KCF_Tracker_main.cpp.o] Error 1\n'}
[5.066460] (yahboomcar_astra) StderrLine: {'line': b'gmake[1]: *** [CMakeFiles/Makefile2:235: CMakeFiles/KCFTracker_node.dir/all] Error 2\n'}
[5.066586] (yahboomcar_astra) StderrLine: {'line': b'gmake[1]: *** Waiting for unfinished jobs....\n'}
[5.120665] (-) TimerEvent: {}
[5.221232] (-) TimerEvent: {}
[5.321818] (-) TimerEvent: {}
[5.422399] (-) TimerEvent: {}
[5.522964] (-) TimerEvent: {}
[5.541281] (yahboomcar_astra) StdoutLine: {'line': b'running egg_info\n'}
[5.592371] (yahboomcar_astra) StdoutLine: {'line': b'creating astra_camera_msgs.egg-info\n'}
[5.592830] (yahboomcar_astra) StdoutLine: {'line': b'writing astra_camera_msgs.egg-info/PKG-INFO\n'}
[5.593433] (yahboomcar_astra) StdoutLine: {'line': b'writing dependency_links to astra_camera_msgs.egg-info/dependency_links.txt\n'}
[5.594058] (yahboomcar_astra) StdoutLine: {'line': b'writing top-level names to astra_camera_msgs.egg-info/top_level.txt\n'}
[5.594550] (yahboomcar_astra) StdoutLine: {'line': b"writing manifest file 'astra_camera_msgs.egg-info/SOURCES.txt'\n"}
[5.623416] (-) TimerEvent: {}
[5.724018] (-) TimerEvent: {}
[5.742957] (yahboomcar_astra) StdoutLine: {'line': b"reading manifest file 'astra_camera_msgs.egg-info/SOURCES.txt'\n"}
[5.744692] (yahboomcar_astra) StdoutLine: {'line': b"writing manifest file 'astra_camera_msgs.egg-info/SOURCES.txt'\n"}
[5.824275] (yahboomcar_astra) StdoutLine: {'line': b'[  3%] Built target ament_cmake_python_build_astra_camera_msgs_egg\n'}
[5.824728] (-) TimerEvent: {}
[5.925798] (-) TimerEvent: {}
[6.026367] (-) TimerEvent: {}
[6.126923] (-) TimerEvent: {}
[6.227534] (-) TimerEvent: {}
[6.328098] (-) TimerEvent: {}
[6.428734] (-) TimerEvent: {}
[6.529468] (-) TimerEvent: {}
[6.630212] (-) TimerEvent: {}
[6.703892] (yahboomcar_astra) StdoutLine: {'line': b'[  3%] Built target astra_camera_msgs__cpp\n'}
[6.730354] (-) TimerEvent: {}
[6.773628] (yahboomcar_astra) StdoutLine: {'line': b'[  7%] \x1b[32mBuilding C object astra_camera_msgs/CMakeFiles/astra_camera_msgs__rosidl_generator_c.dir/rosidl_generator_c/astra_camera_msgs/msg/detail/extrinsics__functions.c.o\x1b[0m\n'}
[6.774119] (yahboomcar_astra) StdoutLine: {'line': b'[  7%] \x1b[32mBuilding C object astra_camera_msgs/CMakeFiles/astra_camera_msgs__rosidl_generator_c.dir/rosidl_generator_c/astra_camera_msgs/srv/detail/get_device_info__functions.c.o\x1b[0m\n'}
[6.774308] (yahboomcar_astra) StdoutLine: {'line': b'[  7%] \x1b[32mBuilding C object astra_camera_msgs/CMakeFiles/astra_camera_msgs__rosidl_generator_c.dir/rosidl_generator_c/astra_camera_msgs/msg/detail/metadata__functions.c.o\x1b[0m\n'}
[6.775189] (yahboomcar_astra) StdoutLine: {'line': b'[  7%] \x1b[32mBuilding C object astra_camera_msgs/CMakeFiles/astra_camera_msgs__rosidl_generator_c.dir/rosidl_generator_c/astra_camera_msgs/srv/detail/get_camera_info__functions.c.o\x1b[0m\n'}
[6.775443] (yahboomcar_astra) StdoutLine: {'line': b'[  8%] \x1b[32mBuilding C object astra_camera_msgs/CMakeFiles/astra_camera_msgs__rosidl_generator_c.dir/rosidl_generator_c/astra_camera_msgs/srv/detail/get_camera_params__functions.c.o\x1b[0m\n'}
[6.775782] (yahboomcar_astra) StdoutLine: {'line': b'[  8%] \x1b[32mBuilding C object astra_camera_msgs/CMakeFiles/astra_camera_msgs__rosidl_generator_c.dir/rosidl_generator_c/astra_camera_msgs/msg/detail/device_info__functions.c.o\x1b[0m\n'}
[6.830715] (-) TimerEvent: {}
[6.894694] (yahboomcar_astra) StdoutLine: {'line': b'[  9%] \x1b[32mBuilding C object astra_camera_msgs/CMakeFiles/astra_camera_msgs__rosidl_generator_c.dir/rosidl_generator_c/astra_camera_msgs/srv/detail/get_int32__functions.c.o\x1b[0m\n'}
[6.930864] (-) TimerEvent: {}
[6.938016] (yahboomcar_astra) StdoutLine: {'line': b'[ 10%] \x1b[32mBuilding C object astra_camera_msgs/CMakeFiles/astra_camera_msgs__rosidl_generator_c.dir/rosidl_generator_c/astra_camera_msgs/srv/detail/get_string__functions.c.o\x1b[0m\n'}
[6.958483] (yahboomcar_astra) StdoutLine: {'line': b'[ 11%] \x1b[32mBuilding C object astra_camera_msgs/CMakeFiles/astra_camera_msgs__rosidl_generator_c.dir/rosidl_generator_c/astra_camera_msgs/srv/detail/set_int32__functions.c.o\x1b[0m\n'}
[7.031037] (-) TimerEvent: {}
[7.087879] (yahboomcar_astra) StdoutLine: {'line': b'[ 12%] \x1b[32m\x1b[1mLinking C shared library libastra_camera_msgs__rosidl_generator_c.so\x1b[0m\n'}
[7.131263] (-) TimerEvent: {}
[7.176741] (yahboomcar_astra) StdoutLine: {'line': b'[ 12%] Built target astra_camera_msgs__rosidl_generator_c\n'}
[7.180150] (yahboomcar_astra) StderrLine: {'line': b'gmake: *** [Makefile:146: all] Error 2\n'}
[7.185156] (yahboomcar_astra) CommandEnded: {'returncode': 2}
[7.204098] (yahboomcar_astra) JobEnded: {'identifier': 'yahboomcar_astra', 'rc': 2}
[7.215944] (-) EventReactorShutdown: {}
