[0.025s] Invoking command in '/home/jetson/yahboomcar_ws/src/build/yahboomcar_astra': CMAKE_PREFIX_PATH=${CMAKE_PREFIX_PATH}:/opt/ros/humble /usr/bin/cmake --build /home/jetson/yahboomcar_ws/src/build/yahboomcar_astra -- -j6 -l6
[0.081s] -- Found ament_cmake: 1.3.11 (/opt/ros/humble/share/ament_cmake/cmake)
[0.374s] -- Found rosidl_default_generators: 1.2.0 (/opt/ros/humble/share/rosidl_default_generators/cmake)
[0.383s] -- Using all available rosidl_typesupport_c: rosidl_typesupport_fastrtps_c;rosidl_typesupport_introspection_c
[0.390s] -- Found rosidl_adapter: 3.1.6 (/opt/ros/humble/share/rosidl_adapter/cmake)
[0.455s] -- Using all available rosidl_typesupport_cpp: rosidl_typesupport_fastrtps_cpp;rosidl_typesupport_introspection_cpp
[0.495s] -- Found sensor_msgs: 4.8.0 (/opt/ros/humble/share/sensor_msgs/cmake)
[1.374s] -- Found ament_cmake_ros: 0.10.0 (/opt/ros/humble/share/ament_cmake_ros/cmake)
[2.011s] -- Using all available rosidl_typesupport_c: rosidl_typesupport_fastrtps_c;rosidl_typesupport_introspection_c
[2.901s] -- Using all available rosidl_typesupport_cpp: rosidl_typesupport_fastrtps_cpp;rosidl_typesupport_introspection_cpp
[2.964s] -- Found python_cmake_module: 0.10.0 (/opt/ros/humble/share/python_cmake_module/cmake)
[3.025s] -- Using PYTHON_EXECUTABLE: /usr/bin/python3
[3.025s] -- Using PYTHON_INCLUDE_DIRS: /usr/include/python3.10
[3.025s] -- Using PYTHON_LIBRARIES: /usr/lib/aarch64-linux-gnu/libpython3.10.so
[3.348s] -- Using numpy include directory: /home/jetson/.local/lib/python3.10/site-packages/numpy/core/include
[3.379s] -- Found ament_lint_auto: 0.12.12 (/opt/ros/humble/share/ament_lint_auto/cmake)
[3.397s] -- Added test 'copyright' to check source files copyright and LICENSE
[3.401s] -- Added test 'lint_cmake' to check CMake code style
[3.403s] -- Added test 'xmllint' to check XML markup files
[3.406s] -- Found ament_cmake: 1.3.11 (/opt/ros/humble/share/ament_cmake/cmake)
[3.711s] -- Found rclcpp: 16.0.12 (/opt/ros/humble/share/rclcpp/cmake)
[3.769s] -- Found rosidl_generator_c: 3.1.6 (/opt/ros/humble/share/rosidl_generator_c/cmake)
[3.774s] -- Found rosidl_adapter: 3.1.6 (/opt/ros/humble/share/rosidl_adapter/cmake)
[3.786s] -- Found rosidl_generator_cpp: 3.1.6 (/opt/ros/humble/share/rosidl_generator_cpp/cmake)
[3.803s] -- Using all available rosidl_typesupport_c: rosidl_typesupport_fastrtps_c;rosidl_typesupport_introspection_c
[3.823s] -- Using all available rosidl_typesupport_cpp: rosidl_typesupport_fastrtps_cpp;rosidl_typesupport_introspection_cpp
[3.877s] -- Found rmw_implementation_cmake: 6.1.2 (/opt/ros/humble/share/rmw_implementation_cmake/cmake)
[3.879s] -- Found rmw_fastrtps_cpp: 6.2.7 (/opt/ros/humble/share/rmw_fastrtps_cpp/cmake)
[4.065s] -- Using RMW implementation 'rmw_fastrtps_cpp' as default
[4.149s] -- Found rclcpp_components: 16.0.12 (/opt/ros/humble/share/rclcpp_components/cmake)
[4.182s] -- Found sensor_msgs: 4.8.0 (/opt/ros/humble/share/sensor_msgs/cmake)
[4.229s] -- Found std_srvs: 4.8.0 (/opt/ros/humble/share/std_srvs/cmake)
[4.244s] -- Found tf2: 0.25.12 (/opt/ros/humble/share/tf2/cmake)
[4.250s] -- Found tf2_ros: 0.25.12 (/opt/ros/humble/share/tf2_ros/cmake)
[4.347s] -- Found tf2_sensor_msgs: 0.25.12 (/opt/ros/humble/share/tf2_sensor_msgs/cmake)
[4.356s] -- Found camera_info_manager: 3.1.11 (/opt/ros/humble/share/camera_info_manager/cmake)
[4.368s] -- Found cv_bridge: 3.2.1 (/opt/ros/humble/share/cv_bridge/cmake)
[4.410s] -- Found image_transport: 3.1.11 (/opt/ros/humble/share/image_transport/cmake)
[4.439s] -- Found image_geometry: 3.2.1 (/opt/ros/humble/share/image_geometry/cmake)
[4.442s] -- Found image_publisher: 3.0.8 (/opt/ros/humble/share/image_publisher/cmake)
[4.463s] -- Found astra_camera_msgs: 1.0.1 (/home/jetson/yahboomcar_ros2_ws/software/library_ws/install/astra_camera_msgs/share/astra_camera_msgs/cmake)
[4.664s] -- Configuring done
[4.735s] [33mCMake Warning at CMakeLists.txt:71 (add_library):
[4.736s]   Cannot generate a safe runtime search path for target
[4.736s]   yahboomcar_astra_driver because there is a cycle in the constraint graph:
[4.736s] 
[4.736s]     dir 0 is [/usr/local/cuda-12.6/lib64]
[4.736s]     dir 1 is [/opt/ros/humble/lib]
[4.737s]       dir 2 must precede it due to runtime library [libimage_transport.so]
[4.737s]     dir 2 is [/opt/ros/humble/lib/aarch64-linux-gnu]
[4.737s]     dir 3 is [/home/jetson/yahboomcar_ros2_ws/software/library_ws/install/astra_camera_msgs/lib]
[4.737s]       dir 4 must precede it due to runtime library [libastra_camera_msgs__rosidl_typesupport_introspection_c.so]
[4.737s]     dir 4 is [/home/jetson/yahboomcar_ws/src/build/yahboomcar_astra/astra_camera_msgs]
[4.737s]       dir 3 must precede it due to runtime library [libastra_camera_msgs__rosidl_typesupport_fastrtps_c.so]
[4.737s]     dir 5 is [/usr/local/lib]
[4.737s] 
[4.737s]   Some of these libraries may not be found correctly.
[4.738s] 
[4.738s] [0m
[4.759s] [33mCMake Warning at CMakeLists.txt:115 (add_executable):
[4.759s]   Cannot generate a safe runtime search path for target astra_camera_node
[4.759s]   because there is a cycle in the constraint graph:
[4.759s] 
[4.760s]     dir 0 is [/usr/local/cuda-12.6/lib64]
[4.760s]     dir 1 is [/home/jetson/yahboomcar_ws/src/build/yahboomcar_astra]
[4.760s]     dir 2 is [/usr/local/lib]
[4.760s]     dir 3 is [/home/jetson/yahboomcar_ros2_ws/software/library_ws/install/astra_camera_msgs/lib]
[4.760s]       dir 4 must precede it due to runtime library [libastra_camera_msgs__rosidl_typesupport_introspection_c.so]
[4.760s]     dir 4 is [/home/jetson/yahboomcar_ws/src/build/yahboomcar_astra/astra_camera_msgs]
[4.760s]       dir 3 must precede it due to runtime library [libastra_camera_msgs__rosidl_typesupport_fastrtps_c.so]
[4.760s]     dir 5 is [/opt/ros/humble/lib]
[4.761s]       dir 6 must precede it due to runtime library [libimage_transport.so]
[4.761s]     dir 6 is [/opt/ros/humble/lib/aarch64-linux-gnu]
[4.761s] 
[4.761s]   Some of these libraries may not be found correctly.
[4.761s] 
[4.761s] [0m
[4.852s] -- Generating done
[4.901s] -- Build files have been written to: /home/jetson/yahboomcar_ws/src/build/yahboomcar_astra
[4.996s] [35m[1mConsolidate compiler generated dependencies of target astra_camera_msgs__rosidl_generator_c[0m
[4.997s] [35m[1mConsolidate compiler generated dependencies of target KCFTracker_node[0m
[5.022s] [  0%] Built target astra_camera_msgs__cpp
[5.037s] [ 10%] Built target astra_camera_msgs__rosidl_generator_c
[5.051s] [ 10%] Built target ament_cmake_python_copy_astra_camera_msgs
[5.055s] [35m[1mConsolidate compiler generated dependencies of target astra_camera_msgs__rosidl_typesupport_introspection_cpp[0m
[5.060s] [35m[1mConsolidate compiler generated dependencies of target astra_camera_msgs__rosidl_typesupport_cpp[0m
[5.062s] [35m[1mConsolidate compiler generated dependencies of target astra_camera_msgs__rosidl_typesupport_fastrtps_cpp[0m
[5.068s] [35m[1mConsolidate compiler generated dependencies of target astra_camera_msgs__rosidl_typesupport_introspection_c[0m
[5.073s] [ 10%] [32mBuilding CXX object CMakeFiles/KCFTracker_node.dir/src/KCF_Tracker_main.cpp.o[0m
[5.100s] [35m[1mConsolidate compiler generated dependencies of target astra_camera_msgs__rosidl_typesupport_fastrtps_c[0m
[5.120s] [ 20%] Built target astra_camera_msgs__rosidl_typesupport_introspection_cpp
[5.138s] [ 30%] Built target astra_camera_msgs__rosidl_typesupport_introspection_c
[5.140s] [ 40%] Built target astra_camera_msgs__rosidl_typesupport_cpp
[5.144s] [ 49%] Built target astra_camera_msgs__rosidl_typesupport_fastrtps_cpp
[5.163s] [35m[1mConsolidate compiler generated dependencies of target astra_camera_msgs__rosidl_typesupport_c[0m
[5.163s] [ 58%] Built target astra_camera_msgs__rosidl_typesupport_fastrtps_c
[5.173s] [ 59%] [32mBuilding CXX object CMakeFiles/KCFTracker_node.dir/src/KCF_Tracker.cpp.o[0m
[5.195s] [ 69%] Built target astra_camera_msgs__rosidl_typesupport_c
[5.206s] [ 70%] [32mBuilding CXX object CMakeFiles/KCFTracker_node.dir/src/yahboomcar_astra/kcftracker.cpp.o[0m
[5.218s] [35m[1mConsolidate compiler generated dependencies of target yahboomcar_astra_driver[0m
[5.288s] [ 70%] Built target astra_camera_msgs
[5.368s] [ 70%] [32mBuilding CXX object CMakeFiles/yahboomcar_astra_driver.dir/src/main.cpp.o[0m
[5.390s] [01m[K/home/jetson/yahboomcar_ws/src/yahboomcar_astra/src/yahboomcar_astra/kcftracker.cpp:86:10:[m[K [01;31m[Kfatal error: [m[Kkcftracker.h: No such file or directory
[5.390s]    86 | #include [01;31m[K"kcftracker.h"[m[K
[5.391s]       |          [01;31m[K^~~~~~~~~~~~~~[m[K
[5.391s] compilation terminated.
[5.397s] gmake[2]: *** [CMakeFiles/KCFTracker_node.dir/build.make:104: CMakeFiles/KCFTracker_node.dir/src/yahboomcar_astra/kcftracker.cpp.o] Error 1
[5.397s] gmake[2]: *** Waiting for unfinished jobs....
[5.415s] [ 71%] Built target astra_camera_msgs__py
[5.440s] [ 72%] [32mBuilding CXX object CMakeFiles/yahboomcar_astra_driver.dir/src/ob_camera_info.cpp.o[0m
[5.477s] [35m[1mConsolidate compiler generated dependencies of target astra_camera_msgs__rosidl_generator_py[0m
[5.570s] [ 80%] Built target astra_camera_msgs__rosidl_generator_py
[5.592s] [ 81%] [32mBuilding CXX object CMakeFiles/yahboomcar_astra_driver.dir/src/ob_camera_node.cpp.o[0m
[5.959s] running egg_info
[6.011s] writing astra_camera_msgs.egg-info/PKG-INFO
[6.012s] writing dependency_links to astra_camera_msgs.egg-info/dependency_links.txt
[6.013s] writing top-level names to astra_camera_msgs.egg-info/top_level.txt
[6.225s] reading manifest file 'astra_camera_msgs.egg-info/SOURCES.txt'
[6.228s] writing manifest file 'astra_camera_msgs.egg-info/SOURCES.txt'
[6.419s] [ 81%] Built target ament_cmake_python_build_astra_camera_msgs_egg
[6.459s] [35m[1mConsolidate compiler generated dependencies of target astra_camera_msgs__rosidl_typesupport_fastrtps_c__pyext[0m
[6.502s] [ 83%] Built target astra_camera_msgs__rosidl_typesupport_fastrtps_c__pyext
[6.531s] [35m[1mConsolidate compiler generated dependencies of target astra_camera_msgs__rosidl_typesupport_introspection_c__pyext[0m
[6.572s] [ 84%] Built target astra_camera_msgs__rosidl_typesupport_introspection_c__pyext
[6.615s] [35m[1mConsolidate compiler generated dependencies of target astra_camera_msgs__rosidl_typesupport_c__pyext[0m
[6.662s] [ 85%] Built target astra_camera_msgs__rosidl_typesupport_c__pyext
[6.684s] [ 86%] [32mBuilding CXX object CMakeFiles/yahboomcar_astra_driver.dir/src/ob_camera_node_factory.cpp.o[0m
[15.817s] [01m[K/home/jetson/yahboomcar_ws/src/yahboomcar_astra/src/KCF_Tracker.cpp:[m[K In constructor â€˜[01m[KImageConverter::ImageConverter()[m[Kâ€™:
[15.818s] [01m[K/home/jetson/yahboomcar_ws/src/yahboomcar_astra/src/KCF_Tracker.cpp:88:11:[m[K [01;35m[Kwarning: [m[Kignoring return value of â€˜[01m[Krclcpp::node_interfaces::OnSetParametersCallbackHandle::SharedPtr rclcpp::Node::add_on_set_parameters_callback(rclcpp::Node::OnParametersSetCallbackType)[m[Kâ€™, declared with attribute â€˜[01m[Kwarn_unused_result[m[Kâ€™ [[01;35m[K]8;;https://gcc.gnu.org/onlinedocs/gcc/Warning-Options.html#index-Wunused-result-Wunused-result]8;;[m[K]
[15.818s]    88 |         })[01;35m[K;[m[K
[15.818s]       |           [01;35m[K^[m[K
[15.818s] In file included from [01m[K/opt/ros/humble/include/rclcpp/rclcpp/executors/single_threaded_executor.hpp:28[m[K,
[15.819s]                  from [01m[K/opt/ros/humble/include/rclcpp/rclcpp/executors.hpp:22[m[K,
[15.819s]                  from [01m[K/opt/ros/humble/include/rclcpp/rclcpp/rclcpp.hpp:155[m[K,
[15.819s]                  from [01m[K/home/jetson/yahboomcar_ws/src/yahboomcar_astra/include/yahboomcar_astra/KCF_Tracker.h:19[m[K,
[15.819s]                  from [01m[K/home/jetson/yahboomcar_ws/src/yahboomcar_astra/src/KCF_Tracker.cpp:5[m[K:
[15.819s] [01m[K/opt/ros/humble/include/rclcpp/rclcpp/node.hpp:934:3:[m[K [01;36m[Knote: [m[Kdeclared here
[15.819s]   934 |   [01;36m[Kadd_on_set_parameters_callback[m[K(OnParametersSetCallbackType callback);
[15.819s]       |   [01;36m[K^~~~~~~~~~~~~~~~~~~~~~~~~~~~~~[m[K
[18.351s] [ 87%] [32mBuilding CXX object CMakeFiles/yahboomcar_astra_driver.dir/src/ob_context.cpp.o[0m
[28.813s] [ 88%] [32mBuilding CXX object CMakeFiles/yahboomcar_astra_driver.dir/src/ob_timer_filter.cpp.o[0m
[29.651s] [ 89%] [32mBuilding CXX object CMakeFiles/yahboomcar_astra_driver.dir/src/dynamic_params.cpp.o[0m
[32.603s] [ 89%] [32mBuilding CXX object CMakeFiles/yahboomcar_astra_driver.dir/src/ros_param_backend.cpp.o[0m
[33.534s] [ 90%] [32mBuilding CXX object CMakeFiles/yahboomcar_astra_driver.dir/src/ros_service.cpp.o[0m
[37.692s] [ 91%] [32mBuilding CXX object CMakeFiles/yahboomcar_astra_driver.dir/src/utils.cpp.o[0m
[39.531s] [ 92%] [32mBuilding CXX object CMakeFiles/yahboomcar_astra_driver.dir/src/uvc_camera_driver.cpp.o[0m
[40.530s] [ 93%] [32mBuilding CXX object CMakeFiles/yahboomcar_astra_driver.dir/src/point_cloud_proc/point_cloud_xyz.cpp.o[0m
[43.339s] gmake[1]: *** [CMakeFiles/Makefile2:235: CMakeFiles/KCFTracker_node.dir/all] Error 2
[43.339s] gmake[1]: *** Waiting for unfinished jobs....
[43.363s] [ 94%] [32mBuilding CXX object CMakeFiles/yahboomcar_astra_driver.dir/src/point_cloud_proc/point_cloud_xyzrgb.cpp.o[0m
[72.231s] [ 95%] [32m[1mLinking CXX shared library libyahboomcar_astra_driver.so[0m
[76.793s] [ 95%] Built target yahboomcar_astra_driver
[76.798s] gmake: *** [Makefile:146: all] Error 2
[76.827s] Invoked command in '/home/jetson/yahboomcar_ws/src/build/yahboomcar_astra' returned '2': CMAKE_PREFIX_PATH=${CMAKE_PREFIX_PATH}:/opt/ros/humble /usr/bin/cmake --build /home/jetson/yahboomcar_ws/src/build/yahboomcar_astra -- -j6 -l6
