-- The C compiler identification is GNU 11.4.0
-- The CXX compiler identification is GNU 11.4.0
-- Detecting C compiler ABI info
-- Detecting C compiler ABI info - done
-- Check for working C compiler: /usr/bin/cc - skipped
-- Detecting C compile features
-- Detecting C compile features - done
-- Detecting CXX compiler ABI info
-- Detecting CXX compiler ABI info - done
-- Check for working CXX compiler: /usr/bin/c++ - skipped
-- Detecting CXX compile features
-- Detecting CXX compile features - done
-- Found OpenCV: /usr/local (found suitable version "3.2.0", minimum required is "3") 
-- Found ament_cmake: 1.3.11 (/opt/ros/humble/share/ament_cmake/cmake)
-- Found Python3: /usr/bin/python3 (found version "3.10.12") found components: Interpreter 
-- Found rclcpp: 16.0.12 (/opt/ros/humble/share/rclcpp/cmake)
-- Found rosidl_generator_c: 3.1.6 (/opt/ros/humble/share/rosidl_generator_c/cmake)
-- Found rosidl_adapter: 3.1.6 (/opt/ros/humble/share/rosidl_adapter/cmake)
-- Found rosidl_generator_cpp: 3.1.6 (/opt/ros/humble/share/rosidl_generator_cpp/cmake)
-- Using all available rosidl_typesupport_c: rosidl_typesupport_fastrtps_c;rosidl_typesupport_introspection_c
-- Using all available rosidl_typesupport_cpp: rosidl_typesupport_fastrtps_cpp;rosidl_typesupport_introspection_cpp
-- Found rmw_implementation_cmake: 6.1.2 (/opt/ros/humble/share/rmw_implementation_cmake/cmake)
-- Found rmw_fastrtps_cpp: 6.2.7 (/opt/ros/humble/share/rmw_fastrtps_cpp/cmake)
-- Found OpenSSL: /usr/lib/aarch64-linux-gnu/libcrypto.so (found version "3.0.2")  
-- Found FastRTPS: /opt/ros/humble/include  
-- Using RMW implementation 'rmw_fastrtps_cpp' as default
-- Looking for pthread.h
-- Looking for pthread.h - found
-- Performing Test CMAKE_HAVE_LIBC_PTHREAD
-- Performing Test CMAKE_HAVE_LIBC_PTHREAD - Success
-- Found Threads: TRUE  
-- Found sensor_msgs: 4.8.0 (/opt/ros/humble/share/sensor_msgs/cmake)
-- Found nav_msgs: 4.8.0 (/opt/ros/humble/share/nav_msgs/cmake)
-- Found cv_bridge: 3.2.1 (/opt/ros/humble/share/cv_bridge/cmake)
-- Found message_filters: 4.3.7 (/opt/ros/humble/share/message_filters/cmake)
-- Configuring done
-- Generating done
-- Build files have been written to: /home/jetson/yahboomcar_ws/build/ros2_orbslam
[35m[1mConsolidate compiler generated dependencies of target rgbd[0m
[35m[1mConsolidate compiler generated dependencies of target mono[0m
[35m[1mConsolidate compiler generated dependencies of target rgbd_pose[0m
[35m[1mConsolidate compiler generated dependencies of target stereo[0m
[  8%] [32mBuilding CXX object CMakeFiles/mono.dir/src/monocular/monocular-slam-node.cpp.o[0m
[ 16%] [32mBuilding CXX object CMakeFiles/mono.dir/src/monocular/mono.cpp.o[0m
[ 25%] [32mBuilding CXX object CMakeFiles/rgbd.dir/src/rgbd/rgbd.cpp.o[0m
[ 33%] [32mBuilding CXX object CMakeFiles/stereo.dir/src/stereo/stereo.cpp.o[0m
[ 41%] [32mBuilding CXX object CMakeFiles/rgbd_pose.dir/src/rgbd_pose/rgbd_pose.cpp.o[0m
[ 50%] [32mBuilding CXX object CMakeFiles/rgbd.dir/src/rgbd/rgbd-slam-node.cpp.o[0m
In file included from [01m[K/home/jetson/yahboomcar_ros2_ws/software/orbslam2/ORB_SLAM2-master/include/MapPoint.h:24[m[K,
                 from [01m[K/home/jetson/yahboomcar_ros2_ws/software/orbslam2/ORB_SLAM2-master/include/FrameDrawer.h:25[m[K,
                 from [01m[K/home/jetson/yahboomcar_ros2_ws/software/orbslam2/ORB_SLAM2-master/include/Viewer.h:25[m[K,
                 from [01m[K/home/jetson/yahboomcar_ros2_ws/software/orbslam2/ORB_SLAM2-master/include/Tracking.h:28[m[K,
                 from [01m[K/home/jetson/yahboomcar_ros2_ws/software/orbslam2/ORB_SLAM2-master/include/System.h:30[m[K,
                 from [01m[K/home/jetson/yahboomcar_ws/src/ros2-ORB_SLAM2/src/monocular/monocular-slam-node.hpp:10[m[K,
                 from [01m[K/home/jetson/yahboomcar_ws/src/ros2-ORB_SLAM2/src/monocular/monocular-slam-node.cpp:1[m[K:
[01m[K/home/jetson/yahboomcar_ros2_ws/software/orbslam2/ORB_SLAM2-master/include/KeyFrame.h:25:10:[m[K [01;31m[Kfatal error: [m[KThirdparty/DBoW2/DBoW2/BowVector.h: No such file or directory
   25 | #include [01;31m[K"Thirdparty/DBoW2/DBoW2/BowVector.h"[m[K
      |          [01;31m[K^~~~~~~~~~~~~~~~~~~~~~~~~~~~~~~~~~~~[m[K
compilation terminated.
gmake[2]: *** [CMakeFiles/mono.dir/build.make:90: CMakeFiles/mono.dir/src/monocular/monocular-slam-node.cpp.o] Error 1
gmake[2]: *** Waiting for unfinished jobs....
[ 58%] [32mBuilding CXX object CMakeFiles/stereo.dir/src/stereo/stereo-slam-node.cpp.o[0m
In file included from [01m[K/home/jetson/yahboomcar_ros2_ws/software/orbslam2/ORB_SLAM2-master/include/MapPoint.h:24[m[K,
                 from [01m[K/home/jetson/yahboomcar_ros2_ws/software/orbslam2/ORB_SLAM2-master/include/FrameDrawer.h:25[m[K,
                 from [01m[K/home/jetson/yahboomcar_ros2_ws/software/orbslam2/ORB_SLAM2-master/include/Viewer.h:25[m[K,
                 from [01m[K/home/jetson/yahboomcar_ros2_ws/software/orbslam2/ORB_SLAM2-master/include/Tracking.h:28[m[K,
                 from [01m[K/home/jetson/yahboomcar_ros2_ws/software/orbslam2/ORB_SLAM2-master/include/System.h:30[m[K,
                 from [01m[K/home/jetson/yahboomcar_ws/src/ros2-ORB_SLAM2/src/monocular/monocular-slam-node.hpp:10[m[K,
                 from [01m[K/home/jetson/yahboomcar_ws/src/ros2-ORB_SLAM2/src/monocular/mono.cpp:7[m[K:
[01m[K/home/jetson/yahboomcar_ros2_ws/software/orbslam2/ORB_SLAM2-master/include/KeyFrame.h:25:10:[m[K [01;31m[Kfatal error: [m[KThirdparty/DBoW2/DBoW2/BowVector.h: No such file or directory
   25 | #include [01;31m[K"Thirdparty/DBoW2/DBoW2/BowVector.h"[m[K
      |          [01;31m[K^~~~~~~~~~~~~~~~~~~~~~~~~~~~~~~~~~~~[m[K
compilation terminated.
gmake[2]: *** [CMakeFiles/mono.dir/build.make:76: CMakeFiles/mono.dir/src/monocular/mono.cpp.o] Error 1
gmake[1]: *** [CMakeFiles/Makefile2:143: CMakeFiles/mono.dir/all] Error 2
gmake[1]: *** Waiting for unfinished jobs....
[ 66%] [32mBuilding CXX object CMakeFiles/rgbd_pose.dir/src/rgbd_pose/rgbd-slam-pose-node.cpp.o[0m
In file included from [01m[K/home/jetson/yahboomcar_ros2_ws/software/orbslam2/ORB_SLAM2-master/include/MapPoint.h:24[m[K,
                 from [01m[K/home/jetson/yahboomcar_ros2_ws/software/orbslam2/ORB_SLAM2-master/include/FrameDrawer.h:25[m[K,
                 from [01m[K/home/jetson/yahboomcar_ros2_ws/software/orbslam2/ORB_SLAM2-master/include/Viewer.h:25[m[K,
                 from [01m[K/home/jetson/yahboomcar_ros2_ws/software/orbslam2/ORB_SLAM2-master/include/Tracking.h:28[m[K,
                 from [01m[K/home/jetson/yahboomcar_ros2_ws/software/orbslam2/ORB_SLAM2-master/include/System.h:30[m[K,
                 from [01m[K/home/jetson/yahboomcar_ws/src/ros2-ORB_SLAM2/src/rgbd/rgbd-slam-node.hpp:19[m[K,
                 from [01m[K/home/jetson/yahboomcar_ws/src/ros2-ORB_SLAM2/src/rgbd/rgbd.cpp:7[m[K:
[01m[K/home/jetson/yahboomcar_ros2_ws/software/orbslam2/ORB_SLAM2-master/include/KeyFrame.h:25:10:[m[K [01;31m[Kfatal error: [m[KThirdparty/DBoW2/DBoW2/BowVector.h: No such file or directory
   25 | #include [01;31m[K"Thirdparty/DBoW2/DBoW2/BowVector.h"[m[K
      |          [01;31m[K^~~~~~~~~~~~~~~~~~~~~~~~~~~~~~~~~~~~[m[K
compilation terminated.
gmake[2]: *** [CMakeFiles/rgbd.dir/build.make:76: CMakeFiles/rgbd.dir/src/rgbd/rgbd.cpp.o] Error 1
gmake[2]: *** Waiting for unfinished jobs....
In file included from [01m[K/home/jetson/yahboomcar_ros2_ws/software/orbslam2/ORB_SLAM2-master/include/MapPoint.h:24[m[K,
                 from [01m[K/home/jetson/yahboomcar_ros2_ws/software/orbslam2/ORB_SLAM2-master/include/FrameDrawer.h:25[m[K,
                 from [01m[K/home/jetson/yahboomcar_ros2_ws/software/orbslam2/ORB_SLAM2-master/include/Viewer.h:25[m[K,
                 from [01m[K/home/jetson/yahboomcar_ros2_ws/software/orbslam2/ORB_SLAM2-master/include/Tracking.h:28[m[K,
                 from [01m[K/home/jetson/yahboomcar_ros2_ws/software/orbslam2/ORB_SLAM2-master/include/System.h:30[m[K,
                 from [01m[K/home/jetson/yahboomcar_ws/src/ros2-ORB_SLAM2/src/stereo/stereo-slam-node.hpp:13[m[K,
                 from [01m[K/home/jetson/yahboomcar_ws/src/ros2-ORB_SLAM2/src/stereo/stereo.cpp:7[m[K:
[01m[K/home/jetson/yahboomcar_ros2_ws/software/orbslam2/ORB_SLAM2-master/include/KeyFrame.h:25:10:[m[K [01;31m[Kfatal error: [m[KThirdparty/DBoW2/DBoW2/BowVector.h: No such file or directory
   25 | #include [01;31m[K"Thirdparty/DBoW2/DBoW2/BowVector.h"[m[K
      |          [01;31m[K^~~~~~~~~~~~~~~~~~~~~~~~~~~~~~~~~~~~[m[K
compilation terminated.
gmake[2]: *** [CMakeFiles/stereo.dir/build.make:76: CMakeFiles/stereo.dir/src/stereo/stereo.cpp.o] Error 1
gmake[2]: *** Waiting for unfinished jobs....
In file included from [01m[K/home/jetson/yahboomcar_ros2_ws/software/orbslam2/ORB_SLAM2-master/include/MapPoint.h:24[m[K,
                 from [01m[K/home/jetson/yahboomcar_ros2_ws/software/orbslam2/ORB_SLAM2-master/include/FrameDrawer.h:25[m[K,
                 from [01m[K/home/jetson/yahboomcar_ros2_ws/software/orbslam2/ORB_SLAM2-master/include/Viewer.h:25[m[K,
                 from [01m[K/home/jetson/yahboomcar_ros2_ws/software/orbslam2/ORB_SLAM2-master/include/Tracking.h:28[m[K,
                 from [01m[K/home/jetson/yahboomcar_ros2_ws/software/orbslam2/ORB_SLAM2-master/include/System.h:30[m[K,
                 from [01m[K/home/jetson/yahboomcar_ws/src/ros2-ORB_SLAM2/src/rgbd_pose/rgbd-slam-pose-node.hpp:22[m[K,
                 from [01m[K/home/jetson/yahboomcar_ws/src/ros2-ORB_SLAM2/src/rgbd_pose/rgbd_pose.cpp:7[m[K:
[01m[K/home/jetson/yahboomcar_ros2_ws/software/orbslam2/ORB_SLAM2-master/include/KeyFrame.h:25:10:[m[K [01;31m[Kfatal error: [m[KThirdparty/DBoW2/DBoW2/BowVector.h: No such file or directory
   25 | #include [01;31m[K"Thirdparty/DBoW2/DBoW2/BowVector.h"[m[K
      |          [01;31m[K^~~~~~~~~~~~~~~~~~~~~~~~~~~~~~~~~~~~[m[K
compilation terminated.
gmake[2]: *** [CMakeFiles/rgbd_pose.dir/build.make:76: CMakeFiles/rgbd_pose.dir/src/rgbd_pose/rgbd_pose.cpp.o] Error 1
gmake[2]: *** Waiting for unfinished jobs....
In file included from [01m[K/home/jetson/yahboomcar_ros2_ws/software/orbslam2/ORB_SLAM2-master/include/MapPoint.h:24[m[K,
                 from [01m[K/home/jetson/yahboomcar_ros2_ws/software/orbslam2/ORB_SLAM2-master/include/FrameDrawer.h:25[m[K,
                 from [01m[K/home/jetson/yahboomcar_ros2_ws/software/orbslam2/ORB_SLAM2-master/include/Viewer.h:25[m[K,
                 from [01m[K/home/jetson/yahboomcar_ros2_ws/software/orbslam2/ORB_SLAM2-master/include/Tracking.h:28[m[K,
                 from [01m[K/home/jetson/yahboomcar_ros2_ws/software/orbslam2/ORB_SLAM2-master/include/System.h:30[m[K,
                 from [01m[K/home/jetson/yahboomcar_ws/src/ros2-ORB_SLAM2/src/rgbd/rgbd-slam-node.hpp:19[m[K,
                 from [01m[K/home/jetson/yahboomcar_ws/src/ros2-ORB_SLAM2/src/rgbd/rgbd-slam-node.cpp:1[m[K:
[01m[K/home/jetson/yahboomcar_ros2_ws/software/orbslam2/ORB_SLAM2-master/include/KeyFrame.h:25:10:[m[K [01;31m[Kfatal error: [m[KThirdparty/DBoW2/DBoW2/BowVector.h: No such file or directory
   25 | #include [01;31m[K"Thirdparty/DBoW2/DBoW2/BowVector.h"[m[K
      |          [01;31m[K^~~~~~~~~~~~~~~~~~~~~~~~~~~~~~~~~~~~[m[K
compilation terminated.
gmake[2]: *** [CMakeFiles/rgbd.dir/build.make:90: CMakeFiles/rgbd.dir/src/rgbd/rgbd-slam-node.cpp.o] Error 1
gmake[1]: *** [CMakeFiles/Makefile2:169: CMakeFiles/rgbd.dir/all] Error 2
In file included from [01m[K/home/jetson/yahboomcar_ros2_ws/software/orbslam2/ORB_SLAM2-master/include/MapPoint.h:24[m[K,
                 from [01m[K/home/jetson/yahboomcar_ros2_ws/software/orbslam2/ORB_SLAM2-master/include/FrameDrawer.h:25[m[K,
                 from [01m[K/home/jetson/yahboomcar_ros2_ws/software/orbslam2/ORB_SLAM2-master/include/Viewer.h:25[m[K,
                 from [01m[K/home/jetson/yahboomcar_ros2_ws/software/orbslam2/ORB_SLAM2-master/include/Tracking.h:28[m[K,
                 from [01m[K/home/jetson/yahboomcar_ros2_ws/software/orbslam2/ORB_SLAM2-master/include/System.h:30[m[K,
                 from [01m[K/home/jetson/yahboomcar_ws/src/ros2-ORB_SLAM2/src/rgbd_pose/rgbd-slam-pose-node.hpp:22[m[K,
                 from [01m[K/home/jetson/yahboomcar_ws/src/ros2-ORB_SLAM2/src/rgbd_pose/rgbd-slam-pose-node.cpp:1[m[K:
[01m[K/home/jetson/yahboomcar_ros2_ws/software/orbslam2/ORB_SLAM2-master/include/KeyFrame.h:25:10:[m[K [01;31m[Kfatal error: [m[KThirdparty/DBoW2/DBoW2/BowVector.h: No such file or directory
   25 | #include [01;31m[K"Thirdparty/DBoW2/DBoW2/BowVector.h"[m[K
      |          [01;31m[K^~~~~~~~~~~~~~~~~~~~~~~~~~~~~~~~~~~~[m[K
compilation terminated.
In file included from [01m[K/home/jetson/yahboomcar_ros2_ws/software/orbslam2/ORB_SLAM2-master/include/MapPoint.h:24[m[K,
                 from [01m[K/home/jetson/yahboomcar_ros2_ws/software/orbslam2/ORB_SLAM2-master/include/FrameDrawer.h:25[m[K,
                 from [01m[K/home/jetson/yahboomcar_ros2_ws/software/orbslam2/ORB_SLAM2-master/include/Viewer.h:25[m[K,
                 from [01m[K/home/jetson/yahboomcar_ros2_ws/software/orbslam2/ORB_SLAM2-master/include/Tracking.h:28[m[K,
                 from [01m[K/home/jetson/yahboomcar_ros2_ws/software/orbslam2/ORB_SLAM2-master/include/System.h:30[m[K,
                 from [01m[K/home/jetson/yahboomcar_ws/src/ros2-ORB_SLAM2/src/stereo/stereo-slam-node.hpp:13[m[K,
                 from [01m[K/home/jetson/yahboomcar_ws/src/ros2-ORB_SLAM2/src/stereo/stereo-slam-node.cpp:1[m[K:
[01m[K/home/jetson/yahboomcar_ros2_ws/software/orbslam2/ORB_SLAM2-master/include/KeyFrame.h:25:10:[m[K [01;31m[Kfatal error: [m[KThirdparty/DBoW2/DBoW2/BowVector.h: No such file or directory
   25 | #include [01;31m[K"Thirdparty/DBoW2/DBoW2/BowVector.h"[m[K
      |          [01;31m[K^~~~~~~~~~~~~~~~~~~~~~~~~~~~~~~~~~~~[m[K
compilation terminated.
gmake[2]: *** [CMakeFiles/rgbd_pose.dir/build.make:90: CMakeFiles/rgbd_pose.dir/src/rgbd_pose/rgbd-slam-pose-node.cpp.o] Error 1
gmake[1]: *** [CMakeFiles/Makefile2:195: CMakeFiles/rgbd_pose.dir/all] Error 2
gmake[2]: *** [CMakeFiles/stereo.dir/build.make:90: CMakeFiles/stereo.dir/src/stereo/stereo-slam-node.cpp.o] Error 1
gmake[1]: *** [CMakeFiles/Makefile2:221: CMakeFiles/stereo.dir/all] Error 2
gmake: *** [Makefile:146: all] Error 2
