[0.025s] Invoking command in '/home/jetson/yahboomcar_ws/build/ros2_orbslam': CMAKE_PREFIX_PATH=${CMAKE_PREFIX_PATH}:/opt/ros/humble /usr/bin/cmake /home/jetson/yahboomcar_ws/src/ros2-ORB_SLAM2 -DCMAKE_INSTALL_PREFIX=/home/jetson/yahboomcar_ws/install/ros2_orbslam
[0.154s] -- The C compiler identification is GNU 11.4.0
[0.268s] -- The CXX compiler identification is GNU 11.4.0
[0.283s] -- Detecting C compiler ABI info
[0.460s] -- Detecting C compiler ABI info - done
[0.477s] -- Check for working C compiler: /usr/bin/cc - skipped
[0.478s] -- Detecting C compile features
[0.478s] -- Detecting C compile features - done
[0.483s] -- Detecting CXX compiler ABI info
[0.674s] -- Detecting CXX compiler ABI info - done
[0.687s] -- Check for working CXX compiler: /usr/bin/c++ - skipped
[0.687s] -- Detecting CXX compile features
[0.688s] -- Detecting CXX compile features - done
[0.701s] -- Found OpenCV: /usr/local (found suitable version "3.2.0", minimum required is "3") 
[0.709s] -- Found ament_cmake: 1.3.11 (/opt/ros/humble/share/ament_cmake/cmake)
[1.666s] -- Found Python3: /usr/bin/python3 (found version "3.10.12") found components: Interpreter 
[1.967s] -- Found rclcpp: 16.0.12 (/opt/ros/humble/share/rclcpp/cmake)
[2.093s] -- Found rosidl_generator_c: 3.1.6 (/opt/ros/humble/share/rosidl_generator_c/cmake)
[2.109s] -- Found rosidl_adapter: 3.1.6 (/opt/ros/humble/share/rosidl_adapter/cmake)
[2.131s] -- Found rosidl_generator_cpp: 3.1.6 (/opt/ros/humble/share/rosidl_generator_cpp/cmake)
[2.164s] -- Using all available rosidl_typesupport_c: rosidl_typesupport_fastrtps_c;rosidl_typesupport_introspection_c
[2.207s] -- Using all available rosidl_typesupport_cpp: rosidl_typesupport_fastrtps_cpp;rosidl_typesupport_introspection_cpp
[2.326s] -- Found rmw_implementation_cmake: 6.1.2 (/opt/ros/humble/share/rmw_implementation_cmake/cmake)
[2.336s] -- Found rmw_fastrtps_cpp: 6.2.7 (/opt/ros/humble/share/rmw_fastrtps_cpp/cmake)
[2.551s] -- Found OpenSSL: /usr/lib/aarch64-linux-gnu/libcrypto.so (found version "3.0.2")  
[2.620s] -- Found FastRTPS: /opt/ros/humble/include  
[2.710s] -- Using RMW implementation 'rmw_fastrtps_cpp' as default
[2.739s] -- Looking for pthread.h
[2.920s] -- Looking for pthread.h - found
[2.920s] -- Performing Test CMAKE_HAVE_LIBC_PTHREAD
[3.107s] -- Performing Test CMAKE_HAVE_LIBC_PTHREAD - Success
[3.109s] -- Found Threads: TRUE  
[3.241s] -- Found sensor_msgs: 4.8.0 (/opt/ros/humble/share/sensor_msgs/cmake)
[3.305s] -- Found nav_msgs: 4.8.0 (/opt/ros/humble/share/nav_msgs/cmake)
[3.340s] -- Found cv_bridge: 3.2.1 (/opt/ros/humble/share/cv_bridge/cmake)
[3.350s] -- Found message_filters: 4.3.7 (/opt/ros/humble/share/message_filters/cmake)
[3.547s] -- Configuring done
[3.632s] -- Generating done
[3.651s] -- Build files have been written to: /home/jetson/yahboomcar_ws/build/ros2_orbslam
[3.689s] Invoked command in '/home/jetson/yahboomcar_ws/build/ros2_orbslam' returned '0': CMAKE_PREFIX_PATH=${CMAKE_PREFIX_PATH}:/opt/ros/humble /usr/bin/cmake /home/jetson/yahboomcar_ws/src/ros2-ORB_SLAM2 -DCMAKE_INSTALL_PREFIX=/home/jetson/yahboomcar_ws/install/ros2_orbslam
[3.694s] Invoking command in '/home/jetson/yahboomcar_ws/build/ros2_orbslam': CMAKE_PREFIX_PATH=${CMAKE_PREFIX_PATH}:/opt/ros/humble /usr/bin/cmake --build /home/jetson/yahboomcar_ws/build/ros2_orbslam -- -j6 -l6
[3.804s] [35m[1mConsolidate compiler generated dependencies of target rgbd[0m
[3.804s] [35m[1mConsolidate compiler generated dependencies of target mono[0m
[3.809s] [35m[1mConsolidate compiler generated dependencies of target rgbd_pose[0m
[3.814s] [35m[1mConsolidate compiler generated dependencies of target stereo[0m
[3.869s] [  8%] [32mBuilding CXX object CMakeFiles/mono.dir/src/monocular/monocular-slam-node.cpp.o[0m
[3.880s] [ 16%] [32mBuilding CXX object CMakeFiles/mono.dir/src/monocular/mono.cpp.o[0m
[3.882s] [ 25%] [32mBuilding CXX object CMakeFiles/rgbd.dir/src/rgbd/rgbd.cpp.o[0m
[3.893s] [ 33%] [32mBuilding CXX object CMakeFiles/stereo.dir/src/stereo/stereo.cpp.o[0m
[3.899s] [ 41%] [32mBuilding CXX object CMakeFiles/rgbd_pose.dir/src/rgbd_pose/rgbd_pose.cpp.o[0m
[3.917s] [ 50%] [32mBuilding CXX object CMakeFiles/rgbd.dir/src/rgbd/rgbd-slam-node.cpp.o[0m
[4.581s] In file included from [01m[K/home/jetson/yahboomcar_ros2_ws/software/orbslam2/ORB_SLAM2-master/include/MapPoint.h:24[m[K,
[4.581s]                  from [01m[K/home/jetson/yahboomcar_ros2_ws/software/orbslam2/ORB_SLAM2-master/include/FrameDrawer.h:25[m[K,
[4.582s]                  from [01m[K/home/jetson/yahboomcar_ros2_ws/software/orbslam2/ORB_SLAM2-master/include/Viewer.h:25[m[K,
[4.582s]                  from [01m[K/home/jetson/yahboomcar_ros2_ws/software/orbslam2/ORB_SLAM2-master/include/Tracking.h:28[m[K,
[4.582s]                  from [01m[K/home/jetson/yahboomcar_ros2_ws/software/orbslam2/ORB_SLAM2-master/include/System.h:30[m[K,
[4.582s]                  from [01m[K/home/jetson/yahboomcar_ws/src/ros2-ORB_SLAM2/src/monocular/monocular-slam-node.hpp:10[m[K,
[4.582s]                  from [01m[K/home/jetson/yahboomcar_ws/src/ros2-ORB_SLAM2/src/monocular/monocular-slam-node.cpp:1[m[K:
[4.582s] [01m[K/home/jetson/yahboomcar_ros2_ws/software/orbslam2/ORB_SLAM2-master/include/KeyFrame.h:25:10:[m[K [01;31m[Kfatal error: [m[KThirdparty/DBoW2/DBoW2/BowVector.h: No such file or directory
[4.582s]    25 | #include [01;31m[K"Thirdparty/DBoW2/DBoW2/BowVector.h"[m[K
[4.583s]       |          [01;31m[K^~~~~~~~~~~~~~~~~~~~~~~~~~~~~~~~~~~~[m[K
[4.583s] compilation terminated.
[4.590s] gmake[2]: *** [CMakeFiles/mono.dir/build.make:90: CMakeFiles/mono.dir/src/monocular/monocular-slam-node.cpp.o] Error 1
[4.590s] gmake[2]: *** Waiting for unfinished jobs....
[4.648s] [ 58%] [32mBuilding CXX object CMakeFiles/stereo.dir/src/stereo/stereo-slam-node.cpp.o[0m
[4.652s] In file included from [01m[K/home/jetson/yahboomcar_ros2_ws/software/orbslam2/ORB_SLAM2-master/include/MapPoint.h:24[m[K,
[4.655s]                  from [01m[K/home/jetson/yahboomcar_ros2_ws/software/orbslam2/ORB_SLAM2-master/include/FrameDrawer.h:25[m[K,
[4.656s]                  from [01m[K/home/jetson/yahboomcar_ros2_ws/software/orbslam2/ORB_SLAM2-master/include/Viewer.h:25[m[K,
[4.657s]                  from [01m[K/home/jetson/yahboomcar_ros2_ws/software/orbslam2/ORB_SLAM2-master/include/Tracking.h:28[m[K,
[4.657s]                  from [01m[K/home/jetson/yahboomcar_ros2_ws/software/orbslam2/ORB_SLAM2-master/include/System.h:30[m[K,
[4.658s]                  from [01m[K/home/jetson/yahboomcar_ws/src/ros2-ORB_SLAM2/src/monocular/monocular-slam-node.hpp:10[m[K,
[4.659s]                  from [01m[K/home/jetson/yahboomcar_ws/src/ros2-ORB_SLAM2/src/monocular/mono.cpp:7[m[K:
[4.659s] [01m[K/home/jetson/yahboomcar_ros2_ws/software/orbslam2/ORB_SLAM2-master/include/KeyFrame.h:25:10:[m[K [01;31m[Kfatal error: [m[KThirdparty/DBoW2/DBoW2/BowVector.h: No such file or directory
[4.659s]    25 | #include [01;31m[K"Thirdparty/DBoW2/DBoW2/BowVector.h"[m[K
[4.660s]       |          [01;31m[K^~~~~~~~~~~~~~~~~~~~~~~~~~~~~~~~~~~~[m[K
[4.661s] compilation terminated.
[4.671s] gmake[2]: *** [CMakeFiles/mono.dir/build.make:76: CMakeFiles/mono.dir/src/monocular/mono.cpp.o] Error 1
[4.672s] gmake[1]: *** [CMakeFiles/Makefile2:143: CMakeFiles/mono.dir/all] Error 2
[4.673s] gmake[1]: *** Waiting for unfinished jobs....
[4.727s] [ 66%] [32mBuilding CXX object CMakeFiles/rgbd_pose.dir/src/rgbd_pose/rgbd-slam-pose-node.cpp.o[0m
[4.759s] In file included from [01m[K/home/jetson/yahboomcar_ros2_ws/software/orbslam2/ORB_SLAM2-master/include/MapPoint.h:24[m[K,
[4.760s]                  from [01m[K/home/jetson/yahboomcar_ros2_ws/software/orbslam2/ORB_SLAM2-master/include/FrameDrawer.h:25[m[K,
[4.760s]                  from [01m[K/home/jetson/yahboomcar_ros2_ws/software/orbslam2/ORB_SLAM2-master/include/Viewer.h:25[m[K,
[4.761s]                  from [01m[K/home/jetson/yahboomcar_ros2_ws/software/orbslam2/ORB_SLAM2-master/include/Tracking.h:28[m[K,
[4.761s]                  from [01m[K/home/jetson/yahboomcar_ros2_ws/software/orbslam2/ORB_SLAM2-master/include/System.h:30[m[K,
[4.761s]                  from [01m[K/home/jetson/yahboomcar_ws/src/ros2-ORB_SLAM2/src/rgbd/rgbd-slam-node.hpp:19[m[K,
[4.762s]                  from [01m[K/home/jetson/yahboomcar_ws/src/ros2-ORB_SLAM2/src/rgbd/rgbd.cpp:7[m[K:
[4.762s] [01m[K/home/jetson/yahboomcar_ros2_ws/software/orbslam2/ORB_SLAM2-master/include/KeyFrame.h:25:10:[m[K [01;31m[Kfatal error: [m[KThirdparty/DBoW2/DBoW2/BowVector.h: No such file or directory
[4.763s]    25 | #include [01;31m[K"Thirdparty/DBoW2/DBoW2/BowVector.h"[m[K
[4.763s]       |          [01;31m[K^~~~~~~~~~~~~~~~~~~~~~~~~~~~~~~~~~~~[m[K
[4.763s] compilation terminated.
[4.782s] gmake[2]: *** [CMakeFiles/rgbd.dir/build.make:76: CMakeFiles/rgbd.dir/src/rgbd/rgbd.cpp.o] Error 1
[4.782s] gmake[2]: *** Waiting for unfinished jobs....
[4.803s] In file included from [01m[K/home/jetson/yahboomcar_ros2_ws/software/orbslam2/ORB_SLAM2-master/include/MapPoint.h:24[m[K,
[4.803s]                  from [01m[K/home/jetson/yahboomcar_ros2_ws/software/orbslam2/ORB_SLAM2-master/include/FrameDrawer.h:25[m[K,
[4.803s]                  from [01m[K/home/jetson/yahboomcar_ros2_ws/software/orbslam2/ORB_SLAM2-master/include/Viewer.h:25[m[K,
[4.803s]                  from [01m[K/home/jetson/yahboomcar_ros2_ws/software/orbslam2/ORB_SLAM2-master/include/Tracking.h:28[m[K,
[4.803s]                  from [01m[K/home/jetson/yahboomcar_ros2_ws/software/orbslam2/ORB_SLAM2-master/include/System.h:30[m[K,
[4.804s]                  from [01m[K/home/jetson/yahboomcar_ws/src/ros2-ORB_SLAM2/src/stereo/stereo-slam-node.hpp:13[m[K,
[4.804s]                  from [01m[K/home/jetson/yahboomcar_ws/src/ros2-ORB_SLAM2/src/stereo/stereo.cpp:7[m[K:
[4.804s] [01m[K/home/jetson/yahboomcar_ros2_ws/software/orbslam2/ORB_SLAM2-master/include/KeyFrame.h:25:10:[m[K [01;31m[Kfatal error: [m[KThirdparty/DBoW2/DBoW2/BowVector.h: No such file or directory
[4.804s]    25 | #include [01;31m[K"Thirdparty/DBoW2/DBoW2/BowVector.h"[m[K
[4.804s]       |          [01;31m[K^~~~~~~~~~~~~~~~~~~~~~~~~~~~~~~~~~~~[m[K
[4.804s] compilation terminated.
[4.811s] gmake[2]: *** [CMakeFiles/stereo.dir/build.make:76: CMakeFiles/stereo.dir/src/stereo/stereo.cpp.o] Error 1
[4.811s] gmake[2]: *** Waiting for unfinished jobs....
[4.828s] In file included from [01m[K/home/jetson/yahboomcar_ros2_ws/software/orbslam2/ORB_SLAM2-master/include/MapPoint.h:24[m[K,
[4.829s]                  from [01m[K/home/jetson/yahboomcar_ros2_ws/software/orbslam2/ORB_SLAM2-master/include/FrameDrawer.h:25[m[K,
[4.830s]                  from [01m[K/home/jetson/yahboomcar_ros2_ws/software/orbslam2/ORB_SLAM2-master/include/Viewer.h:25[m[K,
[4.830s]                  from [01m[K/home/jetson/yahboomcar_ros2_ws/software/orbslam2/ORB_SLAM2-master/include/Tracking.h:28[m[K,
[4.830s]                  from [01m[K/home/jetson/yahboomcar_ros2_ws/software/orbslam2/ORB_SLAM2-master/include/System.h:30[m[K,
[4.831s]                  from [01m[K/home/jetson/yahboomcar_ws/src/ros2-ORB_SLAM2/src/rgbd_pose/rgbd-slam-pose-node.hpp:22[m[K,
[4.831s]                  from [01m[K/home/jetson/yahboomcar_ws/src/ros2-ORB_SLAM2/src/rgbd_pose/rgbd_pose.cpp:7[m[K:
[4.831s] [01m[K/home/jetson/yahboomcar_ros2_ws/software/orbslam2/ORB_SLAM2-master/include/KeyFrame.h:25:10:[m[K [01;31m[Kfatal error: [m[KThirdparty/DBoW2/DBoW2/BowVector.h: No such file or directory
[4.831s]    25 | #include [01;31m[K"Thirdparty/DBoW2/DBoW2/BowVector.h"[m[K
[4.832s]       |          [01;31m[K^~~~~~~~~~~~~~~~~~~~~~~~~~~~~~~~~~~~[m[K
[4.832s] compilation terminated.
[4.835s] gmake[2]: *** [CMakeFiles/rgbd_pose.dir/build.make:76: CMakeFiles/rgbd_pose.dir/src/rgbd_pose/rgbd_pose.cpp.o] Error 1
[4.836s] gmake[2]: *** Waiting for unfinished jobs....
[4.837s] In file included from [01m[K/home/jetson/yahboomcar_ros2_ws/software/orbslam2/ORB_SLAM2-master/include/MapPoint.h:24[m[K,
[4.838s]                  from [01m[K/home/jetson/yahboomcar_ros2_ws/software/orbslam2/ORB_SLAM2-master/include/FrameDrawer.h:25[m[K,
[4.838s]                  from [01m[K/home/jetson/yahboomcar_ros2_ws/software/orbslam2/ORB_SLAM2-master/include/Viewer.h:25[m[K,
[4.838s]                  from [01m[K/home/jetson/yahboomcar_ros2_ws/software/orbslam2/ORB_SLAM2-master/include/Tracking.h:28[m[K,
[4.838s]                  from [01m[K/home/jetson/yahboomcar_ros2_ws/software/orbslam2/ORB_SLAM2-master/include/System.h:30[m[K,
[4.838s]                  from [01m[K/home/jetson/yahboomcar_ws/src/ros2-ORB_SLAM2/src/rgbd/rgbd-slam-node.hpp:19[m[K,
[4.838s]                  from [01m[K/home/jetson/yahboomcar_ws/src/ros2-ORB_SLAM2/src/rgbd/rgbd-slam-node.cpp:1[m[K:
[4.838s] [01m[K/home/jetson/yahboomcar_ros2_ws/software/orbslam2/ORB_SLAM2-master/include/KeyFrame.h:25:10:[m[K [01;31m[Kfatal error: [m[KThirdparty/DBoW2/DBoW2/BowVector.h: No such file or directory
[4.839s]    25 | #include [01;31m[K"Thirdparty/DBoW2/DBoW2/BowVector.h"[m[K
[4.840s]       |          [01;31m[K^~~~~~~~~~~~~~~~~~~~~~~~~~~~~~~~~~~~[m[K
[4.842s] compilation terminated.
[4.846s] gmake[2]: *** [CMakeFiles/rgbd.dir/build.make:90: CMakeFiles/rgbd.dir/src/rgbd/rgbd-slam-node.cpp.o] Error 1
[4.848s] gmake[1]: *** [CMakeFiles/Makefile2:169: CMakeFiles/rgbd.dir/all] Error 2
[5.455s] In file included from [01m[K/home/jetson/yahboomcar_ros2_ws/software/orbslam2/ORB_SLAM2-master/include/MapPoint.h:24[m[K,
[5.455s]                  from [01m[K/home/jetson/yahboomcar_ros2_ws/software/orbslam2/ORB_SLAM2-master/include/FrameDrawer.h:25[m[K,
[5.455s]                  from [01m[K/home/jetson/yahboomcar_ros2_ws/software/orbslam2/ORB_SLAM2-master/include/Viewer.h:25[m[K,
[5.455s]                  from [01m[K/home/jetson/yahboomcar_ros2_ws/software/orbslam2/ORB_SLAM2-master/include/Tracking.h:28[m[K,
[5.456s]                  from [01m[K/home/jetson/yahboomcar_ros2_ws/software/orbslam2/ORB_SLAM2-master/include/System.h:30[m[K,
[5.456s]                  from [01m[K/home/jetson/yahboomcar_ws/src/ros2-ORB_SLAM2/src/rgbd_pose/rgbd-slam-pose-node.hpp:22[m[K,
[5.456s]                  from [01m[K/home/jetson/yahboomcar_ws/src/ros2-ORB_SLAM2/src/rgbd_pose/rgbd-slam-pose-node.cpp:1[m[K:
[5.456s] [01m[K/home/jetson/yahboomcar_ros2_ws/software/orbslam2/ORB_SLAM2-master/include/KeyFrame.h:25:10:[m[K [01;31m[Kfatal error: [m[KThirdparty/DBoW2/DBoW2/BowVector.h: No such file or directory
[5.456s]    25 | #include [01;31m[K"Thirdparty/DBoW2/DBoW2/BowVector.h"[m[K
[5.456s]       |          [01;31m[K^~~~~~~~~~~~~~~~~~~~~~~~~~~~~~~~~~~~[m[K
[5.456s] compilation terminated.
[5.458s] In file included from [01m[K/home/jetson/yahboomcar_ros2_ws/software/orbslam2/ORB_SLAM2-master/include/MapPoint.h:24[m[K,
[5.459s]                  from [01m[K/home/jetson/yahboomcar_ros2_ws/software/orbslam2/ORB_SLAM2-master/include/FrameDrawer.h:25[m[K,
[5.459s]                  from [01m[K/home/jetson/yahboomcar_ros2_ws/software/orbslam2/ORB_SLAM2-master/include/Viewer.h:25[m[K,
[5.459s]                  from [01m[K/home/jetson/yahboomcar_ros2_ws/software/orbslam2/ORB_SLAM2-master/include/Tracking.h:28[m[K,
[5.459s]                  from [01m[K/home/jetson/yahboomcar_ros2_ws/software/orbslam2/ORB_SLAM2-master/include/System.h:30[m[K,
[5.460s]                  from [01m[K/home/jetson/yahboomcar_ws/src/ros2-ORB_SLAM2/src/stereo/stereo-slam-node.hpp:13[m[K,
[5.460s]                  from [01m[K/home/jetson/yahboomcar_ws/src/ros2-ORB_SLAM2/src/stereo/stereo-slam-node.cpp:1[m[K:
[5.460s] [01m[K/home/jetson/yahboomcar_ros2_ws/software/orbslam2/ORB_SLAM2-master/include/KeyFrame.h:25:10:[m[K [01;31m[Kfatal error: [m[KThirdparty/DBoW2/DBoW2/BowVector.h: No such file or directory
[5.461s]    25 | #include [01;31m[K"Thirdparty/DBoW2/DBoW2/BowVector.h"[m[K
[5.461s]       |          [01;31m[K^~~~~~~~~~~~~~~~~~~~~~~~~~~~~~~~~~~~[m[K
[5.462s] compilation terminated.
[5.462s] gmake[2]: *** [CMakeFiles/rgbd_pose.dir/build.make:90: CMakeFiles/rgbd_pose.dir/src/rgbd_pose/rgbd-slam-pose-node.cpp.o] Error 1
[5.463s] gmake[1]: *** [CMakeFiles/Makefile2:195: CMakeFiles/rgbd_pose.dir/all] Error 2
[5.472s] gmake[2]: *** [CMakeFiles/stereo.dir/build.make:90: CMakeFiles/stereo.dir/src/stereo/stereo-slam-node.cpp.o] Error 1
[5.473s] gmake[1]: *** [CMakeFiles/Makefile2:221: CMakeFiles/stereo.dir/all] Error 2
[5.485s] gmake: *** [Makefile:146: all] Error 2
[5.487s] Invoked command in '/home/jetson/yahboomcar_ws/build/ros2_orbslam' returned '2': CMAKE_PREFIX_PATH=${CMAKE_PREFIX_PATH}:/opt/ros/humble /usr/bin/cmake --build /home/jetson/yahboomcar_ws/build/ros2_orbslam -- -j6 -l6
