-- Found ament_cmake: 1.3.11 (/opt/ros/humble/share/ament_cmake/cmake)
-- Found rosidl_default_generators: 1.2.0 (/opt/ros/humble/share/rosidl_default_generators/cmake)
-- Using all available rosidl_typesupport_c: rosidl_typesupport_fastrtps_c;rosidl_typesupport_introspection_c
-- Found rosidl_adapter: 3.1.6 (/opt/ros/humble/share/rosidl_adapter/cmake)
-- Using all available rosidl_typesupport_cpp: rosidl_typesupport_fastrtps_cpp;rosidl_typesupport_introspection_cpp
-- Found sensor_msgs: 4.8.0 (/opt/ros/humble/share/sensor_msgs/cmake)
-- Found ament_cmake_ros: 0.10.0 (/opt/ros/humble/share/ament_cmake_ros/cmake)
-- Using all available rosidl_typesupport_c: rosidl_typesupport_fastrtps_c;rosidl_typesupport_introspection_c
-- Using all available rosidl_typesupport_cpp: rosidl_typesupport_fastrtps_cpp;rosidl_typesupport_introspection_cpp
-- Found python_cmake_module: 0.10.0 (/opt/ros/humble/share/python_cmake_module/cmake)
-- Using PYTHON_EXECUTABLE: /usr/bin/python3
-- Using PYTHON_INCLUDE_DIRS: /usr/include/python3.10
-- Using PYTHON_LIBRARIES: /usr/lib/aarch64-linux-gnu/libpython3.10.so
-- Using numpy include directory: /home/jetson/.local/lib/python3.10/site-packages/numpy/core/include
-- Found ament_lint_auto: 0.12.12 (/opt/ros/humble/share/ament_lint_auto/cmake)
-- Added test 'copyright' to check source files copyright and LICENSE
-- Added test 'lint_cmake' to check CMake code style
-- Added test 'xmllint' to check XML markup files
-- Found ament_cmake: 1.3.11 (/opt/ros/humble/share/ament_cmake/cmake)
-- Found rclcpp: 16.0.12 (/opt/ros/humble/share/rclcpp/cmake)
-- Found rosidl_generator_c: 3.1.6 (/opt/ros/humble/share/rosidl_generator_c/cmake)
-- Found rosidl_adapter: 3.1.6 (/opt/ros/humble/share/rosidl_adapter/cmake)
-- Found rosidl_generator_cpp: 3.1.6 (/opt/ros/humble/share/rosidl_generator_cpp/cmake)
-- Using all available rosidl_typesupport_c: rosidl_typesupport_fastrtps_c;rosidl_typesupport_introspection_c
-- Using all available rosidl_typesupport_cpp: rosidl_typesupport_fastrtps_cpp;rosidl_typesupport_introspection_cpp
-- Found rmw_implementation_cmake: 6.1.2 (/opt/ros/humble/share/rmw_implementation_cmake/cmake)
-- Found rmw_fastrtps_cpp: 6.2.7 (/opt/ros/humble/share/rmw_fastrtps_cpp/cmake)
-- Using RMW implementation 'rmw_fastrtps_cpp' as default
-- Found rclcpp_components: 16.0.12 (/opt/ros/humble/share/rclcpp_components/cmake)
-- Found sensor_msgs: 4.8.0 (/opt/ros/humble/share/sensor_msgs/cmake)
-- Found std_srvs: 4.8.0 (/opt/ros/humble/share/std_srvs/cmake)
-- Found tf2: 0.25.12 (/opt/ros/humble/share/tf2/cmake)
-- Found tf2_ros: 0.25.12 (/opt/ros/humble/share/tf2_ros/cmake)
-- Found tf2_sensor_msgs: 0.25.12 (/opt/ros/humble/share/tf2_sensor_msgs/cmake)
-- Found camera_info_manager: 3.1.11 (/opt/ros/humble/share/camera_info_manager/cmake)
-- Found cv_bridge: 3.2.1 (/opt/ros/humble/share/cv_bridge/cmake)
-- Found image_transport: 3.1.11 (/opt/ros/humble/share/image_transport/cmake)
-- Found image_geometry: 3.2.1 (/opt/ros/humble/share/image_geometry/cmake)
-- Found image_publisher: 3.0.8 (/opt/ros/humble/share/image_publisher/cmake)
-- Found astra_camera_msgs: 1.0.1 (/home/jetson/yahboomcar_ros2_ws/software/library_ws/install/astra_camera_msgs/share/astra_camera_msgs/cmake)
-- Configuring done
[33mCMake Warning at CMakeLists.txt:71 (add_library):
  Cannot generate a safe runtime search path for target
  yahboomcar_astra_driver because there is a cycle in the constraint graph:

    dir 0 is [/usr/local/cuda-12.6/lib64]
    dir 1 is [/opt/ros/humble/lib]
      dir 2 must precede it due to runtime library [libimage_transport.so]
    dir 2 is [/opt/ros/humble/lib/aarch64-linux-gnu]
    dir 3 is [/home/jetson/yahboomcar_ros2_ws/software/library_ws/install/astra_camera_msgs/lib]
      dir 4 must precede it due to runtime library [libastra_camera_msgs__rosidl_typesupport_introspection_c.so]
    dir 4 is [/home/jetson/yahboomcar_ws/build/yahboomcar_astra/astra_camera_msgs]
      dir 3 must precede it due to runtime library [libastra_camera_msgs__rosidl_typesupport_fastrtps_c.so]
    dir 5 is [/usr/local/lib]

  Some of these libraries may not be found correctly.

[0m
[33mCMake Warning at CMakeLists.txt:115 (add_executable):
  Cannot generate a safe runtime search path for target astra_camera_node
  because there is a cycle in the constraint graph:

    dir 0 is [/usr/local/cuda-12.6/lib64]
    dir 1 is [/home/jetson/yahboomcar_ws/build/yahboomcar_astra]
    dir 2 is [/usr/local/lib]
    dir 3 is [/home/jetson/yahboomcar_ros2_ws/software/library_ws/install/astra_camera_msgs/lib]
      dir 4 must precede it due to runtime library [libastra_camera_msgs__rosidl_typesupport_introspection_c.so]
    dir 4 is [/home/jetson/yahboomcar_ws/build/yahboomcar_astra/astra_camera_msgs]
      dir 3 must precede it due to runtime library [libastra_camera_msgs__rosidl_typesupport_fastrtps_c.so]
    dir 5 is [/opt/ros/humble/lib]
      dir 6 must precede it due to runtime library [libimage_transport.so]
    dir 6 is [/opt/ros/humble/lib/aarch64-linux-gnu]

  Some of these libraries may not be found correctly.

[0m
-- Generating done
-- Build files have been written to: /home/jetson/yahboomcar_ws/build/yahboomcar_astra
[35m[1mConsolidate compiler generated dependencies of target KCFTracker_node[0m
[35m[1mConsolidate compiler generated dependencies of target astra_camera_msgs__rosidl_generator_c[0m
[  0%] Built target astra_camera_msgs__cpp
[  0%] Built target ament_cmake_python_copy_astra_camera_msgs
[ 10%] Built target astra_camera_msgs__rosidl_generator_c
[ 10%] [32mBuilding CXX object CMakeFiles/KCFTracker_node.dir/src/KCF_Tracker_main.cpp.o[0m
[35m[1mConsolidate compiler generated dependencies of target astra_camera_msgs__rosidl_typesupport_cpp[0m
[35m[1mConsolidate compiler generated dependencies of target astra_camera_msgs__rosidl_typesupport_introspection_cpp[0m
[35m[1mConsolidate compiler generated dependencies of target astra_camera_msgs__rosidl_typesupport_fastrtps_cpp[0m
[35m[1mConsolidate compiler generated dependencies of target astra_camera_msgs__rosidl_typesupport_introspection_c[0m
[ 20%] Built target astra_camera_msgs__rosidl_typesupport_introspection_cpp
[ 30%] Built target astra_camera_msgs__rosidl_typesupport_cpp
[ 39%] Built target astra_camera_msgs__rosidl_typesupport_fastrtps_cpp
[ 49%] Built target astra_camera_msgs__rosidl_typesupport_introspection_c
[ 50%] [32mBuilding CXX object CMakeFiles/KCFTracker_node.dir/src/KCF_Tracker.cpp.o[0m
[35m[1mConsolidate compiler generated dependencies of target astra_camera_msgs__rosidl_typesupport_fastrtps_c[0m
[35m[1mConsolidate compiler generated dependencies of target astra_camera_msgs__rosidl_typesupport_c[0m
[35m[1mConsolidate compiler generated dependencies of target yahboomcar_astra_driver[0m
[ 60%] Built target astra_camera_msgs__rosidl_typesupport_c
[ 61%] [32mBuilding CXX object CMakeFiles/KCFTracker_node.dir/src/yahboomcar_astra/kcftracker.cpp.o[0m
[ 70%] Built target astra_camera_msgs__rosidl_typesupport_fastrtps_c
[ 82%] Built target yahboomcar_astra_driver
[ 82%] Built target astra_camera_msgs
[ 83%] [32mBuilding CXX object CMakeFiles/KCFTracker_node.dir/src/yahboomcar_astra/fhog.cpp.o[0m
[35m[1mConsolidate compiler generated dependencies of target astra_camera_node[0m
[ 85%] Built target astra_camera_node
running egg_info
[ 86%] Built target astra_camera_msgs__py
writing astra_camera_msgs.egg-info/PKG-INFO
writing dependency_links to astra_camera_msgs.egg-info/dependency_links.txt
writing top-level names to astra_camera_msgs.egg-info/top_level.txt
[35m[1mConsolidate compiler generated dependencies of target astra_camera_msgs__rosidl_generator_py[0m
In file included from [01m[K/home/jetson/yahboomcar_ws/src/yahboomcar_astra/src/KCF_Tracker_main.cpp:3[m[K:
[01m[K/home/jetson/yahboomcar_ws/src/yahboomcar_astra/include/yahboomcar_astra/KCF_Tracker.h:21:10:[m[K [01;31m[Kfatal error: [m[Kstd_srvs/std_srvs/srv/set_bool.h: No such file or directory
   21 | #include [01;31m[K<std_srvs/std_srvs/srv/set_bool.h>[m[K
      |          [01;31m[K^~~~~~~~~~~~~~~~~~~~~~~~~~~~~~~~~~[m[K
compilation terminated.
gmake[2]: *** [CMakeFiles/KCFTracker_node.dir/build.make:76: CMakeFiles/KCFTracker_node.dir/src/KCF_Tracker_main.cpp.o] Error 1
gmake[2]: *** Waiting for unfinished jobs....
[ 94%] Built target astra_camera_msgs__rosidl_generator_py
[35m[1mConsolidate compiler generated dependencies of target astra_camera_msgs__rosidl_typesupport_fastrtps_c__pyext[0m
reading manifest file 'astra_camera_msgs.egg-info/SOURCES.txt'
writing manifest file 'astra_camera_msgs.egg-info/SOURCES.txt'
[ 96%] Built target astra_camera_msgs__rosidl_typesupport_fastrtps_c__pyext
[35m[1mConsolidate compiler generated dependencies of target astra_camera_msgs__rosidl_typesupport_introspection_c__pyext[0m
[35m[1mConsolidate compiler generated dependencies of target astra_camera_msgs__rosidl_typesupport_c__pyext[0m
[ 97%] Built target astra_camera_msgs__rosidl_typesupport_introspection_c__pyext
[ 97%] Built target ament_cmake_python_build_astra_camera_msgs_egg
[ 98%] Built target astra_camera_msgs__rosidl_typesupport_c__pyext
In file included from [01m[K/home/jetson/yahboomcar_ws/src/yahboomcar_astra/src/KCF_Tracker.cpp:5[m[K:
[01m[K/home/jetson/yahboomcar_ws/src/yahboomcar_astra/include/yahboomcar_astra/KCF_Tracker.h:21:10:[m[K [01;31m[Kfatal error: [m[Kstd_srvs/std_srvs/srv/set_bool.h: No such file or directory
   21 | #include [01;31m[K<std_srvs/std_srvs/srv/set_bool.h>[m[K
      |          [01;31m[K^~~~~~~~~~~~~~~~~~~~~~~~~~~~~~~~~~[m[K
compilation terminated.
gmake[2]: *** [CMakeFiles/KCFTracker_node.dir/build.make:90: CMakeFiles/KCFTracker_node.dir/src/KCF_Tracker.cpp.o] Error 1
gmake[1]: *** [CMakeFiles/Makefile2:235: CMakeFiles/KCFTracker_node.dir/all] Error 2
gmake: *** [Makefile:146: all] Error 2
