[0.024s] Invoking command in '/home/jetson/yahboomcar_ws/src/build/yahboomcar_astra': CMAKE_PREFIX_PATH=${CMAKE_PREFIX_PATH}:/opt/ros/humble /usr/bin/cmake /home/jetson/yahboomcar_ws/src/yahboomcar_astra -DCMAKE_INSTALL_PREFIX=/home/jetson/yahboomcar_ws/src/install/yahboomcar_astra
[0.050s] -- Found ament_cmake: 1.3.11 (/opt/ros/humble/share/ament_cmake/cmake)
[0.337s] -- Found rosidl_default_generators: 1.2.0 (/opt/ros/humble/share/rosidl_default_generators/cmake)
[0.343s] -- Using all available rosidl_typesupport_c: rosidl_typesupport_fastrtps_c;rosidl_typesupport_introspection_c
[0.348s] -- Found rosidl_adapter: 3.1.6 (/opt/ros/humble/share/rosidl_adapter/cmake)
[0.414s] -- Using all available rosidl_typesupport_cpp: rosidl_typesupport_fastrtps_cpp;rosidl_typesupport_introspection_cpp
[0.456s] -- Found sensor_msgs: 4.8.0 (/opt/ros/humble/share/sensor_msgs/cmake)
[1.349s] -- Found ament_cmake_ros: 0.10.0 (/opt/ros/humble/share/ament_cmake_ros/cmake)
[1.998s] -- Using all available rosidl_typesupport_c: rosidl_typesupport_fastrtps_c;rosidl_typesupport_introspection_c
[2.832s] -- Using all available rosidl_typesupport_cpp: rosidl_typesupport_fastrtps_cpp;rosidl_typesupport_introspection_cpp
[2.891s] -- Found python_cmake_module: 0.10.0 (/opt/ros/humble/share/python_cmake_module/cmake)
[2.947s] -- Using PYTHON_EXECUTABLE: /usr/bin/python3
[2.948s] -- Using PYTHON_INCLUDE_DIRS: /usr/include/python3.10
[2.948s] -- Using PYTHON_LIBRARIES: /usr/lib/aarch64-linux-gnu/libpython3.10.so
[3.277s] -- Using numpy include directory: /home/jetson/.local/lib/python3.10/site-packages/numpy/core/include
[3.323s] -- Found ament_lint_auto: 0.12.12 (/opt/ros/humble/share/ament_lint_auto/cmake)
[3.348s] -- Added test 'copyright' to check source files copyright and LICENSE
[3.352s] -- Added test 'lint_cmake' to check CMake code style
[3.354s] -- Added test 'xmllint' to check XML markup files
[3.358s] -- Found ament_cmake: 1.3.11 (/opt/ros/humble/share/ament_cmake/cmake)
[3.664s] -- Found rclcpp: 16.0.12 (/opt/ros/humble/share/rclcpp/cmake)
[3.722s] -- Found rosidl_generator_c: 3.1.6 (/opt/ros/humble/share/rosidl_generator_c/cmake)
[3.727s] -- Found rosidl_adapter: 3.1.6 (/opt/ros/humble/share/rosidl_adapter/cmake)
[3.738s] -- Found rosidl_generator_cpp: 3.1.6 (/opt/ros/humble/share/rosidl_generator_cpp/cmake)
[3.756s] -- Using all available rosidl_typesupport_c: rosidl_typesupport_fastrtps_c;rosidl_typesupport_introspection_c
[3.777s] -- Using all available rosidl_typesupport_cpp: rosidl_typesupport_fastrtps_cpp;rosidl_typesupport_introspection_cpp
[3.830s] -- Found rmw_implementation_cmake: 6.1.2 (/opt/ros/humble/share/rmw_implementation_cmake/cmake)
[3.832s] -- Found rmw_fastrtps_cpp: 6.2.7 (/opt/ros/humble/share/rmw_fastrtps_cpp/cmake)
[4.016s] -- Using RMW implementation 'rmw_fastrtps_cpp' as default
[4.096s] -- Found rclcpp_components: 16.0.12 (/opt/ros/humble/share/rclcpp_components/cmake)
[4.125s] -- Found sensor_msgs: 4.8.0 (/opt/ros/humble/share/sensor_msgs/cmake)
[4.171s] -- Found std_srvs: 4.8.0 (/opt/ros/humble/share/std_srvs/cmake)
[4.185s] -- Found tf2: 0.25.12 (/opt/ros/humble/share/tf2/cmake)
[4.190s] -- Found tf2_ros: 0.25.12 (/opt/ros/humble/share/tf2_ros/cmake)
[4.285s] -- Found tf2_sensor_msgs: 0.25.12 (/opt/ros/humble/share/tf2_sensor_msgs/cmake)
[4.293s] -- Found camera_info_manager: 3.1.11 (/opt/ros/humble/share/camera_info_manager/cmake)
[4.304s] -- Found cv_bridge: 3.2.1 (/opt/ros/humble/share/cv_bridge/cmake)
[4.343s] -- Found image_transport: 3.1.11 (/opt/ros/humble/share/image_transport/cmake)
[4.372s] -- Found image_geometry: 3.2.1 (/opt/ros/humble/share/image_geometry/cmake)
[4.375s] -- Found image_publisher: 3.0.8 (/opt/ros/humble/share/image_publisher/cmake)
[4.397s] -- Found astra_camera_msgs: 1.0.1 (/home/jetson/yahboomcar_ros2_ws/software/library_ws/install/astra_camera_msgs/share/astra_camera_msgs/cmake)
[4.595s] -- Configuring done
[4.664s] [33mCMake Warning at CMakeLists.txt:70 (add_library):
[4.665s]   Cannot generate a safe runtime search path for target
[4.665s]   yahboomcar_astra_driver because there is a cycle in the constraint graph:
[4.665s] 
[4.665s]     dir 0 is [/usr/local/cuda-12.6/lib64]
[4.665s]     dir 1 is [/opt/ros/humble/lib]
[4.665s]       dir 2 must precede it due to runtime library [libimage_transport.so]
[4.665s]     dir 2 is [/opt/ros/humble/lib/aarch64-linux-gnu]
[4.665s]     dir 3 is [/home/jetson/yahboomcar_ros2_ws/software/library_ws/install/astra_camera_msgs/lib]
[4.666s]       dir 4 must precede it due to runtime library [libastra_camera_msgs__rosidl_typesupport_introspection_c.so]
[4.666s]     dir 4 is [/home/jetson/yahboomcar_ws/src/build/yahboomcar_astra/astra_camera_msgs]
[4.666s]       dir 3 must precede it due to runtime library [libastra_camera_msgs__rosidl_typesupport_fastrtps_c.so]
[4.666s]     dir 5 is [/usr/local/lib]
[4.666s] 
[4.666s]   Some of these libraries may not be found correctly.
[4.666s] 
[4.666s] [0m
[4.684s] [33mCMake Warning at CMakeLists.txt:104 (add_executable):
[4.685s]   Cannot generate a safe runtime search path for target astra_camera_node
[4.685s]   because there is a cycle in the constraint graph:
[4.685s] 
[4.685s]     dir 0 is [/usr/local/cuda-12.6/lib64]
[4.685s]     dir 1 is [/home/jetson/yahboomcar_ws/src/build/yahboomcar_astra]
[4.685s]     dir 2 is [/usr/local/lib]
[4.685s]     dir 3 is [/home/jetson/yahboomcar_ros2_ws/software/library_ws/install/astra_camera_msgs/lib]
[4.685s]       dir 4 must precede it due to runtime library [libastra_camera_msgs__rosidl_typesupport_introspection_c.so]
[4.685s]     dir 4 is [/home/jetson/yahboomcar_ws/src/build/yahboomcar_astra/astra_camera_msgs]
[4.686s]       dir 3 must precede it due to runtime library [libastra_camera_msgs__rosidl_typesupport_fastrtps_c.so]
[4.686s]     dir 5 is [/opt/ros/humble/lib]
[4.686s]       dir 6 must precede it due to runtime library [libimage_transport.so]
[4.686s]     dir 6 is [/opt/ros/humble/lib/aarch64-linux-gnu]
[4.686s] 
[4.686s]   Some of these libraries may not be found correctly.
[4.686s] 
[4.686s] [0m
[4.762s] -- Generating done
[4.804s] -- Build files have been written to: /home/jetson/yahboomcar_ws/src/build/yahboomcar_astra
[4.846s] Invoked command in '/home/jetson/yahboomcar_ws/src/build/yahboomcar_astra' returned '0': CMAKE_PREFIX_PATH=${CMAKE_PREFIX_PATH}:/opt/ros/humble /usr/bin/cmake /home/jetson/yahboomcar_ws/src/yahboomcar_astra -DCMAKE_INSTALL_PREFIX=/home/jetson/yahboomcar_ws/src/install/yahboomcar_astra
[4.854s] Invoking command in '/home/jetson/yahboomcar_ws/src/build/yahboomcar_astra': CMAKE_PREFIX_PATH=${CMAKE_PREFIX_PATH}:/opt/ros/humble /usr/bin/cmake --build /home/jetson/yahboomcar_ws/src/build/yahboomcar_astra -- -j6 -l6
[4.953s] [  1%] [34m[1mGenerating C code for ROS interfaces[0m
[4.984s] [  1%] [32mBuilding CXX object CMakeFiles/KCFTracker_node.dir/src/KCF_Tracker_main.cpp.o[0m
[4.984s] [  2%] [32mBuilding CXX object CMakeFiles/KCFTracker_node.dir/src/KCF_Tracker.cpp.o[0m
[4.984s] [  3%] [34m[1mGenerating C++ code for ROS interfaces[0m
[5.001s] [01m[K/home/jetson/yahboomcar_ws/src/yahboomcar_astra/src/KCF_Tracker.cpp:5:10:[m[K [01;31m[Kfatal error: [m[KKCF_Tracker.h: No such file or directory
[5.001s]     5 | #include [01;31m[K"KCF_Tracker.h"[m[K
[5.001s]       |          [01;31m[K^~~~~~~~~~~~~~~[m[K
[5.002s] compilation terminated.
[5.005s] gmake[2]: *** [CMakeFiles/KCFTracker_node.dir/build.make:90: CMakeFiles/KCFTracker_node.dir/src/KCF_Tracker.cpp.o] Error 1
[5.006s] gmake[2]: *** Waiting for unfinished jobs....
[5.031s] [  3%] Built target ament_cmake_python_copy_astra_camera_msgs
[5.056s] [01m[K/home/jetson/yahboomcar_ws/src/yahboomcar_astra/src/KCF_Tracker_main.cpp:2:10:[m[K [01;31m[Kfatal error: [m[Kros/ros.h: No such file or directory
[5.056s]     2 | #include [01;31m[K<ros/ros.h>[m[K
[5.056s]       |          [01;31m[K^~~~~~~~~~~[m[K
[5.056s] compilation terminated.
[5.060s] gmake[2]: *** [CMakeFiles/KCFTracker_node.dir/build.make:76: CMakeFiles/KCFTracker_node.dir/src/KCF_Tracker_main.cpp.o] Error 1
[5.060s] gmake[1]: *** [CMakeFiles/Makefile2:235: CMakeFiles/KCFTracker_node.dir/all] Error 2
[5.060s] gmake[1]: *** Waiting for unfinished jobs....
[5.595s] running egg_info
[5.648s] creating astra_camera_msgs.egg-info
[5.649s] writing astra_camera_msgs.egg-info/PKG-INFO
[5.649s] writing dependency_links to astra_camera_msgs.egg-info/dependency_links.txt
[5.650s] writing top-level names to astra_camera_msgs.egg-info/top_level.txt
[5.650s] writing manifest file 'astra_camera_msgs.egg-info/SOURCES.txt'
[5.805s] reading manifest file 'astra_camera_msgs.egg-info/SOURCES.txt'
[5.806s] writing manifest file 'astra_camera_msgs.egg-info/SOURCES.txt'
[5.886s] [  3%] Built target ament_cmake_python_build_astra_camera_msgs_egg
[6.732s] [  4%] [32mBuilding C object astra_camera_msgs/CMakeFiles/astra_camera_msgs__rosidl_generator_c.dir/rosidl_generator_c/astra_camera_msgs/msg/detail/extrinsics__functions.c.o[0m
[6.733s] [  5%] [32mBuilding C object astra_camera_msgs/CMakeFiles/astra_camera_msgs__rosidl_generator_c.dir/rosidl_generator_c/astra_camera_msgs/msg/detail/device_info__functions.c.o[0m
[6.737s] [  5%] [32mBuilding C object astra_camera_msgs/CMakeFiles/astra_camera_msgs__rosidl_generator_c.dir/rosidl_generator_c/astra_camera_msgs/msg/detail/metadata__functions.c.o[0m
[6.746s] [  6%] [32mBuilding C object astra_camera_msgs/CMakeFiles/astra_camera_msgs__rosidl_generator_c.dir/rosidl_generator_c/astra_camera_msgs/srv/detail/get_device_info__functions.c.o[0m
[6.757s] [  7%] [32mBuilding C object astra_camera_msgs/CMakeFiles/astra_camera_msgs__rosidl_generator_c.dir/rosidl_generator_c/astra_camera_msgs/srv/detail/get_camera_info__functions.c.o[0m
[6.758s] [  7%] Built target astra_camera_msgs__cpp
[6.780s] [  8%] [32mBuilding C object astra_camera_msgs/CMakeFiles/astra_camera_msgs__rosidl_generator_c.dir/rosidl_generator_c/astra_camera_msgs/srv/detail/get_camera_params__functions.c.o[0m
[6.851s] [  9%] [32mBuilding C object astra_camera_msgs/CMakeFiles/astra_camera_msgs__rosidl_generator_c.dir/rosidl_generator_c/astra_camera_msgs/srv/detail/get_int32__functions.c.o[0m
[6.858s] [ 11%] [32mBuilding C object astra_camera_msgs/CMakeFiles/astra_camera_msgs__rosidl_generator_c.dir/rosidl_generator_c/astra_camera_msgs/srv/detail/get_string__functions.c.o[0m
[6.860s] [ 10%] [32mBuilding C object astra_camera_msgs/CMakeFiles/astra_camera_msgs__rosidl_generator_c.dir/rosidl_generator_c/astra_camera_msgs/srv/detail/set_int32__functions.c.o[0m
[6.988s] [ 12%] [32m[1mLinking C shared library libastra_camera_msgs__rosidl_generator_c.so[0m
[7.078s] [ 12%] Built target astra_camera_msgs__rosidl_generator_c
[7.081s] gmake: *** [Makefile:146: all] Error 2
[7.088s] Invoked command in '/home/jetson/yahboomcar_ws/src/build/yahboomcar_astra' returned '2': CMAKE_PREFIX_PATH=${CMAKE_PREFIX_PATH}:/opt/ros/humble /usr/bin/cmake --build /home/jetson/yahboomcar_ws/src/build/yahboomcar_astra -- -j6 -l6
